Analysis & Synthesis report for g31_YMD_Counter
Mon Mar 17 15:25:08 2014
Quartus II 64-Bit Version 9.1 Build 350 03/24/2010 Service Pack 2 SJ Full Version


---------------------
; Table of Contents ;
---------------------
  1. Legal Notice
  2. Analysis & Synthesis Summary
  3. Analysis & Synthesis Settings
  4. Parallel Compilation
  5. Analysis & Synthesis Source Files Read
  6. Analysis & Synthesis Resource Usage Summary
  7. Analysis & Synthesis Resource Utilization by Entity
  8. General Register Statistics
  9. Multiplexer Restructuring Statistics (Restructuring Performed)
 10. Analysis & Synthesis Messages



----------------
; Legal Notice ;
----------------
Copyright (C) 1991-2010 Altera Corporation
Your use of Altera Corporation's design tools, logic functions 
and other software and tools, and its AMPP partner logic 
functions, and any output files from any of the foregoing 
(including device programming or simulation files), and any 
associated documentation or information are expressly subject 
to the terms and conditions of the Altera Program License 
Subscription Agreement, Altera MegaCore Function License 
Agreement, or other applicable license agreement, including, 
without limitation, that your use is for the sole purpose of 
programming logic devices manufactured by Altera and sold by 
Altera or its authorized distributors.  Please refer to the 
applicable agreement for further details.



+------------------------------------------------------------------------------------+
; Analysis & Synthesis Summary                                                       ;
+------------------------------------+-----------------------------------------------+
; Analysis & Synthesis Status        ; Successful - Mon Mar 17 15:25:08 2014         ;
; Quartus II 64-Bit Version          ; 9.1 Build 350 03/24/2010 SP 2 SJ Full Version ;
; Revision Name                      ; g31_YMD_Counter                               ;
; Top-level Entity Name              ; g31_YMD_Counter                               ;
; Family                             ; Cyclone II                                    ;
; Total logic elements               ; 53                                            ;
;     Total combinational functions  ; 53                                            ;
;     Dedicated logic registers      ; 22                                            ;
; Total registers                    ; 22                                            ;
; Total pins                         ; 46                                            ;
; Total virtual pins                 ; 0                                             ;
; Total memory bits                  ; 0                                             ;
; Embedded Multiplier 9-bit elements ; 0                                             ;
; Total PLLs                         ; 0                                             ;
+------------------------------------+-----------------------------------------------+


+----------------------------------------------------------------------------------------------------------------------+
; Analysis & Synthesis Settings                                                                                        ;
+----------------------------------------------------------------------------+--------------------+--------------------+
; Option                                                                     ; Setting            ; Default Value      ;
+----------------------------------------------------------------------------+--------------------+--------------------+
; Device                                                                     ; EP2C20F484C7       ;                    ;
; Top-level entity name                                                      ; g31_YMD_Counter    ; g31_YMD_Counter    ;
; Family name                                                                ; Cyclone II         ; Stratix II         ;
; Use Generated Physical Constraints File                                    ; Off                ;                    ;
; Use smart compilation                                                      ; Off                ; Off                ;
; Enable parallel Assembler and TimeQuest Timing Analyzer during compilation ; On                 ; On                 ;
; Enable compact report table                                                ; Off                ; Off                ;
; Restructure Multiplexers                                                   ; Auto               ; Auto               ;
; Create Debugging Nodes for IP Cores                                        ; Off                ; Off                ;
; Preserve fewer node names                                                  ; On                 ; On                 ;
; Disable OpenCore Plus hardware evaluation                                  ; Off                ; Off                ;
; Verilog Version                                                            ; Verilog_2001       ; Verilog_2001       ;
; VHDL Version                                                               ; VHDL_1993          ; VHDL_1993          ;
; State Machine Processing                                                   ; Auto               ; Auto               ;
; Safe State Machine                                                         ; Off                ; Off                ;
; Extract Verilog State Machines                                             ; On                 ; On                 ;
; Extract VHDL State Machines                                                ; On                 ; On                 ;
; Ignore Verilog initial constructs                                          ; Off                ; Off                ;
; Iteration limit for constant Verilog loops                                 ; 5000               ; 5000               ;
; Iteration limit for non-constant Verilog loops                             ; 250                ; 250                ;
; Add Pass-Through Logic to Inferred RAMs                                    ; On                 ; On                 ;
; Parallel Synthesis                                                         ; On                 ; On                 ;
; DSP Block Balancing                                                        ; Auto               ; Auto               ;
; NOT Gate Push-Back                                                         ; On                 ; On                 ;
; Power-Up Don't Care                                                        ; On                 ; On                 ;
; Remove Redundant Logic Cells                                               ; Off                ; Off                ;
; Remove Duplicate Registers                                                 ; On                 ; On                 ;
; Ignore CARRY Buffers                                                       ; Off                ; Off                ;
; Ignore CASCADE Buffers                                                     ; Off                ; Off                ;
; Ignore GLOBAL Buffers                                                      ; Off                ; Off                ;
; Ignore ROW GLOBAL Buffers                                                  ; Off                ; Off                ;
; Ignore LCELL Buffers                                                       ; Off                ; Off                ;
; Ignore SOFT Buffers                                                        ; On                 ; On                 ;
; Limit AHDL Integers to 32 Bits                                             ; Off                ; Off                ;
; Optimization Technique                                                     ; Balanced           ; Balanced           ;
; Carry Chain Length                                                         ; 70                 ; 70                 ;
; Auto Carry Chains                                                          ; On                 ; On                 ;
; Auto Open-Drain Pins                                                       ; On                 ; On                 ;
; Perform WYSIWYG Primitive Resynthesis                                      ; Off                ; Off                ;
; Auto ROM Replacement                                                       ; On                 ; On                 ;
; Auto RAM Replacement                                                       ; On                 ; On                 ;
; Auto Shift Register Replacement                                            ; Auto               ; Auto               ;
; Auto Clock Enable Replacement                                              ; On                 ; On                 ;
; Strict RAM Replacement                                                     ; Off                ; Off                ;
; Allow Synchronous Control Signals                                          ; On                 ; On                 ;
; Force Use of Synchronous Clear Signals                                     ; Off                ; Off                ;
; Auto RAM to Logic Cell Conversion                                          ; Off                ; Off                ;
; Auto Resource Sharing                                                      ; Off                ; Off                ;
; Allow Any RAM Size For Recognition                                         ; Off                ; Off                ;
; Allow Any ROM Size For Recognition                                         ; Off                ; Off                ;
; Allow Any Shift Register Size For Recognition                              ; Off                ; Off                ;
; Use LogicLock Constraints during Resource Balancing                        ; On                 ; On                 ;
; Ignore translate_off and synthesis_off directives                          ; Off                ; Off                ;
; Timing-Driven Synthesis                                                    ; Off                ; Off                ;
; Show Parameter Settings Tables in Synthesis Report                         ; On                 ; On                 ;
; Ignore Maximum Fan-Out Assignments                                         ; Off                ; Off                ;
; Synchronization Register Chain Length                                      ; 2                  ; 2                  ;
; PowerPlay Power Optimization                                               ; Normal compilation ; Normal compilation ;
; HDL message level                                                          ; Level2             ; Level2             ;
; Suppress Register Optimization Related Messages                            ; Off                ; Off                ;
; Number of Removed Registers Reported in Synthesis Report                   ; 5000               ; 5000               ;
; Number of Inverted Registers Reported in Synthesis Report                  ; 100                ; 100                ;
; Clock MUX Protection                                                       ; On                 ; On                 ;
; Auto Gated Clock Conversion                                                ; Off                ; Off                ;
; Block Design Naming                                                        ; Auto               ; Auto               ;
; SDC constraint protection                                                  ; Off                ; Off                ;
; Synthesis Effort                                                           ; Auto               ; Auto               ;
; Shift Register Replacement - Allow Asynchronous Clear Signal               ; On                 ; On                 ;
; Analysis & Synthesis Message Level                                         ; Medium             ; Medium             ;
; Disable Register Merging Across Hierarchies                                ; Auto               ; Auto               ;
; Resource Aware Inference For Block RAM                                     ; On                 ; On                 ;
+----------------------------------------------------------------------------+--------------------+--------------------+


+------------------------------------------+
; Parallel Compilation                     ;
+----------------------------+-------------+
; Processors                 ; Number      ;
+----------------------------+-------------+
; Number detected on machine ; 4           ;
; Maximum allowed            ; 4           ;
;                            ;             ;
; Average used               ; 1.00        ;
; Maximum used               ; 1           ;
;                            ;             ;
; Usage by Processor         ; % Time Used ;
;     1 processor            ; 100.0%      ;
;     2-4 processors         ;   0.0%      ;
+----------------------------+-------------+


+-----------------------------------------------------------------------------------------------------------------+
; Analysis & Synthesis Source Files Read                                                                          ;
+----------------------------------+-----------------+-----------------+------------------------------------------+
; File Name with User-Entered Path ; Used in Netlist ; File Type       ; File Name with Absolute Path             ;
+----------------------------------+-----------------+-----------------+------------------------------------------+
; g31_YMD_Counter.vhd              ; yes             ; User VHDL File  ; C:/altera/g31/Lab4.1/g31_YMD_Counter.vhd ;
; g31_Day_Block.vhd                ; yes             ; User VHDL File  ; C:/altera/g31/Lab4.1/g31_Day_Block.vhd   ;
; g31_Month_Block.vhd              ; yes             ; User VHDL File  ; C:/altera/g31/Lab4.1/g31_Month_Block.vhd ;
; g31_Year_Block.vhd               ; yes             ; User VHDL File  ; C:/altera/g31/Lab4.1/g31_Year_Block.vhd  ;
+----------------------------------+-----------------+-----------------+------------------------------------------+


+-----------------------------------------------------+
; Analysis & Synthesis Resource Usage Summary         ;
+---------------------------------------------+-------+
; Resource                                    ; Usage ;
+---------------------------------------------+-------+
; Estimated Total logic elements              ; 53    ;
;                                             ;       ;
; Total combinational functions               ; 53    ;
; Logic element usage by number of LUT inputs ;       ;
;     -- 4 input functions                    ; 24    ;
;     -- 3 input functions                    ; 8     ;
;     -- <=2 input functions                  ; 21    ;
;                                             ;       ;
; Logic elements by mode                      ;       ;
;     -- normal mode                          ; 37    ;
;     -- arithmetic mode                      ; 16    ;
;                                             ;       ;
; Total registers                             ; 22    ;
;     -- Dedicated logic registers            ; 22    ;
;     -- I/O registers                        ; 0     ;
;                                             ;       ;
; I/O pins                                    ; 46    ;
; Maximum fan-out node                        ; clock ;
; Maximum fan-out                             ; 22    ;
; Total fan-out                               ; 275   ;
; Average fan-out                             ; 2.27  ;
+---------------------------------------------+-------+


+------------------------------------------------------------------------------------------------------------------------------------------------------------------------------------------------------------+
; Analysis & Synthesis Resource Utilization by Entity                                                                                                                                                        ;
+----------------------------------+-------------------+--------------+-------------+--------------+---------+-----------+------+--------------+----------------------------------------------+--------------+
; Compilation Hierarchy Node       ; LC Combinationals ; LC Registers ; Memory Bits ; DSP Elements ; DSP 9x9 ; DSP 18x18 ; Pins ; Virtual Pins ; Full Hierarchy Name                          ; Library Name ;
+----------------------------------+-------------------+--------------+-------------+--------------+---------+-----------+------+--------------+----------------------------------------------+--------------+
; |g31_YMD_Counter                 ; 53 (0)            ; 22 (0)       ; 0           ; 0            ; 0       ; 0         ; 46   ; 0            ; |g31_YMD_Counter                             ; work         ;
;    |g31_Day_Block:day_block|     ; 25 (25)           ; 6 (6)        ; 0           ; 0            ; 0       ; 0         ; 0    ; 0            ; |g31_YMD_Counter|g31_Day_Block:day_block     ;              ;
;    |g31_Month_Block:month_block| ; 13 (13)           ; 4 (4)        ; 0           ; 0            ; 0       ; 0         ; 0    ; 0            ; |g31_YMD_Counter|g31_Month_Block:month_block ;              ;
;    |g31_Year_Block:year_block|   ; 15 (15)           ; 12 (12)      ; 0           ; 0            ; 0       ; 0         ; 0    ; 0            ; |g31_YMD_Counter|g31_Year_Block:year_block   ;              ;
+----------------------------------+-------------------+--------------+-------------+--------------+---------+-----------+------+--------------+----------------------------------------------+--------------+
Note: For table entries with two numbers listed, the numbers in parentheses indicate the number of resources of the given type used by the specific entity alone. The numbers listed outside of parentheses indicate the total resources of the given type used by the specific entity and all of its sub-entities in the hierarchy.


+------------------------------------------------------+
; General Register Statistics                          ;
+----------------------------------------------+-------+
; Statistic                                    ; Value ;
+----------------------------------------------+-------+
; Total registers                              ; 22    ;
; Number of registers using Synchronous Clear  ; 12    ;
; Number of registers using Synchronous Load   ; 12    ;
; Number of registers using Asynchronous Clear ; 0     ;
; Number of registers using Asynchronous Load  ; 0     ;
; Number of registers using Clock Enable       ; 14    ;
; Number of registers using Preset             ; 0     ;
+----------------------------------------------+-------+


+--------------------------------------------------------------------------------------------------------------------------------------------------------------------------+
; Multiplexer Restructuring Statistics (Restructuring Performed)                                                                                                           ;
+--------------------+-----------+---------------+----------------------+------------------------+------------+------------------------------------------------------------+
; Multiplexer Inputs ; Bus Width ; Baseline Area ; Area if Restructured ; Saving if Restructured ; Registered ; Example Multiplexer Output                                 ;
+--------------------+-----------+---------------+----------------------+------------------------+------------+------------------------------------------------------------+
; 4:1                ; 5 bits    ; 10 LEs        ; 10 LEs               ; 0 LEs                  ; Yes        ; |g31_YMD_Counter|g31_Day_Block:day_block|days_out[0]       ;
; 4:1                ; 4 bits    ; 8 LEs         ; 8 LEs                ; 0 LEs                  ; Yes        ; |g31_YMD_Counter|g31_Month_Block:month_block|months_out[0] ;
; 4:1                ; 12 bits   ; 24 LEs        ; 24 LEs               ; 0 LEs                  ; Yes        ; |g31_YMD_Counter|g31_Year_Block:year_block|years_out[0]    ;
+--------------------+-----------+---------------+----------------------+------------------------+------------+------------------------------------------------------------+


+-------------------------------+
; Analysis & Synthesis Messages ;
+-------------------------------+
Info: *******************************************************************
Info: Running Quartus II 64-Bit Analysis & Synthesis
    Info: Version 9.1 Build 350 03/24/2010 Service Pack 2 SJ Full Version
    Info: Processing started: Mon Mar 17 15:25:07 2014
Info: Command: quartus_map --read_settings_files=on --write_settings_files=off g31_YMD_Counter -c g31_YMD_Counter
Info: Parallel compilation is enabled and will use 4 of the 4 processors detected
Info: Found 2 design units, including 1 entities, in source file g31_ymd_counter.vhd
    Info: Found design unit 1: g31_YMD_Counter-behaviour
    Info: Found entity 1: g31_YMD_Counter
Info: Found 2 design units, including 1 entities, in source file g31_day_block.vhd
    Info: Found design unit 1: g31_Day_Block-behaviour
    Info: Found entity 1: g31_Day_Block
Info: Found 2 design units, including 1 entities, in source file g31_month_block.vhd
    Info: Found design unit 1: g31_Month_Block-behaviour
    Info: Found entity 1: g31_Month_Block
Info: Found 2 design units, including 1 entities, in source file g31_year_block.vhd
    Info: Found design unit 1: g31_Year_Block-behaviour
    Info: Found entity 1: g31_Year_Block
Info: Found 1 design units, including 1 entities, in source file g31_ymd_counter_testbed_circuit.bdf
    Info: Found entity 1: g31_YMD_counter_testbed_circuit
Info: Found 1 design units, including 1 entities, in source file g31_ymd_counter_circuit.bdf
    Info: Found entity 1: g31_YMD_counter_circuit
Info: Found 1 design units, including 1 entities, in source file g31_year_counter.bdf
    Info: Found entity 1: g31_year_counter
Info: Found 1 design units, including 1 entities, in source file g31_month_counter.bdf
    Info: Found entity 1: g31_month_counter
Info: Found 1 design units, including 1 entities, in source file g31_day_counter.bdf
    Info: Found entity 1: g31_day_counter
Info: Found 2 design units, including 1 entities, in source file g31_ymd_counter_testbed.vhd
    Info: Found design unit 1: g31_YMD_Counter_Testbed-behavior
    Info: Found entity 1: g31_YMD_Counter_Testbed
Info: Found 2 design units, including 1 entities, in source file g31_basic_timer.vhd
    Info: Found design unit 1: g31_basic_timer-a
    Info: Found entity 1: g31_basic_timer
Info: Found 2 design units, including 1 entities, in source file g31_binary_to_seven_segment.vhd
    Info: Found design unit 1: g31_binary_to_seven_segment-a
    Info: Found entity 1: g31_binary_to_seven_segment
Info: Found 2 design units, including 1 entities, in source file g31_seven_segment_decoder.vhd
    Info: Found design unit 1: g31_seven_segment_decoder-a
    Info: Found entity 1: g31_seven_segment_decoder
Info: Found 2 design units, including 1 entities, in source file g31_binary_to_bcd.vhd
    Info: Found design unit 1: g31_binary_to_BCD-a
    Info: Found entity 1: g31_binary_to_BCD
Info: Elaborating entity "g31_YMD_Counter" for the top level hierarchy
Info: Elaborating entity "g31_Day_Block" for hierarchy "g31_Day_Block:day_block"
Info: Elaborating entity "g31_Month_Block" for hierarchy "g31_Month_Block:month_block"
Info: Elaborating entity "g31_Year_Block" for hierarchy "g31_Year_Block:year_block"
Info: Implemented 99 device resources after synthesis - the final resource count might be different
    Info: Implemented 25 input pins
    Info: Implemented 21 output pins
    Info: Implemented 53 logic cells
Info: Quartus II 64-Bit Analysis & Synthesis was successful. 0 errors, 0 warnings
    Info: Peak virtual memory: 305 megabytes
    Info: Processing ended: Mon Mar 17 15:25:08 2014
    Info: Elapsed time: 00:00:01
    Info: Total CPU time (on all processors): 00:00:01


