Flow report for g31_lab3-2
Tue Feb 25 18:34:25 2014
Quartus II 64-Bit Version 9.1 Build 350 03/24/2010 Service Pack 2 SJ Full Version


---------------------
; Table of Contents ;
---------------------
  1. Legal Notice
  2. Flow Summary
  3. Flow Settings
  4. Flow Non-Default Global Settings
  5. Flow Elapsed Time
  6. Flow OS Summary
  7. Flow Log



----------------
; Legal Notice ;
----------------
Copyright (C) 1991-2010 Altera Corporation
Your use of Altera Corporation's design tools, logic functions 
and other software and tools, and its AMPP partner logic 
functions, and any output files from any of the foregoing 
(including device programming or simulation files), and any 
associated documentation or information are expressly subject 
to the terms and conditions of the Altera Program License 
Subscription Agreement, Altera MegaCore Function License 
Agreement, or other applicable license agreement, including, 
without limitation, that your use is for the sole purpose of 
programming logic devices manufactured by Altera and sold by 
Altera or its authorized distributors.  Please refer to the 
applicable agreement for further details.



+------------------------------------------------------------------------------------+
; Flow Summary                                                                       ;
+------------------------------------+-----------------------------------------------+
; Flow Status                        ; Successful - Tue Feb 25 18:34:25 2014         ;
; Quartus II 64-Bit Version          ; 9.1 Build 350 03/24/2010 SP 2 SJ Full Version ;
; Revision Name                      ; g31_lab3-2                                    ;
; Top-level Entity Name              ; g31_HMS_Full                                  ;
; Family                             ; Cyclone II                                    ;
; Device                             ; EP2C20F484C7                                  ;
; Timing Models                      ; Final                                         ;
; Met timing requirements            ; Yes                                           ;
; Total logic elements               ; 1,134 / 18,752 ( 6 % )                        ;
;     Total combinational functions  ; 653 / 18,752 ( 3 % )                          ;
;     Dedicated logic registers      ; 947 / 18,752 ( 5 % )                          ;
; Total registers                    ; 947                                           ;
; Total pins                         ; 57 / 315 ( 18 % )                             ;
; Total virtual pins                 ; 0                                             ;
; Total memory bits                  ; 163,840 / 239,616 ( 68 % )                    ;
; Embedded Multiplier 9-bit elements ; 0 / 52 ( 0 % )                                ;
; Total PLLs                         ; 0 / 4 ( 0 % )                                 ;
+------------------------------------+-----------------------------------------------+


+-----------------------------------------+
; Flow Settings                           ;
+-------------------+---------------------+
; Option            ; Setting             ;
+-------------------+---------------------+
; Start date & time ; 02/25/2014 18:34:03 ;
; Main task         ; Compilation         ;
; Revision Name     ; g31_lab3-2          ;
+-------------------+---------------------+


+--------------------------------------------------------------------------------------------------------------------------------------------------------------------------------------------------------------------------------------------------------------+
; Flow Non-Default Global Settings                                                                                                                                                                                                                             ;
+------------------------------------+-----------------------------------------------------------------------------------------------------------------------------------------------------------------------+---------------+--------------+------------------+
; Assignment Name                    ; Value                                                                                                                                                                 ; Default Value ; Entity Name  ; Section Id       ;
+------------------------------------+-----------------------------------------------------------------------------------------------------------------------------------------------------------------------+---------------+--------------+------------------+
; COMPILER_SIGNATURE_ID              ; 132129496014606.139337124304320                                                                                                                                       ; --            ; --           ; --               ;
; ENABLE_SIGNALTAP                   ; On                                                                                                                                                                    ; --            ; --           ; --               ;
; MAX_CORE_JUNCTION_TEMP             ; 85                                                                                                                                                                    ; --            ; --           ; --               ;
; MIN_CORE_JUNCTION_TEMP             ; 0                                                                                                                                                                     ; --            ; --           ; --               ;
; MISC_FILE                          ; C:/altera/Lab3.2/g31_lab3-2.dpf                                                                                                                                       ; --            ; --           ; --               ;
; PARTITION_COLOR                    ; 16764057                                                                                                                                                              ; --            ; g31_HMS_full ; Top              ;
; PARTITION_NETLIST_TYPE             ; SOURCE                                                                                                                                                                ; --            ; g31_HMS_full ; Top              ;
; SLD_NODE_CREATOR_ID                ; 110                                                                                                                                                                   ; --            ; --           ; auto_signaltap_0 ;
; SLD_NODE_ENTITY_NAME               ; sld_signaltap                                                                                                                                                         ; --            ; --           ; auto_signaltap_0 ;
; SLD_NODE_PARAMETER_ASSIGNMENT      ; SLD_DATA_BITS=40                                                                                                                                                      ; --            ; --           ; auto_signaltap_0 ;
; SLD_NODE_PARAMETER_ASSIGNMENT      ; SLD_TRIGGER_BITS=40                                                                                                                                                   ; --            ; --           ; auto_signaltap_0 ;
; SLD_NODE_PARAMETER_ASSIGNMENT      ; SLD_NODE_INFO=805334528                                                                                                                                               ; --            ; --           ; auto_signaltap_0 ;
; SLD_NODE_PARAMETER_ASSIGNMENT      ; SLD_POWER_UP_TRIGGER=0                                                                                                                                                ; --            ; --           ; auto_signaltap_0 ;
; SLD_NODE_PARAMETER_ASSIGNMENT      ; SLD_STORAGE_QUALIFIER_INVERSION_MASK_LENGTH=0                                                                                                                         ; --            ; --           ; auto_signaltap_0 ;
; SLD_NODE_PARAMETER_ASSIGNMENT      ; SLD_ATTRIBUTE_MEM_MODE=OFF                                                                                                                                            ; --            ; --           ; auto_signaltap_0 ;
; SLD_NODE_PARAMETER_ASSIGNMENT      ; SLD_STATE_FLOW_USE_GENERATED=0                                                                                                                                        ; --            ; --           ; auto_signaltap_0 ;
; SLD_NODE_PARAMETER_ASSIGNMENT      ; SLD_STATE_BITS=11                                                                                                                                                     ; --            ; --           ; auto_signaltap_0 ;
; SLD_NODE_PARAMETER_ASSIGNMENT      ; SLD_BUFFER_FULL_STOP=1                                                                                                                                                ; --            ; --           ; auto_signaltap_0 ;
; SLD_NODE_PARAMETER_ASSIGNMENT      ; SLD_CURRENT_RESOURCE_WIDTH=1                                                                                                                                          ; --            ; --           ; auto_signaltap_0 ;
; SLD_NODE_PARAMETER_ASSIGNMENT      ; SLD_TRIGGER_LEVEL=1                                                                                                                                                   ; --            ; --           ; auto_signaltap_0 ;
; SLD_NODE_PARAMETER_ASSIGNMENT      ; SLD_TRIGGER_IN_ENABLED=0                                                                                                                                              ; --            ; --           ; auto_signaltap_0 ;
; SLD_NODE_PARAMETER_ASSIGNMENT      ; SLD_ADVANCED_TRIGGER_ENTITY=basic,1,                                                                                                                                  ; --            ; --           ; auto_signaltap_0 ;
; SLD_NODE_PARAMETER_ASSIGNMENT      ; SLD_TRIGGER_LEVEL_PIPELINE=1                                                                                                                                          ; --            ; --           ; auto_signaltap_0 ;
; SLD_NODE_PARAMETER_ASSIGNMENT      ; SLD_ENABLE_ADVANCED_TRIGGER=0                                                                                                                                         ; --            ; --           ; auto_signaltap_0 ;
; SLD_NODE_PARAMETER_ASSIGNMENT      ; SLD_NODE_CRC_LOWORD=58114                                                                                                                                             ; --            ; --           ; auto_signaltap_0 ;
; SLD_NODE_PARAMETER_ASSIGNMENT      ; SLD_INVERSION_MASK=00000000000000000000000000000000000000000000000000000000000000000000000000000000000000000000000000000000000000000000000000000000000000000000000000 ; --            ; --           ; auto_signaltap_0 ;
; SLD_NODE_PARAMETER_ASSIGNMENT      ; SLD_INVERSION_MASK_LENGTH=146                                                                                                                                         ; --            ; --           ; auto_signaltap_0 ;
; SLD_NODE_PARAMETER_ASSIGNMENT      ; SLD_SEGMENT_SIZE=4096                                                                                                                                                 ; --            ; --           ; auto_signaltap_0 ;
; SLD_NODE_PARAMETER_ASSIGNMENT      ; SLD_SAMPLE_DEPTH=4096                                                                                                                                                 ; --            ; --           ; auto_signaltap_0 ;
; SLD_NODE_PARAMETER_ASSIGNMENT      ; SLD_NODE_CRC_HIWORD=64593                                                                                                                                             ; --            ; --           ; auto_signaltap_0 ;
; TOP_LEVEL_ENTITY                   ; g31_HMS_full                                                                                                                                                          ; g31_lab3-2    ; --           ; --               ;
; USE_GENERATED_PHYSICAL_CONSTRAINTS ; Off                                                                                                                                                                   ; --            ; --           ; eda_blast_fpga   ;
; USE_SIGNALTAP_FILE                 ; g31_HMS_Signal_Tap.stp                                                                                                                                                ; --            ; --           ; --               ;
+------------------------------------+-----------------------------------------------------------------------------------------------------------------------------------------------------------------------+---------------+--------------+------------------+


+-----------------------------------------------------------------------------------------------------------------------------+
; Flow Elapsed Time                                                                                                           ;
+-------------------------+--------------+-------------------------+---------------------+------------------------------------+
; Module Name             ; Elapsed Time ; Average Processors Used ; Peak Virtual Memory ; Total CPU Time (on all processors) ;
+-------------------------+--------------+-------------------------+---------------------+------------------------------------+
; Analysis & Synthesis    ; 00:00:07     ; 1.0                     ; 344 MB              ; 00:00:05                           ;
; Fitter                  ; 00:00:08     ; 1.0                     ; 365 MB              ; 00:00:06                           ;
; Assembler               ; 00:00:03     ; 1.0                     ; 271 MB              ; 00:00:01                           ;
; Classic Timing Analyzer ; 00:00:03     ; 1.0                     ; 211 MB              ; 00:00:00                           ;
; Total                   ; 00:00:21     ; --                      ; --                  ; 00:00:12                           ;
+-------------------------+--------------+-------------------------+---------------------+------------------------------------+


+------------------------------------------------------------------------------------------+
; Flow OS Summary                                                                          ;
+-------------------------+------------------+---------------+------------+----------------+
; Module Name             ; Machine Hostname ; OS Name       ; OS Version ; Processor type ;
+-------------------------+------------------+---------------+------------+----------------+
; Analysis & Synthesis    ; 156TR4060DS-04   ; Windows Vista ; 6.1        ; x86_64         ;
; Fitter                  ; 156TR4060DS-04   ; Windows Vista ; 6.1        ; x86_64         ;
; Assembler               ; 156TR4060DS-04   ; Windows Vista ; 6.1        ; x86_64         ;
; Classic Timing Analyzer ; 156TR4060DS-04   ; Windows Vista ; 6.1        ; x86_64         ;
+-------------------------+------------------+---------------+------------+----------------+


------------
; Flow Log ;
------------
quartus_map --read_settings_files=on --write_settings_files=off g31_lab3-2 -c g31_lab3-2
quartus_fit --read_settings_files=off --write_settings_files=off g31_lab3-2 -c g31_lab3-2
quartus_asm --read_settings_files=off --write_settings_files=off g31_lab3-2 -c g31_lab3-2
quartus_tan --read_settings_files=off --write_settings_files=off g31_lab3-2 -c g31_lab3-2 --timing_analysis_only



