Analysis & Synthesis report for lab4-3
Tue Mar 25 10:25:42 2014
Quartus II 64-Bit Version 9.1 Build 350 03/24/2010 Service Pack 2 SJ Full Version


---------------------
; Table of Contents ;
---------------------
  1. Legal Notice
  2. Analysis & Synthesis Summary
  3. Analysis & Synthesis Settings
  4. Parallel Compilation
  5. Analysis & Synthesis Source Files Read
  6. Analysis & Synthesis Resource Usage Summary
  7. Analysis & Synthesis Resource Utilization by Entity
  8. Analysis & Synthesis DSP Block Usage Summary
  9. General Register Statistics
 10. Parameter Settings for User Entity Instance: LPM_MULT:conversionMult
 11. Parameter Settings for User Entity Instance: LPM_MULT:hourMult
 12. Parameter Settings for User Entity Instance: LPM_MULT:minuteMult
 13. Parameter Settings for User Entity Instance: LPM_MULT:secondMult
 14. lpm_mult Parameter Settings by Entity Instance
 15. Analysis & Synthesis Messages



----------------
; Legal Notice ;
----------------
Copyright (C) 1991-2010 Altera Corporation
Your use of Altera Corporation's design tools, logic functions 
and other software and tools, and its AMPP partner logic 
functions, and any output files from any of the foregoing 
(including device programming or simulation files), and any 
associated documentation or information are expressly subject 
to the terms and conditions of the Altera Program License 
Subscription Agreement, Altera MegaCore Function License 
Agreement, or other applicable license agreement, including, 
without limitation, that your use is for the sole purpose of 
programming logic devices manufactured by Altera and sold by 
Altera or its authorized distributors.  Please refer to the 
applicable agreement for further details.



+------------------------------------------------------------------------------------+
; Analysis & Synthesis Summary                                                       ;
+------------------------------------+-----------------------------------------------+
; Analysis & Synthesis Status        ; Successful - Tue Mar 25 10:25:42 2014         ;
; Quartus II 64-Bit Version          ; 9.1 Build 350 03/24/2010 SP 2 SJ Full Version ;
; Revision Name                      ; lab4-3                                        ;
; Top-level Entity Name              ; g31_mars_converter                            ;
; Family                             ; Cyclone II                                    ;
; Total logic elements               ; 71                                            ;
;     Total combinational functions  ; 71                                            ;
;     Dedicated logic registers      ; 0                                             ;
; Total registers                    ; 0                                             ;
; Total pins                         ; 123                                           ;
; Total virtual pins                 ; 0                                             ;
; Total memory bits                  ; 0                                             ;
; Embedded Multiplier 9-bit elements ; 10                                            ;
; Total PLLs                         ; 0                                             ;
+------------------------------------+-----------------------------------------------+


+----------------------------------------------------------------------------------------------------------------------+
; Analysis & Synthesis Settings                                                                                        ;
+----------------------------------------------------------------------------+--------------------+--------------------+
; Option                                                                     ; Setting            ; Default Value      ;
+----------------------------------------------------------------------------+--------------------+--------------------+
; Device                                                                     ; EP2C20F484C7       ;                    ;
; Top-level entity name                                                      ; g31_mars_converter ; lab4-3             ;
; Family name                                                                ; Cyclone II         ; Stratix II         ;
; Use Generated Physical Constraints File                                    ; Off                ;                    ;
; Use smart compilation                                                      ; Off                ; Off                ;
; Enable parallel Assembler and TimeQuest Timing Analyzer during compilation ; On                 ; On                 ;
; Enable compact report table                                                ; Off                ; Off                ;
; Restructure Multiplexers                                                   ; Auto               ; Auto               ;
; Create Debugging Nodes for IP Cores                                        ; Off                ; Off                ;
; Preserve fewer node names                                                  ; On                 ; On                 ;
; Disable OpenCore Plus hardware evaluation                                  ; Off                ; Off                ;
; Verilog Version                                                            ; Verilog_2001       ; Verilog_2001       ;
; VHDL Version                                                               ; VHDL_1993          ; VHDL_1993          ;
; State Machine Processing                                                   ; Auto               ; Auto               ;
; Safe State Machine                                                         ; Off                ; Off                ;
; Extract Verilog State Machines                                             ; On                 ; On                 ;
; Extract VHDL State Machines                                                ; On                 ; On                 ;
; Ignore Verilog initial constructs                                          ; Off                ; Off                ;
; Iteration limit for constant Verilog loops                                 ; 5000               ; 5000               ;
; Iteration limit for non-constant Verilog loops                             ; 250                ; 250                ;
; Add Pass-Through Logic to Inferred RAMs                                    ; On                 ; On                 ;
; Parallel Synthesis                                                         ; On                 ; On                 ;
; DSP Block Balancing                                                        ; Auto               ; Auto               ;
; NOT Gate Push-Back                                                         ; On                 ; On                 ;
; Power-Up Don't Care                                                        ; On                 ; On                 ;
; Remove Redundant Logic Cells                                               ; Off                ; Off                ;
; Remove Duplicate Registers                                                 ; On                 ; On                 ;
; Ignore CARRY Buffers                                                       ; Off                ; Off                ;
; Ignore CASCADE Buffers                                                     ; Off                ; Off                ;
; Ignore GLOBAL Buffers                                                      ; Off                ; Off                ;
; Ignore ROW GLOBAL Buffers                                                  ; Off                ; Off                ;
; Ignore LCELL Buffers                                                       ; Off                ; Off                ;
; Ignore SOFT Buffers                                                        ; On                 ; On                 ;
; Limit AHDL Integers to 32 Bits                                             ; Off                ; Off                ;
; Optimization Technique                                                     ; Balanced           ; Balanced           ;
; Carry Chain Length                                                         ; 70                 ; 70                 ;
; Auto Carry Chains                                                          ; On                 ; On                 ;
; Auto Open-Drain Pins                                                       ; On                 ; On                 ;
; Perform WYSIWYG Primitive Resynthesis                                      ; Off                ; Off                ;
; Auto ROM Replacement                                                       ; On                 ; On                 ;
; Auto RAM Replacement                                                       ; On                 ; On                 ;
; Auto Shift Register Replacement                                            ; Auto               ; Auto               ;
; Auto Clock Enable Replacement                                              ; On                 ; On                 ;
; Strict RAM Replacement                                                     ; Off                ; Off                ;
; Allow Synchronous Control Signals                                          ; On                 ; On                 ;
; Force Use of Synchronous Clear Signals                                     ; Off                ; Off                ;
; Auto RAM to Logic Cell Conversion                                          ; Off                ; Off                ;
; Auto Resource Sharing                                                      ; Off                ; Off                ;
; Allow Any RAM Size For Recognition                                         ; Off                ; Off                ;
; Allow Any ROM Size For Recognition                                         ; Off                ; Off                ;
; Allow Any Shift Register Size For Recognition                              ; Off                ; Off                ;
; Use LogicLock Constraints during Resource Balancing                        ; On                 ; On                 ;
; Ignore translate_off and synthesis_off directives                          ; Off                ; Off                ;
; Timing-Driven Synthesis                                                    ; Off                ; Off                ;
; Show Parameter Settings Tables in Synthesis Report                         ; On                 ; On                 ;
; Ignore Maximum Fan-Out Assignments                                         ; Off                ; Off                ;
; Synchronization Register Chain Length                                      ; 2                  ; 2                  ;
; PowerPlay Power Optimization                                               ; Normal compilation ; Normal compilation ;
; HDL message level                                                          ; Level2             ; Level2             ;
; Suppress Register Optimization Related Messages                            ; Off                ; Off                ;
; Number of Removed Registers Reported in Synthesis Report                   ; 5000               ; 5000               ;
; Number of Inverted Registers Reported in Synthesis Report                  ; 100                ; 100                ;
; Clock MUX Protection                                                       ; On                 ; On                 ;
; Auto Gated Clock Conversion                                                ; Off                ; Off                ;
; Block Design Naming                                                        ; Auto               ; Auto               ;
; SDC constraint protection                                                  ; Off                ; Off                ;
; Synthesis Effort                                                           ; Auto               ; Auto               ;
; Shift Register Replacement - Allow Asynchronous Clear Signal               ; On                 ; On                 ;
; Analysis & Synthesis Message Level                                         ; Medium             ; Medium             ;
; Disable Register Merging Across Hierarchies                                ; Auto               ; Auto               ;
; Resource Aware Inference For Block RAM                                     ; On                 ; On                 ;
+----------------------------------------------------------------------------+--------------------+--------------------+


+------------------------------------------+
; Parallel Compilation                     ;
+----------------------------+-------------+
; Processors                 ; Number      ;
+----------------------------+-------------+
; Number detected on machine ; 4           ;
; Maximum allowed            ; 4           ;
;                            ;             ;
; Average used               ; 1.00        ;
; Maximum used               ; 1           ;
;                            ;             ;
; Usage by Processor         ; % Time Used ;
;     1 processor            ; 100.0%      ;
;     2-4 processors         ;   0.0%      ;
+----------------------------+-------------+


+--------------------------------------------------------------------------------------------------------------------------------------------------+
; Analysis & Synthesis Source Files Read                                                                                                           ;
+----------------------------------+-----------------+------------------------------+--------------------------------------------------------------+
; File Name with User-Entered Path ; Used in Netlist ; File Type                    ; File Name with Absolute Path                                 ;
+----------------------------------+-----------------+------------------------------+--------------------------------------------------------------+
; g31_mars_converter.vhd           ; yes             ; User VHDL File               ; C:/altera/g31/Lab4.3/g31_mars_converter.vhd                  ;
; lpm_mult.tdf                     ; yes             ; Megafunction                 ; c:/altera/91sp2/quartus/libraries/megafunctions/lpm_mult.tdf ;
; db/mult_qao.tdf                  ; yes             ; Auto-Generated Megafunction  ; C:/altera/g31/Lab4.3/db/mult_qao.tdf                         ;
; db/mult_29o.tdf                  ; yes             ; Auto-Generated Megafunction  ; C:/altera/g31/Lab4.3/db/mult_29o.tdf                         ;
; db/mult_59o.tdf                  ; yes             ; Auto-Generated Megafunction  ; C:/altera/g31/Lab4.3/db/mult_59o.tdf                         ;
+----------------------------------+-----------------+------------------------------+--------------------------------------------------------------+


+--------------------------------------------------------------------------------------------------------+
; Analysis & Synthesis Resource Usage Summary                                                            ;
+---------------------------------------------+----------------------------------------------------------+
; Resource                                    ; Usage                                                    ;
+---------------------------------------------+----------------------------------------------------------+
; Estimated Total logic elements              ; 71                                                       ;
;                                             ;                                                          ;
; Total combinational functions               ; 71                                                       ;
; Logic element usage by number of LUT inputs ;                                                          ;
;     -- 4 input functions                    ; 0                                                        ;
;     -- 3 input functions                    ; 17                                                       ;
;     -- <=2 input functions                  ; 54                                                       ;
;                                             ;                                                          ;
; Logic elements by mode                      ;                                                          ;
;     -- normal mode                          ; 3                                                        ;
;     -- arithmetic mode                      ; 68                                                       ;
;                                             ;                                                          ;
; Total registers                             ; 0                                                        ;
;     -- Dedicated logic registers            ; 0                                                        ;
;     -- I/O registers                        ; 0                                                        ;
;                                             ;                                                          ;
; I/O pins                                    ; 123                                                      ;
; Embedded Multiplier 9-bit elements          ; 10                                                       ;
; Maximum fan-out node                        ; lpm_mult:conversionMult|mult_qao:auto_generated|w231w[0] ;
; Maximum fan-out                             ; 34                                                       ;
; Total fan-out                               ; 306                                                      ;
; Average fan-out                             ; 1.50                                                     ;
+---------------------------------------------+----------------------------------------------------------+


+----------------------------------------------------------------------------------------------------------------------------------------------------------------------------------------------------------------------------------+
; Analysis & Synthesis Resource Utilization by Entity                                                                                                                                                                              ;
+---------------------------------+-------------------+--------------+-------------+--------------+---------+-----------+------+--------------+---------------------------------------------------------------------+--------------+
; Compilation Hierarchy Node      ; LC Combinationals ; LC Registers ; Memory Bits ; DSP Elements ; DSP 9x9 ; DSP 18x18 ; Pins ; Virtual Pins ; Full Hierarchy Name                                                 ; Library Name ;
+---------------------------------+-------------------+--------------+-------------+--------------+---------+-----------+------+--------------+---------------------------------------------------------------------+--------------+
; |g31_mars_converter             ; 71 (43)           ; 0 (0)        ; 0           ; 10           ; 0       ; 5         ; 123  ; 0            ; |g31_mars_converter                                                 ; work         ;
;    |lpm_mult:conversionMult|    ; 28 (0)            ; 0 (0)        ; 0           ; 4            ; 0       ; 2         ; 0    ; 0            ; |g31_mars_converter|lpm_mult:conversionMult                         ;              ;
;       |mult_qao:auto_generated| ; 28 (28)           ; 0 (0)        ; 0           ; 4            ; 0       ; 2         ; 0    ; 0            ; |g31_mars_converter|lpm_mult:conversionMult|mult_qao:auto_generated ;              ;
;    |lpm_mult:hourMult|          ; 0 (0)             ; 0 (0)        ; 0           ; 2            ; 0       ; 1         ; 0    ; 0            ; |g31_mars_converter|lpm_mult:hourMult                               ; work         ;
;       |mult_29o:auto_generated| ; 0 (0)             ; 0 (0)        ; 0           ; 2            ; 0       ; 1         ; 0    ; 0            ; |g31_mars_converter|lpm_mult:hourMult|mult_29o:auto_generated       ; work         ;
;    |lpm_mult:minuteMult|        ; 0 (0)             ; 0 (0)        ; 0           ; 2            ; 0       ; 1         ; 0    ; 0            ; |g31_mars_converter|lpm_mult:minuteMult                             ; work         ;
;       |mult_59o:auto_generated| ; 0 (0)             ; 0 (0)        ; 0           ; 2            ; 0       ; 1         ; 0    ; 0            ; |g31_mars_converter|lpm_mult:minuteMult|mult_59o:auto_generated     ; work         ;
;    |lpm_mult:secondMult|        ; 0 (0)             ; 0 (0)        ; 0           ; 2            ; 0       ; 1         ; 0    ; 0            ; |g31_mars_converter|lpm_mult:secondMult                             ; work         ;
;       |mult_59o:auto_generated| ; 0 (0)             ; 0 (0)        ; 0           ; 2            ; 0       ; 1         ; 0    ; 0            ; |g31_mars_converter|lpm_mult:secondMult|mult_59o:auto_generated     ; work         ;
+---------------------------------+-------------------+--------------+-------------+--------------+---------+-----------+------+--------------+---------------------------------------------------------------------+--------------+
Note: For table entries with two numbers listed, the numbers in parentheses indicate the number of resources of the given type used by the specific entity alone. The numbers listed outside of parentheses indicate the total resources of the given type used by the specific entity and all of its sub-entities in the hierarchy.


+-----------------------------------------------------+
; Analysis & Synthesis DSP Block Usage Summary        ;
+---------------------------------------+-------------+
; Statistic                             ; Number Used ;
+---------------------------------------+-------------+
; Simple Multipliers (9-bit)            ; 0           ;
; Simple Multipliers (18-bit)           ; 5           ;
; Embedded Multiplier Blocks            ; --          ;
; Embedded Multiplier 9-bit elements    ; 10          ;
; Signed Embedded Multipliers           ; 0           ;
; Unsigned Embedded Multipliers         ; 5           ;
; Mixed Sign Embedded Multipliers       ; 0           ;
; Variable Sign Embedded Multipliers    ; 0           ;
; Dedicated Input Shift Register Chains ; 0           ;
+---------------------------------------+-------------+
Note: number of Embedded Multiplier Blocks used is only available after a successful fit.


+------------------------------------------------------+
; General Register Statistics                          ;
+----------------------------------------------+-------+
; Statistic                                    ; Value ;
+----------------------------------------------+-------+
; Total registers                              ; 0     ;
; Number of registers using Synchronous Clear  ; 0     ;
; Number of registers using Synchronous Load   ; 0     ;
; Number of registers using Asynchronous Clear ; 0     ;
; Number of registers using Asynchronous Load  ; 0     ;
; Number of registers using Clock Enable       ; 0     ;
; Number of registers using Preset             ; 0     ;
+----------------------------------------------+-------+


+-----------------------------------------------------------------------------------+
; Parameter Settings for User Entity Instance: LPM_MULT:conversionMult              ;
+------------------------------------------------+------------+---------------------+
; Parameter Name                                 ; Value      ; Type                ;
+------------------------------------------------+------------+---------------------+
; AUTO_CARRY_CHAINS                              ; ON         ; AUTO_CARRY          ;
; IGNORE_CARRY_BUFFERS                           ; OFF        ; IGNORE_CARRY        ;
; AUTO_CASCADE_CHAINS                            ; ON         ; AUTO_CASCADE        ;
; IGNORE_CASCADE_BUFFERS                         ; OFF        ; IGNORE_CASCADE      ;
; LPM_WIDTHA                                     ; 30         ; Signed Integer      ;
; LPM_WIDTHB                                     ; 16         ; Signed Integer      ;
; LPM_WIDTHP                                     ; 46         ; Signed Integer      ;
; LPM_WIDTHR                                     ; 0          ; Untyped             ;
; LPM_WIDTHS                                     ; 1          ; Signed Integer      ;
; LPM_REPRESENTATION                             ; UNSIGNED   ; Untyped             ;
; LPM_PIPELINE                                   ; 0          ; Signed Integer      ;
; LATENCY                                        ; 0          ; Untyped             ;
; INPUT_A_IS_CONSTANT                            ; NO         ; Untyped             ;
; INPUT_B_IS_CONSTANT                            ; NO         ; Untyped             ;
; USE_EAB                                        ; OFF        ; Untyped             ;
; MAXIMIZE_SPEED                                 ; 5          ; Untyped             ;
; DEVICE_FAMILY                                  ; Cyclone II ; Untyped             ;
; CARRY_CHAIN                                    ; MANUAL     ; Untyped             ;
; APEX20K_TECHNOLOGY_MAPPER                      ; LUT        ; TECH_MAPPER_APEX20K ;
; DEDICATED_MULTIPLIER_CIRCUITRY                 ; AUTO       ; Untyped             ;
; DEDICATED_MULTIPLIER_MIN_INPUT_WIDTH_FOR_AUTO  ; 0          ; Untyped             ;
; DEDICATED_MULTIPLIER_MIN_OUTPUT_WIDTH_FOR_AUTO ; 0          ; Untyped             ;
; CBXI_PARAMETER                                 ; mult_qao   ; Untyped             ;
; INPUT_A_FIXED_VALUE                            ; Bx         ; Untyped             ;
; INPUT_B_FIXED_VALUE                            ; Bx         ; Untyped             ;
; USE_AHDL_IMPLEMENTATION                        ; OFF        ; Untyped             ;
+------------------------------------------------+------------+---------------------+
Note: In order to hide this table in the UI and the text report file, please set the "Show Parameter Settings Tables in Synthesis Report" option in "Analysis and Synthesis Settings -> More Settings" to "Off".


+-----------------------------------------------------------------------------------+
; Parameter Settings for User Entity Instance: LPM_MULT:hourMult                    ;
+------------------------------------------------+------------+---------------------+
; Parameter Name                                 ; Value      ; Type                ;
+------------------------------------------------+------------+---------------------+
; AUTO_CARRY_CHAINS                              ; ON         ; AUTO_CARRY          ;
; IGNORE_CARRY_BUFFERS                           ; OFF        ; IGNORE_CARRY        ;
; AUTO_CASCADE_CHAINS                            ; ON         ; AUTO_CASCADE        ;
; IGNORE_CASCADE_BUFFERS                         ; OFF        ; IGNORE_CASCADE      ;
; LPM_WIDTHA                                     ; 17         ; Signed Integer      ;
; LPM_WIDTHB                                     ; 5          ; Signed Integer      ;
; LPM_WIDTHP                                     ; 22         ; Signed Integer      ;
; LPM_WIDTHR                                     ; 0          ; Untyped             ;
; LPM_WIDTHS                                     ; 1          ; Signed Integer      ;
; LPM_REPRESENTATION                             ; UNSIGNED   ; Untyped             ;
; LPM_PIPELINE                                   ; 0          ; Signed Integer      ;
; LATENCY                                        ; 0          ; Untyped             ;
; INPUT_A_IS_CONSTANT                            ; NO         ; Untyped             ;
; INPUT_B_IS_CONSTANT                            ; NO         ; Untyped             ;
; USE_EAB                                        ; OFF        ; Untyped             ;
; MAXIMIZE_SPEED                                 ; 5          ; Untyped             ;
; DEVICE_FAMILY                                  ; Cyclone II ; Untyped             ;
; CARRY_CHAIN                                    ; MANUAL     ; Untyped             ;
; APEX20K_TECHNOLOGY_MAPPER                      ; LUT        ; TECH_MAPPER_APEX20K ;
; DEDICATED_MULTIPLIER_CIRCUITRY                 ; AUTO       ; Untyped             ;
; DEDICATED_MULTIPLIER_MIN_INPUT_WIDTH_FOR_AUTO  ; 0          ; Untyped             ;
; DEDICATED_MULTIPLIER_MIN_OUTPUT_WIDTH_FOR_AUTO ; 0          ; Untyped             ;
; CBXI_PARAMETER                                 ; mult_29o   ; Untyped             ;
; INPUT_A_FIXED_VALUE                            ; Bx         ; Untyped             ;
; INPUT_B_FIXED_VALUE                            ; Bx         ; Untyped             ;
; USE_AHDL_IMPLEMENTATION                        ; OFF        ; Untyped             ;
+------------------------------------------------+------------+---------------------+
Note: In order to hide this table in the UI and the text report file, please set the "Show Parameter Settings Tables in Synthesis Report" option in "Analysis and Synthesis Settings -> More Settings" to "Off".


+-----------------------------------------------------------------------------------+
; Parameter Settings for User Entity Instance: LPM_MULT:minuteMult                  ;
+------------------------------------------------+------------+---------------------+
; Parameter Name                                 ; Value      ; Type                ;
+------------------------------------------------+------------+---------------------+
; AUTO_CARRY_CHAINS                              ; ON         ; AUTO_CARRY          ;
; IGNORE_CARRY_BUFFERS                           ; OFF        ; IGNORE_CARRY        ;
; AUTO_CASCADE_CHAINS                            ; ON         ; AUTO_CASCADE        ;
; IGNORE_CASCADE_BUFFERS                         ; OFF        ; IGNORE_CASCADE      ;
; LPM_WIDTHA                                     ; 17         ; Signed Integer      ;
; LPM_WIDTHB                                     ; 6          ; Signed Integer      ;
; LPM_WIDTHP                                     ; 23         ; Signed Integer      ;
; LPM_WIDTHR                                     ; 0          ; Untyped             ;
; LPM_WIDTHS                                     ; 1          ; Signed Integer      ;
; LPM_REPRESENTATION                             ; UNSIGNED   ; Untyped             ;
; LPM_PIPELINE                                   ; 0          ; Signed Integer      ;
; LATENCY                                        ; 0          ; Untyped             ;
; INPUT_A_IS_CONSTANT                            ; NO         ; Untyped             ;
; INPUT_B_IS_CONSTANT                            ; NO         ; Untyped             ;
; USE_EAB                                        ; OFF        ; Untyped             ;
; MAXIMIZE_SPEED                                 ; 5          ; Untyped             ;
; DEVICE_FAMILY                                  ; Cyclone II ; Untyped             ;
; CARRY_CHAIN                                    ; MANUAL     ; Untyped             ;
; APEX20K_TECHNOLOGY_MAPPER                      ; LUT        ; TECH_MAPPER_APEX20K ;
; DEDICATED_MULTIPLIER_CIRCUITRY                 ; AUTO       ; Untyped             ;
; DEDICATED_MULTIPLIER_MIN_INPUT_WIDTH_FOR_AUTO  ; 0          ; Untyped             ;
; DEDICATED_MULTIPLIER_MIN_OUTPUT_WIDTH_FOR_AUTO ; 0          ; Untyped             ;
; CBXI_PARAMETER                                 ; mult_59o   ; Untyped             ;
; INPUT_A_FIXED_VALUE                            ; Bx         ; Untyped             ;
; INPUT_B_FIXED_VALUE                            ; Bx         ; Untyped             ;
; USE_AHDL_IMPLEMENTATION                        ; OFF        ; Untyped             ;
+------------------------------------------------+------------+---------------------+
Note: In order to hide this table in the UI and the text report file, please set the "Show Parameter Settings Tables in Synthesis Report" option in "Analysis and Synthesis Settings -> More Settings" to "Off".


+-----------------------------------------------------------------------------------+
; Parameter Settings for User Entity Instance: LPM_MULT:secondMult                  ;
+------------------------------------------------+------------+---------------------+
; Parameter Name                                 ; Value      ; Type                ;
+------------------------------------------------+------------+---------------------+
; AUTO_CARRY_CHAINS                              ; ON         ; AUTO_CARRY          ;
; IGNORE_CARRY_BUFFERS                           ; OFF        ; IGNORE_CARRY        ;
; AUTO_CASCADE_CHAINS                            ; ON         ; AUTO_CASCADE        ;
; IGNORE_CASCADE_BUFFERS                         ; OFF        ; IGNORE_CASCADE      ;
; LPM_WIDTHA                                     ; 17         ; Signed Integer      ;
; LPM_WIDTHB                                     ; 6          ; Signed Integer      ;
; LPM_WIDTHP                                     ; 23         ; Signed Integer      ;
; LPM_WIDTHR                                     ; 0          ; Untyped             ;
; LPM_WIDTHS                                     ; 1          ; Signed Integer      ;
; LPM_REPRESENTATION                             ; UNSIGNED   ; Untyped             ;
; LPM_PIPELINE                                   ; 0          ; Signed Integer      ;
; LATENCY                                        ; 0          ; Untyped             ;
; INPUT_A_IS_CONSTANT                            ; NO         ; Untyped             ;
; INPUT_B_IS_CONSTANT                            ; NO         ; Untyped             ;
; USE_EAB                                        ; OFF        ; Untyped             ;
; MAXIMIZE_SPEED                                 ; 5          ; Untyped             ;
; DEVICE_FAMILY                                  ; Cyclone II ; Untyped             ;
; CARRY_CHAIN                                    ; MANUAL     ; Untyped             ;
; APEX20K_TECHNOLOGY_MAPPER                      ; LUT        ; TECH_MAPPER_APEX20K ;
; DEDICATED_MULTIPLIER_CIRCUITRY                 ; AUTO       ; Untyped             ;
; DEDICATED_MULTIPLIER_MIN_INPUT_WIDTH_FOR_AUTO  ; 0          ; Untyped             ;
; DEDICATED_MULTIPLIER_MIN_OUTPUT_WIDTH_FOR_AUTO ; 0          ; Untyped             ;
; CBXI_PARAMETER                                 ; mult_59o   ; Untyped             ;
; INPUT_A_FIXED_VALUE                            ; Bx         ; Untyped             ;
; INPUT_B_FIXED_VALUE                            ; Bx         ; Untyped             ;
; USE_AHDL_IMPLEMENTATION                        ; OFF        ; Untyped             ;
+------------------------------------------------+------------+---------------------+
Note: In order to hide this table in the UI and the text report file, please set the "Show Parameter Settings Tables in Synthesis Report" option in "Analysis and Synthesis Settings -> More Settings" to "Off".


+-----------------------------------------------------------------+
; lpm_mult Parameter Settings by Entity Instance                  ;
+---------------------------------------+-------------------------+
; Name                                  ; Value                   ;
+---------------------------------------+-------------------------+
; Number of entity instances            ; 4                       ;
; Entity Instance                       ; LPM_MULT:conversionMult ;
;     -- LPM_WIDTHA                     ; 30                      ;
;     -- LPM_WIDTHB                     ; 16                      ;
;     -- LPM_WIDTHP                     ; 46                      ;
;     -- LPM_REPRESENTATION             ; UNSIGNED                ;
;     -- INPUT_A_IS_CONSTANT            ; NO                      ;
;     -- INPUT_B_IS_CONSTANT            ; NO                      ;
;     -- USE_EAB                        ; OFF                     ;
;     -- DEDICATED_MULTIPLIER_CIRCUITRY ; AUTO                    ;
;     -- INPUT_A_FIXED_VALUE            ; Bx                      ;
;     -- INPUT_B_FIXED_VALUE            ; Bx                      ;
; Entity Instance                       ; LPM_MULT:hourMult       ;
;     -- LPM_WIDTHA                     ; 17                      ;
;     -- LPM_WIDTHB                     ; 5                       ;
;     -- LPM_WIDTHP                     ; 22                      ;
;     -- LPM_REPRESENTATION             ; UNSIGNED                ;
;     -- INPUT_A_IS_CONSTANT            ; NO                      ;
;     -- INPUT_B_IS_CONSTANT            ; NO                      ;
;     -- USE_EAB                        ; OFF                     ;
;     -- DEDICATED_MULTIPLIER_CIRCUITRY ; AUTO                    ;
;     -- INPUT_A_FIXED_VALUE            ; Bx                      ;
;     -- INPUT_B_FIXED_VALUE            ; Bx                      ;
; Entity Instance                       ; LPM_MULT:minuteMult     ;
;     -- LPM_WIDTHA                     ; 17                      ;
;     -- LPM_WIDTHB                     ; 6                       ;
;     -- LPM_WIDTHP                     ; 23                      ;
;     -- LPM_REPRESENTATION             ; UNSIGNED                ;
;     -- INPUT_A_IS_CONSTANT            ; NO                      ;
;     -- INPUT_B_IS_CONSTANT            ; NO                      ;
;     -- USE_EAB                        ; OFF                     ;
;     -- DEDICATED_MULTIPLIER_CIRCUITRY ; AUTO                    ;
;     -- INPUT_A_FIXED_VALUE            ; Bx                      ;
;     -- INPUT_B_FIXED_VALUE            ; Bx                      ;
; Entity Instance                       ; LPM_MULT:secondMult     ;
;     -- LPM_WIDTHA                     ; 17                      ;
;     -- LPM_WIDTHB                     ; 6                       ;
;     -- LPM_WIDTHP                     ; 23                      ;
;     -- LPM_REPRESENTATION             ; UNSIGNED                ;
;     -- INPUT_A_IS_CONSTANT            ; NO                      ;
;     -- INPUT_B_IS_CONSTANT            ; NO                      ;
;     -- USE_EAB                        ; OFF                     ;
;     -- DEDICATED_MULTIPLIER_CIRCUITRY ; AUTO                    ;
;     -- INPUT_A_FIXED_VALUE            ; Bx                      ;
;     -- INPUT_B_FIXED_VALUE            ; Bx                      ;
+---------------------------------------+-------------------------+


+-------------------------------+
; Analysis & Synthesis Messages ;
+-------------------------------+
Info: *******************************************************************
Info: Running Quartus II 64-Bit Analysis & Synthesis
    Info: Version 9.1 Build 350 03/24/2010 Service Pack 2 SJ Full Version
    Info: Processing started: Tue Mar 25 10:25:38 2014
Info: Command: quartus_map --read_settings_files=on --write_settings_files=off lab4-3 -c lab4-3
Info: Parallel compilation is enabled and will use 4 of the 4 processors detected
Info: Found 2 design units, including 1 entities, in source file /altera/g31/lab1.2/g31_seconds_to_days.vhd
    Info: Found design unit 1: g31_Seconds_to_Days-lab1
    Info: Found entity 1: g31_Seconds_to_Days
Info: Found 2 design units, including 1 entities, in source file /altera/g31/lab3.2/g31_basic_timer.vhd
    Info: Found design unit 1: g31_basic_timer-a
    Info: Found entity 1: g31_basic_timer
Info: Found 2 design units, including 1 entities, in source file /altera/g31/lab3.2/g31_second_counter.vhd
    Info: Found design unit 1: g31_second_counter-a
    Info: Found entity 1: g31_second_counter
Info: Found 2 design units, including 1 entities, in source file /altera/g31/lab3.2/g31_minute_counter.vhd
    Info: Found design unit 1: g31_minute_counter-a
    Info: Found entity 1: g31_minute_counter
Info: Found 2 design units, including 1 entities, in source file /altera/g31/lab3.2/g31_hour_counter.vhd
    Info: Found design unit 1: g31_hour_counter-a
    Info: Found entity 1: g31_hour_counter
Info: Found 2 design units, including 1 entities, in source file /altera/g31/lab4.1/g31_day_block.vhd
    Info: Found design unit 1: g31_Day_Block-behaviour
    Info: Found entity 1: g31_Day_Block
Info: Found 2 design units, including 1 entities, in source file /altera/g31/lab4.1/g31_month_block.vhd
    Info: Found design unit 1: g31_Month_Block-behaviour
    Info: Found entity 1: g31_Month_Block
Info: Found 2 design units, including 1 entities, in source file /altera/g31/lab4.1/g31_year_block.vhd
    Info: Found design unit 1: g31_Year_Block-behaviour
    Info: Found entity 1: g31_Year_Block
Info: Found 2 design units, including 1 entities, in source file /altera/g31/lab3.2/g31_hms_counter.vhd
    Info: Found design unit 1: g31_HMS_Counter-a
    Info: Found entity 1: g31_HMS_Counter
Info: Found 2 design units, including 1 entities, in source file /altera/g31/lab4.1/g31_ymd_counter.vhd
    Info: Found design unit 1: g31_YMD_Counter-behaviour
    Info: Found entity 1: g31_YMD_Counter
Info: Found 2 design units, including 1 entities, in source file /altera/g31/lab3.2/g31_hms_full.vhd
    Info: Found design unit 1: g31_HMS_Full-a
    Info: Found entity 1: g31_HMS_Full
Info: Found 2 design units, including 1 entities, in source file /altera/g31/lab4.1/g31_ymd_counter_testbed.vhd
    Info: Found design unit 1: g31_YMD_Counter_Testbed-behavior
    Info: Found entity 1: g31_YMD_Counter_Testbed
Info: Found 2 design units, including 1 entities, in source file g31_synchronizer.vhd
    Info: Found design unit 1: g31_synchronizer-a
    Info: Found entity 1: g31_synchronizer
Info: Found 2 design units, including 1 entities, in source file g31_date_compressor.vhd
    Info: Found design unit 1: g31_date_compressor-a
    Info: Found entity 1: g31_date_compressor
Info: Found 2 design units, including 1 entities, in source file g31_mars_converter.vhd
    Info: Found design unit 1: g31_mars_converter-a
    Info: Found entity 1: g31_mars_converter
Info: Found 2 design units, including 1 entities, in source file g31_utc_to_mtc.vhd
    Info: Found design unit 1: g31_UTC_to_MTC-a
    Info: Found entity 1: g31_UTC_to_MTC
Info: Elaborating entity "g31_mars_converter" for the top level hierarchy
Info: Elaborating entity "LPM_MULT" for hierarchy "LPM_MULT:conversionMult"
Info: Elaborated megafunction instantiation "LPM_MULT:conversionMult"
Info: Instantiated megafunction "LPM_MULT:conversionMult" with the following parameter:
    Info: Parameter "LPM_WIDTHA" = "30"
    Info: Parameter "LPM_WIDTHB" = "16"
    Info: Parameter "LPM_WIDTHS" = "1"
    Info: Parameter "LPM_WIDTHP" = "46"
    Info: Parameter "LPM_REPRESENTATION" = "UNSIGNED"
    Info: Parameter "LPM_PIPELINE" = "0"
    Info: Parameter "LPM_TYPE" = "LPM_MULT"
    Info: Parameter "LPM_HINT" = "UNUSED"
Info: Found 1 design units, including 1 entities, in source file db/mult_qao.tdf
    Info: Found entity 1: mult_qao
Info: Elaborating entity "mult_qao" for hierarchy "LPM_MULT:conversionMult|mult_qao:auto_generated"
Info: Elaborating entity "LPM_MULT" for hierarchy "LPM_MULT:hourMult"
Info: Elaborated megafunction instantiation "LPM_MULT:hourMult"
Info: Instantiated megafunction "LPM_MULT:hourMult" with the following parameter:
    Info: Parameter "LPM_WIDTHA" = "17"
    Info: Parameter "LPM_WIDTHB" = "5"
    Info: Parameter "LPM_WIDTHS" = "1"
    Info: Parameter "LPM_WIDTHP" = "22"
    Info: Parameter "LPM_REPRESENTATION" = "UNSIGNED"
    Info: Parameter "LPM_PIPELINE" = "0"
    Info: Parameter "LPM_TYPE" = "LPM_MULT"
    Info: Parameter "LPM_HINT" = "UNUSED"
Info: Found 1 design units, including 1 entities, in source file db/mult_29o.tdf
    Info: Found entity 1: mult_29o
Info: Elaborating entity "mult_29o" for hierarchy "LPM_MULT:hourMult|mult_29o:auto_generated"
Info: Elaborating entity "LPM_MULT" for hierarchy "LPM_MULT:minuteMult"
Info: Elaborated megafunction instantiation "LPM_MULT:minuteMult"
Info: Instantiated megafunction "LPM_MULT:minuteMult" with the following parameter:
    Info: Parameter "LPM_WIDTHA" = "17"
    Info: Parameter "LPM_WIDTHB" = "6"
    Info: Parameter "LPM_WIDTHS" = "1"
    Info: Parameter "LPM_WIDTHP" = "23"
    Info: Parameter "LPM_REPRESENTATION" = "UNSIGNED"
    Info: Parameter "LPM_PIPELINE" = "0"
    Info: Parameter "LPM_TYPE" = "LPM_MULT"
    Info: Parameter "LPM_HINT" = "UNUSED"
Info: Found 1 design units, including 1 entities, in source file db/mult_59o.tdf
    Info: Found entity 1: mult_59o
Info: Elaborating entity "mult_59o" for hierarchy "LPM_MULT:minuteMult|mult_59o:auto_generated"
Info: Elaborating entity "LPM_MULT" for hierarchy "LPM_MULT:secondMult"
Info: Elaborated megafunction instantiation "LPM_MULT:secondMult"
Info: Instantiated megafunction "LPM_MULT:secondMult" with the following parameter:
    Info: Parameter "LPM_WIDTHA" = "17"
    Info: Parameter "LPM_WIDTHB" = "6"
    Info: Parameter "LPM_WIDTHS" = "1"
    Info: Parameter "LPM_WIDTHP" = "23"
    Info: Parameter "LPM_REPRESENTATION" = "UNSIGNED"
    Info: Parameter "LPM_PIPELINE" = "0"
    Info: Parameter "LPM_TYPE" = "LPM_MULT"
    Info: Parameter "LPM_HINT" = "UNUSED"
Info: Ignored 72 buffer(s)
    Info: Ignored 72 SOFT buffer(s)
Info: Implemented 204 device resources after synthesis - the final resource count might be different
    Info: Implemented 30 input pins
    Info: Implemented 93 output pins
    Info: Implemented 71 logic cells
    Info: Implemented 10 DSP elements
Info: Quartus II 64-Bit Analysis & Synthesis was successful. 0 errors, 0 warnings
    Info: Peak virtual memory: 320 megabytes
    Info: Processing ended: Tue Mar 25 10:25:42 2014
    Info: Elapsed time: 00:00:04
    Info: Total CPU time (on all processors): 00:00:01


