Analysis & Synthesis report for Lab5-1
Tue Apr 08 16:38:42 2014
Quartus II Version 9.1 Build 350 03/24/2010 Service Pack 2 SJ Web Edition


---------------------
; Table of Contents ;
---------------------
  1. Legal Notice
  2. Analysis & Synthesis Summary
  3. Analysis & Synthesis Settings
  4. Parallel Compilation
  5. Analysis & Synthesis Messages



----------------
; Legal Notice ;
----------------
Copyright (C) 1991-2010 Altera Corporation
Your use of Altera Corporation's design tools, logic functions 
and other software and tools, and its AMPP partner logic 
functions, and any output files from any of the foregoing 
(including device programming or simulation files), and any 
associated documentation or information are expressly subject 
to the terms and conditions of the Altera Program License 
Subscription Agreement, Altera MegaCore Function License 
Agreement, or other applicable license agreement, including, 
without limitation, that your use is for the sole purpose of 
programming logic devices manufactured by Altera and sold by 
Altera or its authorized distributors.  Please refer to the 
applicable agreement for further details.



+-----------------------------------------------------------------------------------+
; Analysis & Synthesis Summary                                                      ;
+------------------------------------+----------------------------------------------+
; Analysis & Synthesis Status        ; Failed - Tue Apr 08 16:38:42 2014            ;
; Quartus II Version                 ; 9.1 Build 350 03/24/2010 SP 2 SJ Web Edition ;
; Revision Name                      ; Lab5-1                                       ;
; Top-level Entity Name              ; g31_user_interface                           ;
; Family                             ; Cyclone II                                   ;
; Total logic elements               ; N/A until Partition Merge                    ;
;     Total combinational functions  ; N/A until Partition Merge                    ;
;     Dedicated logic registers      ; N/A until Partition Merge                    ;
; Total registers                    ; N/A until Partition Merge                    ;
; Total pins                         ; N/A until Partition Merge                    ;
; Total virtual pins                 ; N/A until Partition Merge                    ;
; Total memory bits                  ; N/A until Partition Merge                    ;
; Embedded Multiplier 9-bit elements ; N/A until Partition Merge                    ;
; Total PLLs                         ; N/A until Partition Merge                    ;
+------------------------------------+----------------------------------------------+


+----------------------------------------------------------------------------------------------------------------------+
; Analysis & Synthesis Settings                                                                                        ;
+----------------------------------------------------------------------------+--------------------+--------------------+
; Option                                                                     ; Setting            ; Default Value      ;
+----------------------------------------------------------------------------+--------------------+--------------------+
; Device                                                                     ; EP2C20F484C7       ;                    ;
; Top-level entity name                                                      ; g31_user_interface ; Lab5-1             ;
; Family name                                                                ; Cyclone II         ; Stratix II         ;
; Use Generated Physical Constraints File                                    ; Off                ;                    ;
; Use smart compilation                                                      ; Off                ; Off                ;
; Enable parallel Assembler and TimeQuest Timing Analyzer during compilation ; On                 ; On                 ;
; Enable compact report table                                                ; Off                ; Off                ;
; Restructure Multiplexers                                                   ; Auto               ; Auto               ;
; Create Debugging Nodes for IP Cores                                        ; Off                ; Off                ;
; Preserve fewer node names                                                  ; On                 ; On                 ;
; Disable OpenCore Plus hardware evaluation                                  ; Off                ; Off                ;
; Verilog Version                                                            ; Verilog_2001       ; Verilog_2001       ;
; VHDL Version                                                               ; VHDL_1993          ; VHDL_1993          ;
; State Machine Processing                                                   ; Auto               ; Auto               ;
; Safe State Machine                                                         ; Off                ; Off                ;
; Extract Verilog State Machines                                             ; On                 ; On                 ;
; Extract VHDL State Machines                                                ; On                 ; On                 ;
; Ignore Verilog initial constructs                                          ; Off                ; Off                ;
; Iteration limit for constant Verilog loops                                 ; 5000               ; 5000               ;
; Iteration limit for non-constant Verilog loops                             ; 250                ; 250                ;
; Add Pass-Through Logic to Inferred RAMs                                    ; On                 ; On                 ;
; Parallel Synthesis                                                         ; Off                ; Off                ;
; DSP Block Balancing                                                        ; Auto               ; Auto               ;
; NOT Gate Push-Back                                                         ; On                 ; On                 ;
; Power-Up Don't Care                                                        ; On                 ; On                 ;
; Remove Redundant Logic Cells                                               ; Off                ; Off                ;
; Remove Duplicate Registers                                                 ; On                 ; On                 ;
; Ignore CARRY Buffers                                                       ; Off                ; Off                ;
; Ignore CASCADE Buffers                                                     ; Off                ; Off                ;
; Ignore GLOBAL Buffers                                                      ; Off                ; Off                ;
; Ignore ROW GLOBAL Buffers                                                  ; Off                ; Off                ;
; Ignore LCELL Buffers                                                       ; Off                ; Off                ;
; Ignore SOFT Buffers                                                        ; On                 ; On                 ;
; Limit AHDL Integers to 32 Bits                                             ; Off                ; Off                ;
; Optimization Technique                                                     ; Balanced           ; Balanced           ;
; Carry Chain Length                                                         ; 70                 ; 70                 ;
; Auto Carry Chains                                                          ; On                 ; On                 ;
; Auto Open-Drain Pins                                                       ; On                 ; On                 ;
; Perform WYSIWYG Primitive Resynthesis                                      ; Off                ; Off                ;
; Auto ROM Replacement                                                       ; On                 ; On                 ;
; Auto RAM Replacement                                                       ; On                 ; On                 ;
; Auto Shift Register Replacement                                            ; Auto               ; Auto               ;
; Auto Clock Enable Replacement                                              ; On                 ; On                 ;
; Strict RAM Replacement                                                     ; Off                ; Off                ;
; Allow Synchronous Control Signals                                          ; On                 ; On                 ;
; Force Use of Synchronous Clear Signals                                     ; Off                ; Off                ;
; Auto RAM to Logic Cell Conversion                                          ; Off                ; Off                ;
; Auto Resource Sharing                                                      ; Off                ; Off                ;
; Allow Any RAM Size For Recognition                                         ; Off                ; Off                ;
; Allow Any ROM Size For Recognition                                         ; Off                ; Off                ;
; Allow Any Shift Register Size For Recognition                              ; Off                ; Off                ;
; Use LogicLock Constraints during Resource Balancing                        ; On                 ; On                 ;
; Ignore translate_off and synthesis_off directives                          ; Off                ; Off                ;
; Timing-Driven Synthesis                                                    ; Off                ; Off                ;
; Show Parameter Settings Tables in Synthesis Report                         ; On                 ; On                 ;
; Ignore Maximum Fan-Out Assignments                                         ; Off                ; Off                ;
; Synchronization Register Chain Length                                      ; 2                  ; 2                  ;
; PowerPlay Power Optimization                                               ; Normal compilation ; Normal compilation ;
; HDL message level                                                          ; Level2             ; Level2             ;
; Suppress Register Optimization Related Messages                            ; Off                ; Off                ;
; Number of Removed Registers Reported in Synthesis Report                   ; 5000               ; 5000               ;
; Number of Inverted Registers Reported in Synthesis Report                  ; 100                ; 100                ;
; Clock MUX Protection                                                       ; On                 ; On                 ;
; Auto Gated Clock Conversion                                                ; Off                ; Off                ;
; Block Design Naming                                                        ; Auto               ; Auto               ;
; SDC constraint protection                                                  ; Off                ; Off                ;
; Synthesis Effort                                                           ; Auto               ; Auto               ;
; Shift Register Replacement - Allow Asynchronous Clear Signal               ; On                 ; On                 ;
; Analysis & Synthesis Message Level                                         ; Medium             ; Medium             ;
; Disable Register Merging Across Hierarchies                                ; Auto               ; Auto               ;
; Resource Aware Inference For Block RAM                                     ; On                 ; On                 ;
+----------------------------------------------------------------------------+--------------------+--------------------+


Parallel compilation was disabled, but you have multiple processors available. Enable parallel compilation to reduce compilation time.
+-------------------------------------+
; Parallel Compilation                ;
+----------------------------+--------+
; Processors                 ; Number ;
+----------------------------+--------+
; Number detected on machine ; 2      ;
; Maximum allowed            ; 1      ;
+----------------------------+--------+


+-------------------------------+
; Analysis & Synthesis Messages ;
+-------------------------------+
Info: *******************************************************************
Info: Running Quartus II Analysis & Synthesis
    Info: Version 9.1 Build 350 03/24/2010 Service Pack 2 SJ Web Edition
    Info: Processing started: Tue Apr 08 16:38:39 2014
Info: Command: quartus_map --read_settings_files=on --write_settings_files=off Lab5-1 -c Lab5-1
Info: Found 2 design units, including 1 entities, in source file /users/andreas/workspace/github/dsdlabs/lab1.2/g31_seconds_to_days.vhd
    Info: Found design unit 1: g31_Seconds_to_Days-lab1
    Info: Found entity 1: g31_Seconds_to_Days
Info: Found 2 design units, including 1 entities, in source file /users/andreas/workspace/github/dsdlabs/lab3.2/g31_hour_counter.vhd
    Info: Found design unit 1: g31_hour_counter-a
    Info: Found entity 1: g31_hour_counter
Info: Found 2 design units, including 1 entities, in source file /users/andreas/workspace/github/dsdlabs/lab3.2/g31_minute_counter.vhd
    Info: Found design unit 1: g31_minute_counter-a
    Info: Found entity 1: g31_minute_counter
Info: Found 2 design units, including 1 entities, in source file /users/andreas/workspace/github/dsdlabs/lab3.2/g31_second_counter.vhd
    Info: Found design unit 1: g31_second_counter-a
    Info: Found entity 1: g31_second_counter
Info: Found 2 design units, including 1 entities, in source file /users/andreas/workspace/github/dsdlabs/lab3.2/g31_hms_counter.vhd
    Info: Found design unit 1: g31_HMS_Counter-a
    Info: Found entity 1: g31_HMS_Counter
Info: Found 2 design units, including 1 entities, in source file /users/andreas/workspace/github/dsdlabs/lab4.1/g31_day_block.vhd
    Info: Found design unit 1: g31_Day_Block-behaviour
    Info: Found entity 1: g31_Day_Block
Info: Found 2 design units, including 1 entities, in source file /users/andreas/workspace/github/dsdlabs/lab4.1/g31_month_block.vhd
    Info: Found design unit 1: g31_Month_Block-behaviour
    Info: Found entity 1: g31_Month_Block
Info: Found 2 design units, including 1 entities, in source file /users/andreas/workspace/github/dsdlabs/lab4.1/g31_year_block.vhd
    Info: Found design unit 1: g31_Year_Block-behaviour
    Info: Found entity 1: g31_Year_Block
Info: Found 2 design units, including 1 entities, in source file /users/andreas/workspace/github/dsdlabs/lab4.1/g31_binary_to_seven_segment.vhd
    Info: Found design unit 1: g31_binary_to_seven_segment-behaviour
    Info: Found entity 1: g31_binary_to_seven_segment
Error (10500): VHDL syntax error at g31_basic_timer.vhd(30) near text "<";  expecting "(", or an identifier, or  unary operator File: C:/Users/Andreas/workspace/GitHub/DSDLabs/Lab4.1/g31_basic_timer.vhd Line: 30
Error (10500): VHDL syntax error at g31_basic_timer.vhd(63) near text "<";  expecting "(", or an identifier, or  unary operator File: C:/Users/Andreas/workspace/GitHub/DSDLabs/Lab4.1/g31_basic_timer.vhd Line: 63
Info: Found 0 design units, including 0 entities, in source file /users/andreas/workspace/github/dsdlabs/lab4.1/g31_basic_timer.vhd
Info: Found 2 design units, including 1 entities, in source file /users/andreas/workspace/github/dsdlabs/lab4.1/g31_ymd_counter.vhd
    Info: Found design unit 1: g31_YMD_Counter-behaviour
    Info: Found entity 1: g31_YMD_Counter
Info: Found 2 design units, including 1 entities, in source file /users/andreas/workspace/github/dsdlabs/lab4.3/g31_synchronizer.vhd
    Info: Found design unit 1: g31_synchronizer-a
    Info: Found entity 1: g31_synchronizer
Info: Found 2 design units, including 1 entities, in source file /users/andreas/workspace/github/dsdlabs/lab4.3/g31_utc_to_mtc.vhd
    Info: Found design unit 1: g31_UTC_to_MTC-a
    Info: Found entity 1: g31_UTC_to_MTC
Info: Found 2 design units, including 1 entities, in source file /users/andreas/workspace/github/dsdlabs/lab4.3/g31_date_compressor.vhd
    Info: Found design unit 1: g31_date_compressor-a
    Info: Found entity 1: g31_date_compressor
Info: Found 2 design units, including 1 entities, in source file /users/andreas/workspace/github/dsdlabs/lab4.3/g31_mars_converter.vhd
    Info: Found design unit 1: g31_mars_converter-a
    Info: Found entity 1: g31_mars_converter
Error (10500): VHDL syntax error at g31_user_interface.vhd(384) near text ")";  expecting an identifier, or a string literal, or "all" File: C:/Users/Andreas/workspace/GitHub/DSDLabs/Lab5.1/g31_user_interface.vhd Line: 384
Info: Found 0 design units, including 0 entities, in source file g31_user_interface.vhd
Info: Found 2 design units, including 1 entities, in source file g31_time_zone.vhd
    Info: Found design unit 1: g31_time_zone-behaviour
    Info: Found entity 1: g31_time_zone
Info: Found 2 design units, including 1 entities, in source file g31_time_zone_converter.vhd
    Info: Found design unit 1: g31_time_zone_converter-behaviour
    Info: Found entity 1: g31_time_zone_converter
Info: Found 2 design units, including 1 entities, in source file g31_short_timer.vhd
    Info: Found design unit 1: g31_short_timer-a
    Info: Found entity 1: g31_short_timer
Error: Quartus II Analysis & Synthesis was unsuccessful. 3 errors, 0 warnings
    Error: Peak virtual memory: 227 megabytes
    Error: Processing ended: Tue Apr 08 16:38:43 2014
    Error: Elapsed time: 00:00:04
    Error: Total CPU time (on all processors): 00:00:04


