Analysis & Synthesis report for g31_lab4_2
Wed Mar 19 15:35:36 2014
Quartus II 64-Bit Version 9.1 Build 350 03/24/2010 Service Pack 2 SJ Full Version


---------------------
; Table of Contents ;
---------------------
  1. Legal Notice
  2. Analysis & Synthesis Summary
  3. Analysis & Synthesis Settings
  4. Parallel Compilation
  5. Analysis & Synthesis Source Files Read
  6. Analysis & Synthesis Resource Usage Summary
  7. Analysis & Synthesis Resource Utilization by Entity
  8. Analysis & Synthesis RAM Summary
  9. User-Specified and Inferred Latches
 10. Registers Removed During Synthesis
 11. General Register Statistics
 12. Multiplexer Restructuring Statistics (Restructuring Performed)
 13. Source assignments for g31_basic_timer:timer|LPM_COUNTER:counter
 14. Source assignments for g31_basic_timer:timer|LPM_COUNTER:counter2
 15. Source assignments for g31_binary_to_seven_segment:displayer|g31_binary_to_BCD:bin_BCD_1|LPM_ROM:crc_rom|altrom:srom|altsyncram:rom_block|altsyncram_e501:auto_generated
 16. Source assignments for g31_binary_to_seven_segment:displayer|g31_binary_to_BCD:bin_BCD_2|LPM_ROM:crc_rom|altrom:srom|altsyncram:rom_block|altsyncram_e501:auto_generated
 17. Parameter Settings for User Entity Instance: g31_basic_timer:timer|LPM_CONSTANT:const
 18. Parameter Settings for User Entity Instance: g31_basic_timer:timer|LPM_COUNTER:counter
 19. Parameter Settings for User Entity Instance: g31_basic_timer:timer|LPM_CONSTANT:const2
 20. Parameter Settings for User Entity Instance: g31_basic_timer:timer|LPM_COUNTER:counter2
 21. Parameter Settings for User Entity Instance: g31_binary_to_seven_segment:displayer|g31_binary_to_BCD:bin_BCD_1|LPM_ROM:crc_rom
 22. Parameter Settings for User Entity Instance: g31_binary_to_seven_segment:displayer|g31_binary_to_BCD:bin_BCD_2|LPM_ROM:crc_rom
 23. Port Connectivity Checks: "g31_binary_to_seven_segment:displayer|g31_seven_segment_decoder:sevenseg4"
 24. Port Connectivity Checks: "g31_binary_to_seven_segment:displayer|g31_seven_segment_decoder:sevenseg2"
 25. Port Connectivity Checks: "g31_binary_to_seven_segment:displayer|g31_seven_segment_decoder:sevenseg1"
 26. Port Connectivity Checks: "g31_YMD_Counter:counter"
 27. Port Connectivity Checks: "g31_basic_timer:timer"
 28. Analysis & Synthesis Messages



----------------
; Legal Notice ;
----------------
Copyright (C) 1991-2010 Altera Corporation
Your use of Altera Corporation's design tools, logic functions 
and other software and tools, and its AMPP partner logic 
functions, and any output files from any of the foregoing 
(including device programming or simulation files), and any 
associated documentation or information are expressly subject 
to the terms and conditions of the Altera Program License 
Subscription Agreement, Altera MegaCore Function License 
Agreement, or other applicable license agreement, including, 
without limitation, that your use is for the sole purpose of 
programming logic devices manufactured by Altera and sold by 
Altera or its authorized distributors.  Please refer to the 
applicable agreement for further details.



+------------------------------------------------------------------------------------+
; Analysis & Synthesis Summary                                                       ;
+------------------------------------+-----------------------------------------------+
; Analysis & Synthesis Status        ; Successful - Wed Mar 19 15:35:36 2014         ;
; Quartus II 64-Bit Version          ; 9.1 Build 350 03/24/2010 SP 2 SJ Full Version ;
; Revision Name                      ; g31_lab4_2                                    ;
; Top-level Entity Name              ; g31_YMD_Counter_Testbed                       ;
; Family                             ; Cyclone II                                    ;
; Total logic elements               ; 178                                           ;
;     Total combinational functions  ; 178                                           ;
;     Dedicated logic registers      ; 48                                            ;
; Total registers                    ; 48                                            ;
; Total pins                         ; 42                                            ;
; Total virtual pins                 ; 0                                             ;
; Total memory bits                  ; 1,024                                         ;
; Embedded Multiplier 9-bit elements ; 0                                             ;
; Total PLLs                         ; 0                                             ;
+------------------------------------+-----------------------------------------------+


+---------------------------------------------------------------------------------------------------------------------------+
; Analysis & Synthesis Settings                                                                                             ;
+----------------------------------------------------------------------------+-------------------------+--------------------+
; Option                                                                     ; Setting                 ; Default Value      ;
+----------------------------------------------------------------------------+-------------------------+--------------------+
; Device                                                                     ; EP2C20F484C7            ;                    ;
; Top-level entity name                                                      ; g31_YMD_Counter_Testbed ; g31_lab4_2         ;
; Family name                                                                ; Cyclone II              ; Stratix II         ;
; Use Generated Physical Constraints File                                    ; Off                     ;                    ;
; Use smart compilation                                                      ; Off                     ; Off                ;
; Enable parallel Assembler and TimeQuest Timing Analyzer during compilation ; On                      ; On                 ;
; Enable compact report table                                                ; Off                     ; Off                ;
; Restructure Multiplexers                                                   ; Auto                    ; Auto               ;
; Create Debugging Nodes for IP Cores                                        ; Off                     ; Off                ;
; Preserve fewer node names                                                  ; On                      ; On                 ;
; Disable OpenCore Plus hardware evaluation                                  ; Off                     ; Off                ;
; Verilog Version                                                            ; Verilog_2001            ; Verilog_2001       ;
; VHDL Version                                                               ; VHDL_1993               ; VHDL_1993          ;
; State Machine Processing                                                   ; Auto                    ; Auto               ;
; Safe State Machine                                                         ; Off                     ; Off                ;
; Extract Verilog State Machines                                             ; On                      ; On                 ;
; Extract VHDL State Machines                                                ; On                      ; On                 ;
; Ignore Verilog initial constructs                                          ; Off                     ; Off                ;
; Iteration limit for constant Verilog loops                                 ; 5000                    ; 5000               ;
; Iteration limit for non-constant Verilog loops                             ; 250                     ; 250                ;
; Add Pass-Through Logic to Inferred RAMs                                    ; On                      ; On                 ;
; Parallel Synthesis                                                         ; On                      ; On                 ;
; DSP Block Balancing                                                        ; Auto                    ; Auto               ;
; NOT Gate Push-Back                                                         ; On                      ; On                 ;
; Power-Up Don't Care                                                        ; On                      ; On                 ;
; Remove Redundant Logic Cells                                               ; Off                     ; Off                ;
; Remove Duplicate Registers                                                 ; On                      ; On                 ;
; Ignore CARRY Buffers                                                       ; Off                     ; Off                ;
; Ignore CASCADE Buffers                                                     ; Off                     ; Off                ;
; Ignore GLOBAL Buffers                                                      ; Off                     ; Off                ;
; Ignore ROW GLOBAL Buffers                                                  ; Off                     ; Off                ;
; Ignore LCELL Buffers                                                       ; Off                     ; Off                ;
; Ignore SOFT Buffers                                                        ; On                      ; On                 ;
; Limit AHDL Integers to 32 Bits                                             ; Off                     ; Off                ;
; Optimization Technique                                                     ; Balanced                ; Balanced           ;
; Carry Chain Length                                                         ; 70                      ; 70                 ;
; Auto Carry Chains                                                          ; On                      ; On                 ;
; Auto Open-Drain Pins                                                       ; On                      ; On                 ;
; Perform WYSIWYG Primitive Resynthesis                                      ; Off                     ; Off                ;
; Auto ROM Replacement                                                       ; On                      ; On                 ;
; Auto RAM Replacement                                                       ; On                      ; On                 ;
; Auto Shift Register Replacement                                            ; Auto                    ; Auto               ;
; Auto Clock Enable Replacement                                              ; On                      ; On                 ;
; Strict RAM Replacement                                                     ; Off                     ; Off                ;
; Allow Synchronous Control Signals                                          ; On                      ; On                 ;
; Force Use of Synchronous Clear Signals                                     ; Off                     ; Off                ;
; Auto RAM to Logic Cell Conversion                                          ; Off                     ; Off                ;
; Auto Resource Sharing                                                      ; Off                     ; Off                ;
; Allow Any RAM Size For Recognition                                         ; Off                     ; Off                ;
; Allow Any ROM Size For Recognition                                         ; Off                     ; Off                ;
; Allow Any Shift Register Size For Recognition                              ; Off                     ; Off                ;
; Use LogicLock Constraints during Resource Balancing                        ; On                      ; On                 ;
; Ignore translate_off and synthesis_off directives                          ; Off                     ; Off                ;
; Timing-Driven Synthesis                                                    ; Off                     ; Off                ;
; Show Parameter Settings Tables in Synthesis Report                         ; On                      ; On                 ;
; Ignore Maximum Fan-Out Assignments                                         ; Off                     ; Off                ;
; Synchronization Register Chain Length                                      ; 2                       ; 2                  ;
; PowerPlay Power Optimization                                               ; Normal compilation      ; Normal compilation ;
; HDL message level                                                          ; Level2                  ; Level2             ;
; Suppress Register Optimization Related Messages                            ; Off                     ; Off                ;
; Number of Removed Registers Reported in Synthesis Report                   ; 5000                    ; 5000               ;
; Number of Inverted Registers Reported in Synthesis Report                  ; 100                     ; 100                ;
; Clock MUX Protection                                                       ; On                      ; On                 ;
; Auto Gated Clock Conversion                                                ; Off                     ; Off                ;
; Block Design Naming                                                        ; Auto                    ; Auto               ;
; SDC constraint protection                                                  ; Off                     ; Off                ;
; Synthesis Effort                                                           ; Auto                    ; Auto               ;
; Shift Register Replacement - Allow Asynchronous Clear Signal               ; On                      ; On                 ;
; Analysis & Synthesis Message Level                                         ; Medium                  ; Medium             ;
; Disable Register Merging Across Hierarchies                                ; Auto                    ; Auto               ;
; Resource Aware Inference For Block RAM                                     ; On                      ; On                 ;
+----------------------------------------------------------------------------+-------------------------+--------------------+


+------------------------------------------+
; Parallel Compilation                     ;
+----------------------------+-------------+
; Processors                 ; Number      ;
+----------------------------+-------------+
; Number detected on machine ; 4           ;
; Maximum allowed            ; 4           ;
;                            ;             ;
; Average used               ; 1.00        ;
; Maximum used               ; 1           ;
;                            ;             ;
; Usage by Processor         ; % Time Used ;
;     1 processor            ; 100.0%      ;
;     2-4 processors         ;   0.0%      ;
+----------------------------+-------------+


+---------------------------------------------------------------------------------------------------------------------------------------------------------------+
; Analysis & Synthesis Source Files Read                                                                                                                        ;
+-------------------------------------------+-----------------+------------------------------+------------------------------------------------------------------+
; File Name with User-Entered Path          ; Used in Netlist ; File Type                    ; File Name with Absolute Path                                     ;
+-------------------------------------------+-----------------+------------------------------+------------------------------------------------------------------+
; ../Lab4.1/g31_basic_timer.vhd             ; yes             ; User VHDL File               ; C:/altera/g31/Lab4.1/g31_basic_timer.vhd                         ;
; ../Lab4.1/g31_binary_to_BCD.vhd           ; yes             ; User VHDL File               ; C:/altera/g31/Lab4.1/g31_binary_to_BCD.vhd                       ;
; ../Lab4.1/g31_binary_to_seven_segment.vhd ; yes             ; User VHDL File               ; C:/altera/g31/Lab4.1/g31_binary_to_seven_segment.vhd             ;
; ../Lab4.1/g31_Day_Block.vhd               ; yes             ; User VHDL File               ; C:/altera/g31/Lab4.1/g31_Day_Block.vhd                           ;
; ../Lab4.1/g31_Month_Block.vhd             ; yes             ; User VHDL File               ; C:/altera/g31/Lab4.1/g31_Month_Block.vhd                         ;
; ../Lab4.1/g31_seven_segment_decoder.vhd   ; yes             ; User VHDL File               ; C:/altera/g31/Lab4.1/g31_seven_segment_decoder.vhd               ;
; ../Lab4.1/g31_Year_Block.vhd              ; yes             ; User VHDL File               ; C:/altera/g31/Lab4.1/g31_Year_Block.vhd                          ;
; ../Lab4.1/g31_YMD_Counter.vhd             ; yes             ; User VHDL File               ; C:/altera/g31/Lab4.1/g31_YMD_Counter.vhd                         ;
; ../Lab4.1/g31_YMD_Counter_Testbed.vhd     ; yes             ; User VHDL File               ; C:/altera/g31/Lab4.1/g31_YMD_Counter_Testbed.vhd                 ;
; lpm_constant.tdf                          ; yes             ; Megafunction                 ; c:/altera/91sp2/quartus/libraries/megafunctions/lpm_constant.tdf ;
; lpm_counter.tdf                           ; yes             ; Megafunction                 ; c:/altera/91sp2/quartus/libraries/megafunctions/lpm_counter.tdf  ;
; db/cntr_cfl.tdf                           ; yes             ; Auto-Generated Megafunction  ; C:/altera/g31/Lab4.2/db/cntr_cfl.tdf                             ;
; lpm_rom.tdf                               ; yes             ; Megafunction                 ; c:/altera/91sp2/quartus/libraries/megafunctions/lpm_rom.tdf      ;
; altrom.tdf                                ; yes             ; Megafunction                 ; c:/altera/91sp2/quartus/libraries/megafunctions/altrom.tdf       ;
; altsyncram.tdf                            ; yes             ; Megafunction                 ; c:/altera/91sp2/quartus/libraries/megafunctions/altsyncram.tdf   ;
; db/altsyncram_e501.tdf                    ; yes             ; Auto-Generated Megafunction  ; C:/altera/g31/Lab4.2/db/altsyncram_e501.tdf                      ;
+-------------------------------------------+-----------------+------------------------------+------------------------------------------------------------------+


+-----------------------------------------------------+
; Analysis & Synthesis Resource Usage Summary         ;
+---------------------------------------------+-------+
; Resource                                    ; Usage ;
+---------------------------------------------+-------+
; Estimated Total logic elements              ; 178   ;
;                                             ;       ;
; Total combinational functions               ; 178   ;
; Logic element usage by number of LUT inputs ;       ;
;     -- 4 input functions                    ; 92    ;
;     -- 3 input functions                    ; 38    ;
;     -- <=2 input functions                  ; 48    ;
;                                             ;       ;
; Logic elements by mode                      ;       ;
;     -- normal mode                          ; 137   ;
;     -- arithmetic mode                      ; 41    ;
;                                             ;       ;
; Total registers                             ; 48    ;
;     -- Dedicated logic registers            ; 48    ;
;     -- I/O registers                        ; 0     ;
;                                             ;       ;
; I/O pins                                    ; 42    ;
; Total memory bits                           ; 1024  ;
; Maximum fan-out node                        ; clock ;
; Maximum fan-out                             ; 64    ;
; Total fan-out                               ; 890   ;
; Average fan-out                             ; 3.13  ;
+---------------------------------------------+-------+


+------------------------------------------------------------------------------------------------------------------------------------------------------------------------------------------------------------------------------------------------------------------------------------------------------------------------------------------------------------+
; Analysis & Synthesis Resource Utilization by Entity                                                                                                                                                                                                                                                                                                        ;
+----------------------------------------------------+-------------------+--------------+-------------+--------------+---------+-----------+------+--------------+----------------------------------------------------------------------------------------------------------------------------------------------------------------------------+--------------+
; Compilation Hierarchy Node                         ; LC Combinationals ; LC Registers ; Memory Bits ; DSP Elements ; DSP 9x9 ; DSP 18x18 ; Pins ; Virtual Pins ; Full Hierarchy Name                                                                                                                                                        ; Library Name ;
+----------------------------------------------------+-------------------+--------------+-------------+--------------+---------+-----------+------+--------------+----------------------------------------------------------------------------------------------------------------------------------------------------------------------------+--------------+
; |g31_YMD_Counter_Testbed                           ; 178 (31)          ; 48 (0)       ; 1024        ; 0            ; 0       ; 0         ; 42   ; 0            ; |g31_YMD_Counter_Testbed                                                                                                                                                   ; work         ;
;    |g31_YMD_Counter:counter|                       ; 65 (0)            ; 22 (0)       ; 0           ; 0            ; 0       ; 0         ; 0    ; 0            ; |g31_YMD_Counter_Testbed|g31_YMD_Counter:counter                                                                                                                           ;              ;
;       |g31_Day_Block:day_block|                    ; 25 (25)           ; 6 (6)        ; 0           ; 0            ; 0       ; 0         ; 0    ; 0            ; |g31_YMD_Counter_Testbed|g31_YMD_Counter:counter|g31_Day_Block:day_block                                                                                                   ;              ;
;       |g31_Month_Block:month_block|                ; 14 (14)           ; 4 (4)        ; 0           ; 0            ; 0       ; 0         ; 0    ; 0            ; |g31_YMD_Counter_Testbed|g31_YMD_Counter:counter|g31_Month_Block:month_block                                                                                               ;              ;
;       |g31_Year_Block:year_block|                  ; 26 (26)           ; 12 (12)      ; 0           ; 0            ; 0       ; 0         ; 0    ; 0            ; |g31_YMD_Counter_Testbed|g31_YMD_Counter:counter|g31_Year_Block:year_block                                                                                                 ;              ;
;    |g31_basic_timer:timer|                         ; 36 (9)            ; 26 (0)       ; 0           ; 0            ; 0       ; 0         ; 0    ; 0            ; |g31_YMD_Counter_Testbed|g31_basic_timer:timer                                                                                                                             ;              ;
;       |lpm_counter:counter|                        ; 27 (0)            ; 26 (0)       ; 0           ; 0            ; 0       ; 0         ; 0    ; 0            ; |g31_YMD_Counter_Testbed|g31_basic_timer:timer|lpm_counter:counter                                                                                                         ;              ;
;          |cntr_cfl:auto_generated|                 ; 27 (27)           ; 26 (26)      ; 0           ; 0            ; 0       ; 0         ; 0    ; 0            ; |g31_YMD_Counter_Testbed|g31_basic_timer:timer|lpm_counter:counter|cntr_cfl:auto_generated                                                                                 ;              ;
;    |g31_binary_to_seven_segment:displayer|         ; 46 (0)            ; 0 (0)        ; 1024        ; 0            ; 0       ; 0         ; 0    ; 0            ; |g31_YMD_Counter_Testbed|g31_binary_to_seven_segment:displayer                                                                                                             ;              ;
;       |g31_binary_to_BCD:bin_BCD_1|                ; 0 (0)             ; 0 (0)        ; 512         ; 0            ; 0       ; 0         ; 0    ; 0            ; |g31_YMD_Counter_Testbed|g31_binary_to_seven_segment:displayer|g31_binary_to_BCD:bin_BCD_1                                                                                 ;              ;
;          |lpm_rom:crc_rom|                         ; 0 (0)             ; 0 (0)        ; 512         ; 0            ; 0       ; 0         ; 0    ; 0            ; |g31_YMD_Counter_Testbed|g31_binary_to_seven_segment:displayer|g31_binary_to_BCD:bin_BCD_1|lpm_rom:crc_rom                                                                 ;              ;
;             |altrom:srom|                          ; 0 (0)             ; 0 (0)        ; 512         ; 0            ; 0       ; 0         ; 0    ; 0            ; |g31_YMD_Counter_Testbed|g31_binary_to_seven_segment:displayer|g31_binary_to_BCD:bin_BCD_1|lpm_rom:crc_rom|altrom:srom                                                     ;              ;
;                |altsyncram:rom_block|              ; 0 (0)             ; 0 (0)        ; 512         ; 0            ; 0       ; 0         ; 0    ; 0            ; |g31_YMD_Counter_Testbed|g31_binary_to_seven_segment:displayer|g31_binary_to_BCD:bin_BCD_1|lpm_rom:crc_rom|altrom:srom|altsyncram:rom_block                                ;              ;
;                   |altsyncram_e501:auto_generated| ; 0 (0)             ; 0 (0)        ; 512         ; 0            ; 0       ; 0         ; 0    ; 0            ; |g31_YMD_Counter_Testbed|g31_binary_to_seven_segment:displayer|g31_binary_to_BCD:bin_BCD_1|lpm_rom:crc_rom|altrom:srom|altsyncram:rom_block|altsyncram_e501:auto_generated ;              ;
;       |g31_binary_to_BCD:bin_BCD_2|                ; 0 (0)             ; 0 (0)        ; 512         ; 0            ; 0       ; 0         ; 0    ; 0            ; |g31_YMD_Counter_Testbed|g31_binary_to_seven_segment:displayer|g31_binary_to_BCD:bin_BCD_2                                                                                 ;              ;
;          |lpm_rom:crc_rom|                         ; 0 (0)             ; 0 (0)        ; 512         ; 0            ; 0       ; 0         ; 0    ; 0            ; |g31_YMD_Counter_Testbed|g31_binary_to_seven_segment:displayer|g31_binary_to_BCD:bin_BCD_2|lpm_rom:crc_rom                                                                 ;              ;
;             |altrom:srom|                          ; 0 (0)             ; 0 (0)        ; 512         ; 0            ; 0       ; 0         ; 0    ; 0            ; |g31_YMD_Counter_Testbed|g31_binary_to_seven_segment:displayer|g31_binary_to_BCD:bin_BCD_2|lpm_rom:crc_rom|altrom:srom                                                     ;              ;
;                |altsyncram:rom_block|              ; 0 (0)             ; 0 (0)        ; 512         ; 0            ; 0       ; 0         ; 0    ; 0            ; |g31_YMD_Counter_Testbed|g31_binary_to_seven_segment:displayer|g31_binary_to_BCD:bin_BCD_2|lpm_rom:crc_rom|altrom:srom|altsyncram:rom_block                                ;              ;
;                   |altsyncram_e501:auto_generated| ; 0 (0)             ; 0 (0)        ; 512         ; 0            ; 0       ; 0         ; 0    ; 0            ; |g31_YMD_Counter_Testbed|g31_binary_to_seven_segment:displayer|g31_binary_to_BCD:bin_BCD_2|lpm_rom:crc_rom|altrom:srom|altsyncram:rom_block|altsyncram_e501:auto_generated ;              ;
;       |g31_seven_segment_decoder:sevenseg1|        ; 7 (7)             ; 0 (0)        ; 0           ; 0            ; 0       ; 0         ; 0    ; 0            ; |g31_YMD_Counter_Testbed|g31_binary_to_seven_segment:displayer|g31_seven_segment_decoder:sevenseg1                                                                         ;              ;
;       |g31_seven_segment_decoder:sevenseg2|        ; 15 (15)           ; 0 (0)        ; 0           ; 0            ; 0       ; 0         ; 0    ; 0            ; |g31_YMD_Counter_Testbed|g31_binary_to_seven_segment:displayer|g31_seven_segment_decoder:sevenseg2                                                                         ;              ;
;       |g31_seven_segment_decoder:sevenseg3|        ; 16 (16)           ; 0 (0)        ; 0           ; 0            ; 0       ; 0         ; 0    ; 0            ; |g31_YMD_Counter_Testbed|g31_binary_to_seven_segment:displayer|g31_seven_segment_decoder:sevenseg3                                                                         ;              ;
;       |g31_seven_segment_decoder:sevenseg4|        ; 8 (8)             ; 0 (0)        ; 0           ; 0            ; 0       ; 0         ; 0    ; 0            ; |g31_YMD_Counter_Testbed|g31_binary_to_seven_segment:displayer|g31_seven_segment_decoder:sevenseg4                                                                         ;              ;
+----------------------------------------------------+-------------------+--------------+-------------+--------------+---------+-----------+------+--------------+----------------------------------------------------------------------------------------------------------------------------------------------------------------------------+--------------+
Note: For table entries with two numbers listed, the numbers in parentheses indicate the number of resources of the given type used by the specific entity alone. The numbers listed outside of parentheses indicate the total resources of the given type used by the specific entity and all of its sub-entities in the hierarchy.


+-------------------------------------------------------------------------------------------------------------------------------------------------------------------------------------------------------------------------------------------------------------+
; Analysis & Synthesis RAM Summary                                                                                                                                                                                                                            ;
+--------------------------------------------------------------------------------------------------------------------------------------------------------------+------+------+--------------+--------------+--------------+--------------+------+-------------+
; Name                                                                                                                                                         ; Type ; Mode ; Port A Depth ; Port A Width ; Port B Depth ; Port B Width ; Size ; MIF         ;
+--------------------------------------------------------------------------------------------------------------------------------------------------------------+------+------+--------------+--------------+--------------+--------------+------+-------------+
; g31_binary_to_seven_segment:displayer|g31_binary_to_BCD:bin_BCD_1|lpm_rom:crc_rom|altrom:srom|altsyncram:rom_block|altsyncram_e501:auto_generated|ALTSYNCRAM ; AUTO ; ROM  ; 64           ; 8            ; --           ; --           ; 512  ; crc_rom.mif ;
; g31_binary_to_seven_segment:displayer|g31_binary_to_BCD:bin_BCD_2|lpm_rom:crc_rom|altrom:srom|altsyncram:rom_block|altsyncram_e501:auto_generated|ALTSYNCRAM ; AUTO ; ROM  ; 64           ; 8            ; --           ; --           ; 512  ; crc_rom.mif ;
+--------------------------------------------------------------------------------------------------------------------------------------------------------------+------+------+--------------+--------------+--------------+--------------+------+-------------+


+----------------------------------------------------------------------------------------------------+
; User-Specified and Inferred Latches                                                                ;
+-----------------------------------------------------+---------------------+------------------------+
; Latch Name                                          ; Latch Enable Signal ; Free of Timing Hazards ;
+-----------------------------------------------------+---------------------+------------------------+
; month_set[0]                                        ; load_m              ; yes                    ;
; day_set[0]                                          ; load_d              ; yes                    ;
; year_set[0]                                         ; load_y              ; yes                    ;
; month_set[1]                                        ; load_m              ; yes                    ;
; day_set[1]                                          ; load_d              ; yes                    ;
; year_set[1]                                         ; load_y              ; yes                    ;
; month_set[2]                                        ; load_m              ; yes                    ;
; day_set[2]                                          ; load_d              ; yes                    ;
; year_set[2]                                         ; load_y              ; yes                    ;
; month_set[3]                                        ; load_m              ; yes                    ;
; day_set[3]                                          ; load_d              ; yes                    ;
; year_set[3]                                         ; load_y              ; yes                    ;
; day_set[4]                                          ; load_d              ; yes                    ;
; year_set[4]                                         ; load_y              ; yes                    ;
; Number of user-specified and inferred latches = 14  ;                     ;                        ;
+-----------------------------------------------------+---------------------+------------------------+
Note: All latches listed above may not be present at the end of synthesis due to various synthesis optimizations.


+-------------------------------------------------------------------------------------------------------+
; Registers Removed During Synthesis                                                                    ;
+----------------------------------------------------------------------------------+--------------------+
; Register name                                                                    ; Reason for Removal ;
+----------------------------------------------------------------------------------+--------------------+
; g31_basic_timer:timer|lpm_counter:counter2|cntr_cfl:auto_generated|safe_q[0..25] ; Lost fanout        ;
; Total Number of Removed Registers = 26                                           ;                    ;
+----------------------------------------------------------------------------------+--------------------+


+------------------------------------------------------+
; General Register Statistics                          ;
+----------------------------------------------+-------+
; Statistic                                    ; Value ;
+----------------------------------------------+-------+
; Total registers                              ; 48    ;
; Number of registers using Synchronous Clear  ; 0     ;
; Number of registers using Synchronous Load   ; 26    ;
; Number of registers using Asynchronous Clear ; 0     ;
; Number of registers using Asynchronous Load  ; 0     ;
; Number of registers using Clock Enable       ; 40    ;
; Number of registers using Preset             ; 0     ;
+----------------------------------------------+-------+


+----------------------------------------------------------------------------------------------------------------------------------------------------------------------------------------------------------+
; Multiplexer Restructuring Statistics (Restructuring Performed)                                                                                                                                           ;
+--------------------+-----------+---------------+----------------------+------------------------+------------+--------------------------------------------------------------------------------------------+
; Multiplexer Inputs ; Bus Width ; Baseline Area ; Area if Restructured ; Saving if Restructured ; Registered ; Example Multiplexer Output                                                                 ;
+--------------------+-----------+---------------+----------------------+------------------------+------------+--------------------------------------------------------------------------------------------+
; 4:1                ; 5 bits    ; 10 LEs        ; 10 LEs               ; 0 LEs                  ; Yes        ; |g31_YMD_Counter_Testbed|g31_YMD_Counter:counter|g31_Day_Block:day_block|days_out[4]       ;
; 4:1                ; 4 bits    ; 8 LEs         ; 8 LEs                ; 0 LEs                  ; Yes        ; |g31_YMD_Counter_Testbed|g31_YMD_Counter:counter|g31_Month_Block:month_block|months_out[0] ;
; 4:1                ; 7 bits    ; 14 LEs        ; 7 LEs                ; 7 LEs                  ; Yes        ; |g31_YMD_Counter_Testbed|g31_YMD_Counter:counter|g31_Year_Block:year_block|years_out[9]    ;
; 4:1                ; 5 bits    ; 10 LEs        ; 10 LEs               ; 0 LEs                  ; Yes        ; |g31_YMD_Counter_Testbed|g31_YMD_Counter:counter|g31_Year_Block:year_block|years_out[3]    ;
; 4:1                ; 4 bits    ; 8 LEs         ; 8 LEs                ; 0 LEs                  ; No         ; |g31_YMD_Counter_Testbed|Mux8                                                              ;
+--------------------+-----------+---------------+----------------------+------------------------+------------+--------------------------------------------------------------------------------------------+


+------------------------------------------------------------------+
; Source assignments for g31_basic_timer:timer|LPM_COUNTER:counter ;
+---------------------------+-------+------+-----------------------+
; Assignment                ; Value ; From ; To                    ;
+---------------------------+-------+------+-----------------------+
; SUPPRESS_DA_RULE_INTERNAL ; a101  ; -    ; -                     ;
; SUPPRESS_DA_RULE_INTERNAL ; s102  ; -    ; -                     ;
; SUPPRESS_DA_RULE_INTERNAL ; s103  ; -    ; -                     ;
+---------------------------+-------+------+-----------------------+


+-------------------------------------------------------------------+
; Source assignments for g31_basic_timer:timer|LPM_COUNTER:counter2 ;
+---------------------------+-------+------+------------------------+
; Assignment                ; Value ; From ; To                     ;
+---------------------------+-------+------+------------------------+
; SUPPRESS_DA_RULE_INTERNAL ; a101  ; -    ; -                      ;
; SUPPRESS_DA_RULE_INTERNAL ; s102  ; -    ; -                      ;
; SUPPRESS_DA_RULE_INTERNAL ; s103  ; -    ; -                      ;
+---------------------------+-------+------+------------------------+


+--------------------------------------------------------------------------------------------------------------------------------------------------------------------------+
; Source assignments for g31_binary_to_seven_segment:displayer|g31_binary_to_BCD:bin_BCD_1|LPM_ROM:crc_rom|altrom:srom|altsyncram:rom_block|altsyncram_e501:auto_generated ;
+---------------------------------+--------------------+------+------------------------------------------------------------------------------------------------------------+
; Assignment                      ; Value              ; From ; To                                                                                                         ;
+---------------------------------+--------------------+------+------------------------------------------------------------------------------------------------------------+
; OPTIMIZE_POWER_DURING_SYNTHESIS ; NORMAL_COMPILATION ; -    ; -                                                                                                          ;
+---------------------------------+--------------------+------+------------------------------------------------------------------------------------------------------------+


+--------------------------------------------------------------------------------------------------------------------------------------------------------------------------+
; Source assignments for g31_binary_to_seven_segment:displayer|g31_binary_to_BCD:bin_BCD_2|LPM_ROM:crc_rom|altrom:srom|altsyncram:rom_block|altsyncram_e501:auto_generated ;
+---------------------------------+--------------------+------+------------------------------------------------------------------------------------------------------------+
; Assignment                      ; Value              ; From ; To                                                                                                         ;
+---------------------------------+--------------------+------+------------------------------------------------------------------------------------------------------------+
; OPTIMIZE_POWER_DURING_SYNTHESIS ; NORMAL_COMPILATION ; -    ; -                                                                                                          ;
+---------------------------------+--------------------+------+------------------------------------------------------------------------------------------------------------+


+---------------------------------------------------------------------------------------+
; Parameter Settings for User Entity Instance: g31_basic_timer:timer|LPM_CONSTANT:const ;
+--------------------+------------------+-----------------------------------------------+
; Parameter Name     ; Value            ; Type                                          ;
+--------------------+------------------+-----------------------------------------------+
; LPM_WIDTH          ; 26               ; Signed Integer                                ;
; LPM_CVALUE         ; 499999           ; Signed Integer                                ;
; ENABLE_RUNTIME_MOD ; NO               ; Untyped                                       ;
; CBXI_PARAMETER     ; lpm_constant_3l4 ; Untyped                                       ;
+--------------------+------------------+-----------------------------------------------+
Note: In order to hide this table in the UI and the text report file, please set the "Show Parameter Settings Tables in Synthesis Report" option in "Analysis and Synthesis Settings -> More Settings" to "Off".


+----------------------------------------------------------------------------------------+
; Parameter Settings for User Entity Instance: g31_basic_timer:timer|LPM_COUNTER:counter ;
+------------------------+-------------------+-------------------------------------------+
; Parameter Name         ; Value             ; Type                                      ;
+------------------------+-------------------+-------------------------------------------+
; AUTO_CARRY_CHAINS      ; ON                ; AUTO_CARRY                                ;
; IGNORE_CARRY_BUFFERS   ; OFF               ; IGNORE_CARRY                              ;
; AUTO_CASCADE_CHAINS    ; ON                ; AUTO_CASCADE                              ;
; IGNORE_CASCADE_BUFFERS ; OFF               ; IGNORE_CASCADE                            ;
; LPM_WIDTH              ; 26                ; Signed Integer                            ;
; LPM_DIRECTION          ; DOWN              ; Untyped                                   ;
; LPM_MODULUS            ; 0                 ; Signed Integer                            ;
; LPM_AVALUE             ; UNUSED            ; Untyped                                   ;
; LPM_SVALUE             ; UNUSED            ; Untyped                                   ;
; LPM_PORT_UPDOWN        ; PORT_CONNECTIVITY ; Untyped                                   ;
; DEVICE_FAMILY          ; Cyclone II        ; Untyped                                   ;
; CARRY_CHAIN            ; MANUAL            ; Untyped                                   ;
; CARRY_CHAIN_LENGTH     ; 48                ; CARRY_CHAIN_LENGTH                        ;
; NOT_GATE_PUSH_BACK     ; ON                ; NOT_GATE_PUSH_BACK                        ;
; CARRY_CNT_EN           ; SMART             ; Untyped                                   ;
; LABWIDE_SCLR           ; ON                ; Untyped                                   ;
; USE_NEW_VERSION        ; TRUE              ; Untyped                                   ;
; CBXI_PARAMETER         ; cntr_cfl          ; Untyped                                   ;
+------------------------+-------------------+-------------------------------------------+
Note: In order to hide this table in the UI and the text report file, please set the "Show Parameter Settings Tables in Synthesis Report" option in "Analysis and Synthesis Settings -> More Settings" to "Off".


+----------------------------------------------------------------------------------------+
; Parameter Settings for User Entity Instance: g31_basic_timer:timer|LPM_CONSTANT:const2 ;
+--------------------+------------------+------------------------------------------------+
; Parameter Name     ; Value            ; Type                                           ;
+--------------------+------------------+------------------------------------------------+
; LPM_WIDTH          ; 26               ; Signed Integer                                 ;
; LPM_CVALUE         ; 51374562         ; Signed Integer                                 ;
; ENABLE_RUNTIME_MOD ; NO               ; Untyped                                        ;
; CBXI_PARAMETER     ; lpm_constant_1n4 ; Untyped                                        ;
+--------------------+------------------+------------------------------------------------+
Note: In order to hide this table in the UI and the text report file, please set the "Show Parameter Settings Tables in Synthesis Report" option in "Analysis and Synthesis Settings -> More Settings" to "Off".


+-----------------------------------------------------------------------------------------+
; Parameter Settings for User Entity Instance: g31_basic_timer:timer|LPM_COUNTER:counter2 ;
+------------------------+-------------------+--------------------------------------------+
; Parameter Name         ; Value             ; Type                                       ;
+------------------------+-------------------+--------------------------------------------+
; AUTO_CARRY_CHAINS      ; ON                ; AUTO_CARRY                                 ;
; IGNORE_CARRY_BUFFERS   ; OFF               ; IGNORE_CARRY                               ;
; AUTO_CASCADE_CHAINS    ; ON                ; AUTO_CASCADE                               ;
; IGNORE_CASCADE_BUFFERS ; OFF               ; IGNORE_CASCADE                             ;
; LPM_WIDTH              ; 26                ; Signed Integer                             ;
; LPM_DIRECTION          ; DOWN              ; Untyped                                    ;
; LPM_MODULUS            ; 0                 ; Signed Integer                             ;
; LPM_AVALUE             ; UNUSED            ; Untyped                                    ;
; LPM_SVALUE             ; UNUSED            ; Untyped                                    ;
; LPM_PORT_UPDOWN        ; PORT_CONNECTIVITY ; Untyped                                    ;
; DEVICE_FAMILY          ; Cyclone II        ; Untyped                                    ;
; CARRY_CHAIN            ; MANUAL            ; Untyped                                    ;
; CARRY_CHAIN_LENGTH     ; 48                ; CARRY_CHAIN_LENGTH                         ;
; NOT_GATE_PUSH_BACK     ; ON                ; NOT_GATE_PUSH_BACK                         ;
; CARRY_CNT_EN           ; SMART             ; Untyped                                    ;
; LABWIDE_SCLR           ; ON                ; Untyped                                    ;
; USE_NEW_VERSION        ; TRUE              ; Untyped                                    ;
; CBXI_PARAMETER         ; cntr_cfl          ; Untyped                                    ;
+------------------------+-------------------+--------------------------------------------+
Note: In order to hide this table in the UI and the text report file, please set the "Show Parameter Settings Tables in Synthesis Report" option in "Analysis and Synthesis Settings -> More Settings" to "Off".


+--------------------------------------------------------------------------------------------------------------------------------+
; Parameter Settings for User Entity Instance: g31_binary_to_seven_segment:displayer|g31_binary_to_BCD:bin_BCD_1|LPM_ROM:crc_rom ;
+------------------------+--------------+----------------------------------------------------------------------------------------+
; Parameter Name         ; Value        ; Type                                                                                   ;
+------------------------+--------------+----------------------------------------------------------------------------------------+
; LPM_WIDTH              ; 8            ; Signed Integer                                                                         ;
; LPM_WIDTHAD            ; 6            ; Signed Integer                                                                         ;
; LPM_NUMWORDS           ; 64           ; Signed Integer                                                                         ;
; LPM_ADDRESS_CONTROL    ; REGISTERED   ; Untyped                                                                                ;
; LPM_OUTDATA            ; UNREGISTERED ; Untyped                                                                                ;
; LPM_FILE               ; crc_rom.mif  ; Untyped                                                                                ;
; DEVICE_FAMILY          ; Cyclone II   ; Untyped                                                                                ;
; AUTO_CARRY_CHAINS      ; ON           ; AUTO_CARRY                                                                             ;
; IGNORE_CARRY_BUFFERS   ; OFF          ; IGNORE_CARRY                                                                           ;
; AUTO_CASCADE_CHAINS    ; ON           ; AUTO_CASCADE                                                                           ;
; IGNORE_CASCADE_BUFFERS ; OFF          ; IGNORE_CASCADE                                                                         ;
+------------------------+--------------+----------------------------------------------------------------------------------------+
Note: In order to hide this table in the UI and the text report file, please set the "Show Parameter Settings Tables in Synthesis Report" option in "Analysis and Synthesis Settings -> More Settings" to "Off".


+--------------------------------------------------------------------------------------------------------------------------------+
; Parameter Settings for User Entity Instance: g31_binary_to_seven_segment:displayer|g31_binary_to_BCD:bin_BCD_2|LPM_ROM:crc_rom ;
+------------------------+--------------+----------------------------------------------------------------------------------------+
; Parameter Name         ; Value        ; Type                                                                                   ;
+------------------------+--------------+----------------------------------------------------------------------------------------+
; LPM_WIDTH              ; 8            ; Signed Integer                                                                         ;
; LPM_WIDTHAD            ; 6            ; Signed Integer                                                                         ;
; LPM_NUMWORDS           ; 64           ; Signed Integer                                                                         ;
; LPM_ADDRESS_CONTROL    ; REGISTERED   ; Untyped                                                                                ;
; LPM_OUTDATA            ; UNREGISTERED ; Untyped                                                                                ;
; LPM_FILE               ; crc_rom.mif  ; Untyped                                                                                ;
; DEVICE_FAMILY          ; Cyclone II   ; Untyped                                                                                ;
; AUTO_CARRY_CHAINS      ; ON           ; AUTO_CARRY                                                                             ;
; IGNORE_CARRY_BUFFERS   ; OFF          ; IGNORE_CARRY                                                                           ;
; AUTO_CASCADE_CHAINS    ; ON           ; AUTO_CASCADE                                                                           ;
; IGNORE_CASCADE_BUFFERS ; OFF          ; IGNORE_CASCADE                                                                         ;
+------------------------+--------------+----------------------------------------------------------------------------------------+
Note: In order to hide this table in the UI and the text report file, please set the "Show Parameter Settings Tables in Synthesis Report" option in "Analysis and Synthesis Settings -> More Settings" to "Off".


+-------------------------------------------------------------------------------------------------------+
; Port Connectivity Checks: "g31_binary_to_seven_segment:displayer|g31_seven_segment_decoder:sevenseg4" ;
+----------------+-------+----------+-------------------------------------------------------------------+
; Port           ; Type  ; Severity ; Details                                                           ;
+----------------+-------+----------+-------------------------------------------------------------------+
; rippleblank_in ; Input ; Info     ; Stuck at VCC                                                      ;
+----------------+-------+----------+-------------------------------------------------------------------+


+---------------------------------------------------------------------------------------------------------------------------+
; Port Connectivity Checks: "g31_binary_to_seven_segment:displayer|g31_seven_segment_decoder:sevenseg2"                     ;
+-----------------+--------+----------+-------------------------------------------------------------------------------------+
; Port            ; Type   ; Severity ; Details                                                                             ;
+-----------------+--------+----------+-------------------------------------------------------------------------------------+
; rippleblank_out ; Output ; Info     ; Connected to dangling logic. Logic that only feeds a dangling port will be removed. ;
+-----------------+--------+----------+-------------------------------------------------------------------------------------+


+---------------------------------------------------------------------------------------------------------------------------+
; Port Connectivity Checks: "g31_binary_to_seven_segment:displayer|g31_seven_segment_decoder:sevenseg1"                     ;
+-----------------+--------+----------+-------------------------------------------------------------------------------------+
; Port            ; Type   ; Severity ; Details                                                                             ;
+-----------------+--------+----------+-------------------------------------------------------------------------------------+
; rippleblank_in  ; Input  ; Info     ; Stuck at GND                                                                        ;
; rippleblank_out ; Output ; Info     ; Connected to dangling logic. Logic that only feeds a dangling port will be removed. ;
+-----------------+--------+----------+-------------------------------------------------------------------------------------+


+-----------------------------------------------------+
; Port Connectivity Checks: "g31_YMD_Counter:counter" ;
+--------------+-------+----------+-------------------+
; Port         ; Type  ; Severity ; Details           ;
+--------------+-------+----------+-------------------+
; y_set[11..5] ; Input ; Info     ; Stuck at GND      ;
+--------------+-------+----------+-------------------+


+------------------------------------------------------------------------------------------------------------------+
; Port Connectivity Checks: "g31_basic_timer:timer"                                                                ;
+--------+--------+----------+-------------------------------------------------------------------------------------+
; Port   ; Type   ; Severity ; Details                                                                             ;
+--------+--------+----------+-------------------------------------------------------------------------------------+
; mpulse ; Output ; Info     ; Connected to dangling logic. Logic that only feeds a dangling port will be removed. ;
+--------+--------+----------+-------------------------------------------------------------------------------------+


+-------------------------------+
; Analysis & Synthesis Messages ;
+-------------------------------+
Info: *******************************************************************
Info: Running Quartus II 64-Bit Analysis & Synthesis
    Info: Version 9.1 Build 350 03/24/2010 Service Pack 2 SJ Full Version
    Info: Processing started: Wed Mar 19 15:35:34 2014
Info: Command: quartus_map --read_settings_files=on --write_settings_files=off g31_lab4_2 -c g31_lab4_2
Info: Parallel compilation is enabled and will use 4 of the 4 processors detected
Info: Found 2 design units, including 1 entities, in source file /altera/g31/lab4.1/g31_basic_timer.vhd
    Info: Found design unit 1: g31_basic_timer-a
    Info: Found entity 1: g31_basic_timer
Info: Found 2 design units, including 1 entities, in source file /altera/g31/lab4.1/g31_binary_to_bcd.vhd
    Info: Found design unit 1: g31_binary_to_BCD-a
    Info: Found entity 1: g31_binary_to_BCD
Info: Found 2 design units, including 1 entities, in source file /altera/g31/lab4.1/g31_binary_to_seven_segment.vhd
    Info: Found design unit 1: g31_binary_to_seven_segment-a
    Info: Found entity 1: g31_binary_to_seven_segment
Info: Found 2 design units, including 1 entities, in source file /altera/g31/lab4.1/g31_day_block.vhd
    Info: Found design unit 1: g31_Day_Block-behaviour
    Info: Found entity 1: g31_Day_Block
Info: Found 2 design units, including 1 entities, in source file /altera/g31/lab4.1/g31_month_block.vhd
    Info: Found design unit 1: g31_Month_Block-behaviour
    Info: Found entity 1: g31_Month_Block
Info: Found 2 design units, including 1 entities, in source file /altera/g31/lab4.1/g31_seven_segment_decoder.vhd
    Info: Found design unit 1: g31_seven_segment_decoder-a
    Info: Found entity 1: g31_seven_segment_decoder
Info: Found 2 design units, including 1 entities, in source file /altera/g31/lab4.1/g31_year_block.vhd
    Info: Found design unit 1: g31_Year_Block-behaviour
    Info: Found entity 1: g31_Year_Block
Info: Found 2 design units, including 1 entities, in source file /altera/g31/lab4.1/g31_ymd_counter.vhd
    Info: Found design unit 1: g31_YMD_Counter-behaviour
    Info: Found entity 1: g31_YMD_Counter
Info: Found 2 design units, including 1 entities, in source file /altera/g31/lab4.1/g31_ymd_counter_testbed.vhd
    Info: Found design unit 1: g31_YMD_Counter_Testbed-behavior
    Info: Found entity 1: g31_YMD_Counter_Testbed
Info: Elaborating entity "g31_YMD_Counter_Testbed" for the top level hierarchy
Warning (10492): VHDL Process Statement warning at g31_YMD_Counter_Testbed.vhd(79): signal "Initial_Set" is read inside the Process Statement but isn't in the Process Statement's sensitivity list
Warning (10492): VHDL Process Statement warning at g31_YMD_Counter_Testbed.vhd(80): signal "year_set" is read inside the Process Statement but isn't in the Process Statement's sensitivity list
Warning (10492): VHDL Process Statement warning at g31_YMD_Counter_Testbed.vhd(83): signal "Initial_Set" is read inside the Process Statement but isn't in the Process Statement's sensitivity list
Warning (10492): VHDL Process Statement warning at g31_YMD_Counter_Testbed.vhd(84): signal "month_set" is read inside the Process Statement but isn't in the Process Statement's sensitivity list
Warning (10492): VHDL Process Statement warning at g31_YMD_Counter_Testbed.vhd(87): signal "Initial_Set" is read inside the Process Statement but isn't in the Process Statement's sensitivity list
Warning (10492): VHDL Process Statement warning at g31_YMD_Counter_Testbed.vhd(88): signal "day_set" is read inside the Process Statement but isn't in the Process Statement's sensitivity list
Warning (10631): VHDL Process Statement warning at g31_YMD_Counter_Testbed.vhd(77): inferring latch(es) for signal or variable "year_set", which holds its previous value in one or more paths through the process
Warning (10631): VHDL Process Statement warning at g31_YMD_Counter_Testbed.vhd(77): inferring latch(es) for signal or variable "month_set", which holds its previous value in one or more paths through the process
Warning (10631): VHDL Process Statement warning at g31_YMD_Counter_Testbed.vhd(77): inferring latch(es) for signal or variable "day_set", which holds its previous value in one or more paths through the process
Info (10041): Inferred latch for "day_set[0]" at g31_YMD_Counter_Testbed.vhd(77)
Info (10041): Inferred latch for "day_set[1]" at g31_YMD_Counter_Testbed.vhd(77)
Info (10041): Inferred latch for "day_set[2]" at g31_YMD_Counter_Testbed.vhd(77)
Info (10041): Inferred latch for "day_set[3]" at g31_YMD_Counter_Testbed.vhd(77)
Info (10041): Inferred latch for "day_set[4]" at g31_YMD_Counter_Testbed.vhd(77)
Info (10041): Inferred latch for "month_set[0]" at g31_YMD_Counter_Testbed.vhd(77)
Info (10041): Inferred latch for "month_set[1]" at g31_YMD_Counter_Testbed.vhd(77)
Info (10041): Inferred latch for "month_set[2]" at g31_YMD_Counter_Testbed.vhd(77)
Info (10041): Inferred latch for "month_set[3]" at g31_YMD_Counter_Testbed.vhd(77)
Info (10041): Inferred latch for "year_set[0]" at g31_YMD_Counter_Testbed.vhd(77)
Info (10041): Inferred latch for "year_set[1]" at g31_YMD_Counter_Testbed.vhd(77)
Info (10041): Inferred latch for "year_set[2]" at g31_YMD_Counter_Testbed.vhd(77)
Info (10041): Inferred latch for "year_set[3]" at g31_YMD_Counter_Testbed.vhd(77)
Info (10041): Inferred latch for "year_set[4]" at g31_YMD_Counter_Testbed.vhd(77)
Info (10041): Inferred latch for "year_set[5]" at g31_YMD_Counter_Testbed.vhd(77)
Info (10041): Inferred latch for "year_set[6]" at g31_YMD_Counter_Testbed.vhd(77)
Info (10041): Inferred latch for "year_set[7]" at g31_YMD_Counter_Testbed.vhd(77)
Info (10041): Inferred latch for "year_set[8]" at g31_YMD_Counter_Testbed.vhd(77)
Info (10041): Inferred latch for "year_set[9]" at g31_YMD_Counter_Testbed.vhd(77)
Info (10041): Inferred latch for "year_set[10]" at g31_YMD_Counter_Testbed.vhd(77)
Info (10041): Inferred latch for "year_set[11]" at g31_YMD_Counter_Testbed.vhd(77)
Info: Elaborating entity "g31_basic_timer" for hierarchy "g31_basic_timer:timer"
Info: Elaborating entity "LPM_CONSTANT" for hierarchy "g31_basic_timer:timer|LPM_CONSTANT:const"
Info: Elaborated megafunction instantiation "g31_basic_timer:timer|LPM_CONSTANT:const"
Info: Instantiated megafunction "g31_basic_timer:timer|LPM_CONSTANT:const" with the following parameter:
    Info: Parameter "LPM_WIDTH" = "26"
    Info: Parameter "LPM_CVALUE" = "499999"
    Info: Parameter "LPM_STRENGTH" = "UNUSED"
    Info: Parameter "LPM_TYPE" = "LPM_CONSTANT"
    Info: Parameter "LPM_HINT" = "UNUSED"
Info: Elaborating entity "LPM_COUNTER" for hierarchy "g31_basic_timer:timer|LPM_COUNTER:counter"
Info: Elaborated megafunction instantiation "g31_basic_timer:timer|LPM_COUNTER:counter"
Info: Instantiated megafunction "g31_basic_timer:timer|LPM_COUNTER:counter" with the following parameter:
    Info: Parameter "LPM_WIDTH" = "26"
    Info: Parameter "LPM_MODULUS" = "0"
    Info: Parameter "LPM_DIRECTION" = "DOWN"
    Info: Parameter "LPM_AVALUE" = "UNUSED"
    Info: Parameter "LPM_SVALUE" = "UNUSED"
    Info: Parameter "LPM_PORT_UPDOWN" = "PORT_CONNECTIVITY"
    Info: Parameter "LPM_PVALUE" = "UNUSED"
    Info: Parameter "LPM_TYPE" = "LPM_COUNTER"
    Info: Parameter "LPM_HINT" = "UNUSED"
Info: Found 1 design units, including 1 entities, in source file db/cntr_cfl.tdf
    Info: Found entity 1: cntr_cfl
Info: Elaborating entity "cntr_cfl" for hierarchy "g31_basic_timer:timer|LPM_COUNTER:counter|cntr_cfl:auto_generated"
Info: Elaborating entity "LPM_CONSTANT" for hierarchy "g31_basic_timer:timer|LPM_CONSTANT:const2"
Info: Elaborated megafunction instantiation "g31_basic_timer:timer|LPM_CONSTANT:const2"
Info: Instantiated megafunction "g31_basic_timer:timer|LPM_CONSTANT:const2" with the following parameter:
    Info: Parameter "LPM_WIDTH" = "26"
    Info: Parameter "LPM_CVALUE" = "51374562"
    Info: Parameter "LPM_STRENGTH" = "UNUSED"
    Info: Parameter "LPM_TYPE" = "LPM_CONSTANT"
    Info: Parameter "LPM_HINT" = "UNUSED"
Info: Elaborating entity "g31_YMD_Counter" for hierarchy "g31_YMD_Counter:counter"
Info: Elaborating entity "g31_Day_Block" for hierarchy "g31_YMD_Counter:counter|g31_Day_Block:day_block"
Info: Elaborating entity "g31_Month_Block" for hierarchy "g31_YMD_Counter:counter|g31_Month_Block:month_block"
Info: Elaborating entity "g31_Year_Block" for hierarchy "g31_YMD_Counter:counter|g31_Year_Block:year_block"
Info: Elaborating entity "g31_binary_to_seven_segment" for hierarchy "g31_binary_to_seven_segment:displayer"
Warning (10036): Verilog HDL or VHDL warning at g31_binary_to_seven_segment.vhd(26): object "rb1" assigned a value but never read
Warning (10036): Verilog HDL or VHDL warning at g31_binary_to_seven_segment.vhd(27): object "rb2" assigned a value but never read
Info: Elaborating entity "g31_binary_to_BCD" for hierarchy "g31_binary_to_seven_segment:displayer|g31_binary_to_BCD:bin_BCD_1"
Info: Elaborating entity "LPM_ROM" for hierarchy "g31_binary_to_seven_segment:displayer|g31_binary_to_BCD:bin_BCD_1|LPM_ROM:crc_rom"
Info: Elaborated megafunction instantiation "g31_binary_to_seven_segment:displayer|g31_binary_to_BCD:bin_BCD_1|LPM_ROM:crc_rom"
Info: Instantiated megafunction "g31_binary_to_seven_segment:displayer|g31_binary_to_BCD:bin_BCD_1|LPM_ROM:crc_rom" with the following parameter:
    Info: Parameter "LPM_WIDTH" = "8"
    Info: Parameter "LPM_WIDTHAD" = "6"
    Info: Parameter "LPM_NUMWORDS" = "64"
    Info: Parameter "LPM_ADDRESS_CONTROL" = "REGISTERED"
    Info: Parameter "LPM_OUTDATA" = "UNREGISTERED"
    Info: Parameter "LPM_FILE" = "crc_rom.mif"
    Info: Parameter "LPM_TYPE" = "LPM_ROM"
    Info: Parameter "INTENDED_DEVICE_FAMILY" = "UNUSED"
    Info: Parameter "LPM_HINT" = "UNUSED"
Info: Elaborating entity "altrom" for hierarchy "g31_binary_to_seven_segment:displayer|g31_binary_to_BCD:bin_BCD_1|LPM_ROM:crc_rom|altrom:srom"
Info: Elaborated megafunction instantiation "g31_binary_to_seven_segment:displayer|g31_binary_to_BCD:bin_BCD_1|LPM_ROM:crc_rom|altrom:srom", which is child of megafunction instantiation "g31_binary_to_seven_segment:displayer|g31_binary_to_BCD:bin_BCD_1|LPM_ROM:crc_rom"
Info: Elaborating entity "altsyncram" for hierarchy "g31_binary_to_seven_segment:displayer|g31_binary_to_BCD:bin_BCD_1|LPM_ROM:crc_rom|altrom:srom|altsyncram:rom_block"
Info: Elaborated megafunction instantiation "g31_binary_to_seven_segment:displayer|g31_binary_to_BCD:bin_BCD_1|LPM_ROM:crc_rom|altrom:srom|altsyncram:rom_block", which is child of megafunction instantiation "g31_binary_to_seven_segment:displayer|g31_binary_to_BCD:bin_BCD_1|LPM_ROM:crc_rom"
Info: Found 1 design units, including 1 entities, in source file db/altsyncram_e501.tdf
    Info: Found entity 1: altsyncram_e501
Info: Elaborating entity "altsyncram_e501" for hierarchy "g31_binary_to_seven_segment:displayer|g31_binary_to_BCD:bin_BCD_1|LPM_ROM:crc_rom|altrom:srom|altsyncram:rom_block|altsyncram_e501:auto_generated"
Info: Elaborating entity "g31_seven_segment_decoder" for hierarchy "g31_binary_to_seven_segment:displayer|g31_seven_segment_decoder:sevenseg1"
Warning: Tri-state node(s) do not directly drive top-level pin(s)
    Warning: Converted tri-state buffer "g31_binary_to_seven_segment:displayer|g31_binary_to_BCD:bin_BCD_2|lpm_rom:crc_rom|otri[7]" feeding internal logic into a wire
    Warning: Converted tri-state buffer "g31_binary_to_seven_segment:displayer|g31_binary_to_BCD:bin_BCD_2|lpm_rom:crc_rom|otri[6]" feeding internal logic into a wire
    Warning: Converted tri-state buffer "g31_binary_to_seven_segment:displayer|g31_binary_to_BCD:bin_BCD_2|lpm_rom:crc_rom|otri[5]" feeding internal logic into a wire
    Warning: Converted tri-state buffer "g31_binary_to_seven_segment:displayer|g31_binary_to_BCD:bin_BCD_2|lpm_rom:crc_rom|otri[4]" feeding internal logic into a wire
    Warning: Converted tri-state buffer "g31_binary_to_seven_segment:displayer|g31_binary_to_BCD:bin_BCD_2|lpm_rom:crc_rom|otri[3]" feeding internal logic into a wire
    Warning: Converted tri-state buffer "g31_binary_to_seven_segment:displayer|g31_binary_to_BCD:bin_BCD_2|lpm_rom:crc_rom|otri[2]" feeding internal logic into a wire
    Warning: Converted tri-state buffer "g31_binary_to_seven_segment:displayer|g31_binary_to_BCD:bin_BCD_2|lpm_rom:crc_rom|otri[1]" feeding internal logic into a wire
    Warning: Converted tri-state buffer "g31_binary_to_seven_segment:displayer|g31_binary_to_BCD:bin_BCD_2|lpm_rom:crc_rom|otri[0]" feeding internal logic into a wire
    Warning: Converted tri-state buffer "g31_binary_to_seven_segment:displayer|g31_binary_to_BCD:bin_BCD_1|lpm_rom:crc_rom|otri[7]" feeding internal logic into a wire
    Warning: Converted tri-state buffer "g31_binary_to_seven_segment:displayer|g31_binary_to_BCD:bin_BCD_1|lpm_rom:crc_rom|otri[6]" feeding internal logic into a wire
    Warning: Converted tri-state buffer "g31_binary_to_seven_segment:displayer|g31_binary_to_BCD:bin_BCD_1|lpm_rom:crc_rom|otri[5]" feeding internal logic into a wire
    Warning: Converted tri-state buffer "g31_binary_to_seven_segment:displayer|g31_binary_to_BCD:bin_BCD_1|lpm_rom:crc_rom|otri[4]" feeding internal logic into a wire
    Warning: Converted tri-state buffer "g31_binary_to_seven_segment:displayer|g31_binary_to_BCD:bin_BCD_1|lpm_rom:crc_rom|otri[3]" feeding internal logic into a wire
    Warning: Converted tri-state buffer "g31_binary_to_seven_segment:displayer|g31_binary_to_BCD:bin_BCD_1|lpm_rom:crc_rom|otri[2]" feeding internal logic into a wire
    Warning: Converted tri-state buffer "g31_binary_to_seven_segment:displayer|g31_binary_to_BCD:bin_BCD_1|lpm_rom:crc_rom|otri[1]" feeding internal logic into a wire
    Warning: Converted tri-state buffer "g31_binary_to_seven_segment:displayer|g31_binary_to_BCD:bin_BCD_1|lpm_rom:crc_rom|otri[0]" feeding internal logic into a wire
Info: 26 registers lost all their fanouts during netlist optimizations. The first 26 are displayed below.
    Info: Register "g31_basic_timer:timer|lpm_counter:counter2|cntr_cfl:auto_generated|safe_q[25]" lost all its fanouts during netlist optimizations.
    Info: Register "g31_basic_timer:timer|lpm_counter:counter2|cntr_cfl:auto_generated|safe_q[24]" lost all its fanouts during netlist optimizations.
    Info: Register "g31_basic_timer:timer|lpm_counter:counter2|cntr_cfl:auto_generated|safe_q[23]" lost all its fanouts during netlist optimizations.
    Info: Register "g31_basic_timer:timer|lpm_counter:counter2|cntr_cfl:auto_generated|safe_q[22]" lost all its fanouts during netlist optimizations.
    Info: Register "g31_basic_timer:timer|lpm_counter:counter2|cntr_cfl:auto_generated|safe_q[21]" lost all its fanouts during netlist optimizations.
    Info: Register "g31_basic_timer:timer|lpm_counter:counter2|cntr_cfl:auto_generated|safe_q[20]" lost all its fanouts during netlist optimizations.
    Info: Register "g31_basic_timer:timer|lpm_counter:counter2|cntr_cfl:auto_generated|safe_q[19]" lost all its fanouts during netlist optimizations.
    Info: Register "g31_basic_timer:timer|lpm_counter:counter2|cntr_cfl:auto_generated|safe_q[18]" lost all its fanouts during netlist optimizations.
    Info: Register "g31_basic_timer:timer|lpm_counter:counter2|cntr_cfl:auto_generated|safe_q[17]" lost all its fanouts during netlist optimizations.
    Info: Register "g31_basic_timer:timer|lpm_counter:counter2|cntr_cfl:auto_generated|safe_q[16]" lost all its fanouts during netlist optimizations.
    Info: Register "g31_basic_timer:timer|lpm_counter:counter2|cntr_cfl:auto_generated|safe_q[15]" lost all its fanouts during netlist optimizations.
    Info: Register "g31_basic_timer:timer|lpm_counter:counter2|cntr_cfl:auto_generated|safe_q[14]" lost all its fanouts during netlist optimizations.
    Info: Register "g31_basic_timer:timer|lpm_counter:counter2|cntr_cfl:auto_generated|safe_q[13]" lost all its fanouts during netlist optimizations.
    Info: Register "g31_basic_timer:timer|lpm_counter:counter2|cntr_cfl:auto_generated|safe_q[12]" lost all its fanouts during netlist optimizations.
    Info: Register "g31_basic_timer:timer|lpm_counter:counter2|cntr_cfl:auto_generated|safe_q[11]" lost all its fanouts during netlist optimizations.
    Info: Register "g31_basic_timer:timer|lpm_counter:counter2|cntr_cfl:auto_generated|safe_q[10]" lost all its fanouts during netlist optimizations.
    Info: Register "g31_basic_timer:timer|lpm_counter:counter2|cntr_cfl:auto_generated|safe_q[9]" lost all its fanouts during netlist optimizations.
    Info: Register "g31_basic_timer:timer|lpm_counter:counter2|cntr_cfl:auto_generated|safe_q[8]" lost all its fanouts during netlist optimizations.
    Info: Register "g31_basic_timer:timer|lpm_counter:counter2|cntr_cfl:auto_generated|safe_q[7]" lost all its fanouts during netlist optimizations.
    Info: Register "g31_basic_timer:timer|lpm_counter:counter2|cntr_cfl:auto_generated|safe_q[6]" lost all its fanouts during netlist optimizations.
    Info: Register "g31_basic_timer:timer|lpm_counter:counter2|cntr_cfl:auto_generated|safe_q[5]" lost all its fanouts during netlist optimizations.
    Info: Register "g31_basic_timer:timer|lpm_counter:counter2|cntr_cfl:auto_generated|safe_q[4]" lost all its fanouts during netlist optimizations.
    Info: Register "g31_basic_timer:timer|lpm_counter:counter2|cntr_cfl:auto_generated|safe_q[3]" lost all its fanouts during netlist optimizations.
    Info: Register "g31_basic_timer:timer|lpm_counter:counter2|cntr_cfl:auto_generated|safe_q[2]" lost all its fanouts during netlist optimizations.
    Info: Register "g31_basic_timer:timer|lpm_counter:counter2|cntr_cfl:auto_generated|safe_q[1]" lost all its fanouts during netlist optimizations.
    Info: Register "g31_basic_timer:timer|lpm_counter:counter2|cntr_cfl:auto_generated|safe_q[0]" lost all its fanouts during netlist optimizations.
Warning: Ignored assignments for entity "g31_lab4_2" -- entity does not exist in design
    Warning: Assignment for entity set_global_assignment -name LL_ROOT_REGION ON -entity g31_lab4_2 -section_id "Root Region" was ignored
    Warning: Assignment for entity set_global_assignment -name LL_MEMBER_STATE LOCKED -entity g31_lab4_2 -section_id "Root Region" was ignored
Info: Implemented 236 device resources after synthesis - the final resource count might be different
    Info: Implemented 14 input pins
    Info: Implemented 28 output pins
    Info: Implemented 178 logic cells
    Info: Implemented 16 RAM segments
Info: Quartus II 64-Bit Analysis & Synthesis was successful. 0 errors, 31 warnings
    Info: Peak virtual memory: 331 megabytes
    Info: Processing ended: Wed Mar 19 15:35:36 2014
    Info: Elapsed time: 00:00:02
    Info: Total CPU time (on all processors): 00:00:02


