Classic Timing Analyzer report for g31_binary_to_seven_segment
Tue Feb 04 17:23:10 2014
Quartus II 64-Bit Version 9.1 Build 350 03/24/2010 Service Pack 2 SJ Full Version


---------------------
; Table of Contents ;
---------------------
  1. Legal Notice
  2. Timing Analyzer Summary
  3. Timing Analyzer Settings
  4. Clock Settings Summary
  5. Parallel Compilation
  6. tsu
  7. tco
  8. th
  9. Timing Analyzer Messages



----------------
; Legal Notice ;
----------------
Copyright (C) 1991-2010 Altera Corporation
Your use of Altera Corporation's design tools, logic functions 
and other software and tools, and its AMPP partner logic 
functions, and any output files from any of the foregoing 
(including device programming or simulation files), and any 
associated documentation or information are expressly subject 
to the terms and conditions of the Altera Program License 
Subscription Agreement, Altera MegaCore Function License 
Agreement, or other applicable license agreement, including, 
without limitation, that your use is for the sole purpose of 
programming logic devices manufactured by Altera and sold by 
Altera or its authorized distributors.  Please refer to the 
applicable agreement for further details.



+---------------------------------------------------------------------------------------------------------------------------------------------------------------------------------------------------------------------------------------------------------------------------------------------------------------------------------------------------------------------------------------------+
; Timing Analyzer Summary                                                                                                                                                                                                                                                                                                                                                                     ;
+------------------------------+-------+---------------+-------------+----------------------------------------------------------------------------------------------------------------------------------------+----------------------------------------------------------------------------------------------------------------------------------------+------------+----------+--------------+
; Type                         ; Slack ; Required Time ; Actual Time ; From                                                                                                                                   ; To                                                                                                                                     ; From Clock ; To Clock ; Failed Paths ;
+------------------------------+-------+---------------+-------------+----------------------------------------------------------------------------------------------------------------------------------------+----------------------------------------------------------------------------------------------------------------------------------------+------------+----------+--------------+
; Worst-case tsu               ; N/A   ; None          ; 0.824 ns    ; bin[4]                                                                                                                                 ; g31_binary_to_BCD:inst|lpm_rom:crc_rom|altrom:srom|altsyncram:rom_block|altsyncram_e501:auto_generated|ram_block1a0~porta_address_reg4 ; --         ; clock    ; 0            ;
; Worst-case tco               ; N/A   ; None          ; 15.167 ns   ; g31_binary_to_BCD:inst|lpm_rom:crc_rom|altrom:srom|altsyncram:rom_block|altsyncram_e501:auto_generated|ram_block1a0~porta_address_reg5 ; segments2[4]                                                                                                                           ; clock      ; --       ; 0            ;
; Worst-case th                ; N/A   ; None          ; 0.164 ns    ; bin[2]                                                                                                                                 ; g31_binary_to_BCD:inst|lpm_rom:crc_rom|altrom:srom|altsyncram:rom_block|altsyncram_e501:auto_generated|ram_block1a0~porta_address_reg2 ; --         ; clock    ; 0            ;
; Total number of failed paths ;       ;               ;             ;                                                                                                                                        ;                                                                                                                                        ;            ;          ; 0            ;
+------------------------------+-------+---------------+-------------+----------------------------------------------------------------------------------------------------------------------------------------+----------------------------------------------------------------------------------------------------------------------------------------+------------+----------+--------------+


+-----------------------------------------------------------------------------------------------------------------------------------------------------+
; Timing Analyzer Settings                                                                                                                            ;
+------------------------------------------------------------------------------------------------------+--------------------+------+----+-------------+
; Option                                                                                               ; Setting            ; From ; To ; Entity Name ;
+------------------------------------------------------------------------------------------------------+--------------------+------+----+-------------+
; Device Name                                                                                          ; EP2C20F484C7       ;      ;    ;             ;
; Timing Models                                                                                        ; Final              ;      ;    ;             ;
; Default hold multicycle                                                                              ; Same as Multicycle ;      ;    ;             ;
; Cut paths between unrelated clock domains                                                            ; On                 ;      ;    ;             ;
; Cut off read during write signal paths                                                               ; On                 ;      ;    ;             ;
; Cut off feedback from I/O pins                                                                       ; On                 ;      ;    ;             ;
; Report Combined Fast/Slow Timing                                                                     ; Off                ;      ;    ;             ;
; Ignore Clock Settings                                                                                ; Off                ;      ;    ;             ;
; Analyze latches as synchronous elements                                                              ; On                 ;      ;    ;             ;
; Enable Recovery/Removal analysis                                                                     ; Off                ;      ;    ;             ;
; Enable Clock Latency                                                                                 ; Off                ;      ;    ;             ;
; Use TimeQuest Timing Analyzer                                                                        ; Off                ;      ;    ;             ;
; Minimum Core Junction Temperature                                                                    ; 0                  ;      ;    ;             ;
; Maximum Core Junction Temperature                                                                    ; 85                 ;      ;    ;             ;
; Number of source nodes to report per destination node                                                ; 10                 ;      ;    ;             ;
; Number of destination nodes to report                                                                ; 10                 ;      ;    ;             ;
; Number of paths to report                                                                            ; 200                ;      ;    ;             ;
; Report Minimum Timing Checks                                                                         ; Off                ;      ;    ;             ;
; Use Fast Timing Models                                                                               ; Off                ;      ;    ;             ;
; Report IO Paths Separately                                                                           ; Off                ;      ;    ;             ;
; Perform Multicorner Analysis                                                                         ; On                 ;      ;    ;             ;
; Reports the worst-case path for each clock domain and analysis                                       ; Off                ;      ;    ;             ;
; Reports worst-case timing paths for each clock domain and analysis                                   ; On                 ;      ;    ;             ;
; Specifies the maximum number of worst-case timing paths to report for each clock domain and analysis ; 100                ;      ;    ;             ;
; Removes common clock path pessimism (CCPP) during slack computation                                  ; Off                ;      ;    ;             ;
; Output I/O Timing Endpoint                                                                           ; Near End           ;      ;    ;             ;
+------------------------------------------------------------------------------------------------------+--------------------+------+----+-------------+


+------------------------------------------------------------------------------------------------------------------------------------------------------------------------------------+
; Clock Settings Summary                                                                                                                                                             ;
+-----------------+--------------------+----------+------------------+---------------+--------------+----------+-----------------------+---------------------+--------+--------------+
; Clock Node Name ; Clock Setting Name ; Type     ; Fmax Requirement ; Early Latency ; Late Latency ; Based on ; Multiply Base Fmax by ; Divide Base Fmax by ; Offset ; Phase offset ;
+-----------------+--------------------+----------+------------------+---------------+--------------+----------+-----------------------+---------------------+--------+--------------+
; clock           ;                    ; User Pin ; None             ; 0.000 ns      ; 0.000 ns     ; --       ; N/A                   ; N/A                 ; N/A    ;              ;
+-----------------+--------------------+----------+------------------+---------------+--------------+----------+-----------------------+---------------------+--------+--------------+


+------------------------------------------+
; Parallel Compilation                     ;
+----------------------------+-------------+
; Processors                 ; Number      ;
+----------------------------+-------------+
; Number detected on machine ; 4           ;
; Maximum allowed            ; 4           ;
;                            ;             ;
; Average used               ; 1.00        ;
; Maximum used               ; 1           ;
;                            ;             ;
; Usage by Processor         ; % Time Used ;
;     1 processor            ; 100.0%      ;
;     2-4 processors         ;   0.0%      ;
+----------------------------+-------------+


+------------------------------------------------------------------------------------------------------------------------------------------------------------------------------------------------+
; tsu                                                                                                                                                                                            ;
+-------+--------------+------------+--------+----------------------------------------------------------------------------------------------------------------------------------------+----------+
; Slack ; Required tsu ; Actual tsu ; From   ; To                                                                                                                                     ; To Clock ;
+-------+--------------+------------+--------+----------------------------------------------------------------------------------------------------------------------------------------+----------+
; N/A   ; None         ; 0.824 ns   ; bin[4] ; g31_binary_to_BCD:inst|lpm_rom:crc_rom|altrom:srom|altsyncram:rom_block|altsyncram_e501:auto_generated|ram_block1a0~porta_address_reg4 ; clock    ;
; N/A   ; None         ; 0.571 ns   ; bin[3] ; g31_binary_to_BCD:inst|lpm_rom:crc_rom|altrom:srom|altsyncram:rom_block|altsyncram_e501:auto_generated|ram_block1a0~porta_address_reg3 ; clock    ;
; N/A   ; None         ; 0.229 ns   ; bin[5] ; g31_binary_to_BCD:inst|lpm_rom:crc_rom|altrom:srom|altsyncram:rom_block|altsyncram_e501:auto_generated|ram_block1a0~porta_address_reg5 ; clock    ;
; N/A   ; None         ; 0.183 ns   ; bin[0] ; g31_binary_to_BCD:inst|lpm_rom:crc_rom|altrom:srom|altsyncram:rom_block|altsyncram_e501:auto_generated|ram_block1a0~porta_address_reg0 ; clock    ;
; N/A   ; None         ; 0.144 ns   ; bin[1] ; g31_binary_to_BCD:inst|lpm_rom:crc_rom|altrom:srom|altsyncram:rom_block|altsyncram_e501:auto_generated|ram_block1a0~porta_address_reg1 ; clock    ;
; N/A   ; None         ; 0.126 ns   ; bin[2] ; g31_binary_to_BCD:inst|lpm_rom:crc_rom|altrom:srom|altsyncram:rom_block|altsyncram_e501:auto_generated|ram_block1a0~porta_address_reg2 ; clock    ;
+-------+--------------+------------+--------+----------------------------------------------------------------------------------------------------------------------------------------+----------+


+--------------------------------------------------------------------------------------------------------------------------------------------------------------------------------------------------------+
; tco                                                                                                                                                                                                    ;
+-------+--------------+------------+----------------------------------------------------------------------------------------------------------------------------------------+--------------+------------+
; Slack ; Required tco ; Actual tco ; From                                                                                                                                   ; To           ; From Clock ;
+-------+--------------+------------+----------------------------------------------------------------------------------------------------------------------------------------+--------------+------------+
; N/A   ; None         ; 15.167 ns  ; g31_binary_to_BCD:inst|lpm_rom:crc_rom|altrom:srom|altsyncram:rom_block|altsyncram_e501:auto_generated|ram_block1a0~porta_address_reg0 ; segments2[4] ; clock      ;
; N/A   ; None         ; 15.167 ns  ; g31_binary_to_BCD:inst|lpm_rom:crc_rom|altrom:srom|altsyncram:rom_block|altsyncram_e501:auto_generated|ram_block1a0~porta_address_reg1 ; segments2[4] ; clock      ;
; N/A   ; None         ; 15.167 ns  ; g31_binary_to_BCD:inst|lpm_rom:crc_rom|altrom:srom|altsyncram:rom_block|altsyncram_e501:auto_generated|ram_block1a0~porta_address_reg2 ; segments2[4] ; clock      ;
; N/A   ; None         ; 15.167 ns  ; g31_binary_to_BCD:inst|lpm_rom:crc_rom|altrom:srom|altsyncram:rom_block|altsyncram_e501:auto_generated|ram_block1a0~porta_address_reg3 ; segments2[4] ; clock      ;
; N/A   ; None         ; 15.167 ns  ; g31_binary_to_BCD:inst|lpm_rom:crc_rom|altrom:srom|altsyncram:rom_block|altsyncram_e501:auto_generated|ram_block1a0~porta_address_reg4 ; segments2[4] ; clock      ;
; N/A   ; None         ; 15.167 ns  ; g31_binary_to_BCD:inst|lpm_rom:crc_rom|altrom:srom|altsyncram:rom_block|altsyncram_e501:auto_generated|ram_block1a0~porta_address_reg5 ; segments2[4] ; clock      ;
; N/A   ; None         ; 15.077 ns  ; g31_binary_to_BCD:inst|lpm_rom:crc_rom|altrom:srom|altsyncram:rom_block|altsyncram_e501:auto_generated|ram_block1a0~porta_address_reg0 ; segments2[3] ; clock      ;
; N/A   ; None         ; 15.077 ns  ; g31_binary_to_BCD:inst|lpm_rom:crc_rom|altrom:srom|altsyncram:rom_block|altsyncram_e501:auto_generated|ram_block1a0~porta_address_reg1 ; segments2[3] ; clock      ;
; N/A   ; None         ; 15.077 ns  ; g31_binary_to_BCD:inst|lpm_rom:crc_rom|altrom:srom|altsyncram:rom_block|altsyncram_e501:auto_generated|ram_block1a0~porta_address_reg2 ; segments2[3] ; clock      ;
; N/A   ; None         ; 15.077 ns  ; g31_binary_to_BCD:inst|lpm_rom:crc_rom|altrom:srom|altsyncram:rom_block|altsyncram_e501:auto_generated|ram_block1a0~porta_address_reg3 ; segments2[3] ; clock      ;
; N/A   ; None         ; 15.077 ns  ; g31_binary_to_BCD:inst|lpm_rom:crc_rom|altrom:srom|altsyncram:rom_block|altsyncram_e501:auto_generated|ram_block1a0~porta_address_reg4 ; segments2[3] ; clock      ;
; N/A   ; None         ; 15.077 ns  ; g31_binary_to_BCD:inst|lpm_rom:crc_rom|altrom:srom|altsyncram:rom_block|altsyncram_e501:auto_generated|ram_block1a0~porta_address_reg5 ; segments2[3] ; clock      ;
; N/A   ; None         ; 15.030 ns  ; g31_binary_to_BCD:inst|lpm_rom:crc_rom|altrom:srom|altsyncram:rom_block|altsyncram_e501:auto_generated|ram_block1a0~porta_address_reg0 ; segments2[5] ; clock      ;
; N/A   ; None         ; 15.030 ns  ; g31_binary_to_BCD:inst|lpm_rom:crc_rom|altrom:srom|altsyncram:rom_block|altsyncram_e501:auto_generated|ram_block1a0~porta_address_reg1 ; segments2[5] ; clock      ;
; N/A   ; None         ; 15.030 ns  ; g31_binary_to_BCD:inst|lpm_rom:crc_rom|altrom:srom|altsyncram:rom_block|altsyncram_e501:auto_generated|ram_block1a0~porta_address_reg2 ; segments2[5] ; clock      ;
; N/A   ; None         ; 15.030 ns  ; g31_binary_to_BCD:inst|lpm_rom:crc_rom|altrom:srom|altsyncram:rom_block|altsyncram_e501:auto_generated|ram_block1a0~porta_address_reg3 ; segments2[5] ; clock      ;
; N/A   ; None         ; 15.030 ns  ; g31_binary_to_BCD:inst|lpm_rom:crc_rom|altrom:srom|altsyncram:rom_block|altsyncram_e501:auto_generated|ram_block1a0~porta_address_reg4 ; segments2[5] ; clock      ;
; N/A   ; None         ; 15.030 ns  ; g31_binary_to_BCD:inst|lpm_rom:crc_rom|altrom:srom|altsyncram:rom_block|altsyncram_e501:auto_generated|ram_block1a0~porta_address_reg5 ; segments2[5] ; clock      ;
; N/A   ; None         ; 14.984 ns  ; g31_binary_to_BCD:inst|lpm_rom:crc_rom|altrom:srom|altsyncram:rom_block|altsyncram_e501:auto_generated|ram_block1a0~porta_address_reg0 ; segments2[2] ; clock      ;
; N/A   ; None         ; 14.984 ns  ; g31_binary_to_BCD:inst|lpm_rom:crc_rom|altrom:srom|altsyncram:rom_block|altsyncram_e501:auto_generated|ram_block1a0~porta_address_reg1 ; segments2[2] ; clock      ;
; N/A   ; None         ; 14.984 ns  ; g31_binary_to_BCD:inst|lpm_rom:crc_rom|altrom:srom|altsyncram:rom_block|altsyncram_e501:auto_generated|ram_block1a0~porta_address_reg2 ; segments2[2] ; clock      ;
; N/A   ; None         ; 14.984 ns  ; g31_binary_to_BCD:inst|lpm_rom:crc_rom|altrom:srom|altsyncram:rom_block|altsyncram_e501:auto_generated|ram_block1a0~porta_address_reg3 ; segments2[2] ; clock      ;
; N/A   ; None         ; 14.984 ns  ; g31_binary_to_BCD:inst|lpm_rom:crc_rom|altrom:srom|altsyncram:rom_block|altsyncram_e501:auto_generated|ram_block1a0~porta_address_reg4 ; segments2[2] ; clock      ;
; N/A   ; None         ; 14.984 ns  ; g31_binary_to_BCD:inst|lpm_rom:crc_rom|altrom:srom|altsyncram:rom_block|altsyncram_e501:auto_generated|ram_block1a0~porta_address_reg5 ; segments2[2] ; clock      ;
; N/A   ; None         ; 14.732 ns  ; g31_binary_to_BCD:inst|lpm_rom:crc_rom|altrom:srom|altsyncram:rom_block|altsyncram_e501:auto_generated|ram_block1a0~porta_address_reg0 ; segments2[0] ; clock      ;
; N/A   ; None         ; 14.732 ns  ; g31_binary_to_BCD:inst|lpm_rom:crc_rom|altrom:srom|altsyncram:rom_block|altsyncram_e501:auto_generated|ram_block1a0~porta_address_reg1 ; segments2[0] ; clock      ;
; N/A   ; None         ; 14.732 ns  ; g31_binary_to_BCD:inst|lpm_rom:crc_rom|altrom:srom|altsyncram:rom_block|altsyncram_e501:auto_generated|ram_block1a0~porta_address_reg2 ; segments2[0] ; clock      ;
; N/A   ; None         ; 14.732 ns  ; g31_binary_to_BCD:inst|lpm_rom:crc_rom|altrom:srom|altsyncram:rom_block|altsyncram_e501:auto_generated|ram_block1a0~porta_address_reg3 ; segments2[0] ; clock      ;
; N/A   ; None         ; 14.732 ns  ; g31_binary_to_BCD:inst|lpm_rom:crc_rom|altrom:srom|altsyncram:rom_block|altsyncram_e501:auto_generated|ram_block1a0~porta_address_reg4 ; segments2[0] ; clock      ;
; N/A   ; None         ; 14.732 ns  ; g31_binary_to_BCD:inst|lpm_rom:crc_rom|altrom:srom|altsyncram:rom_block|altsyncram_e501:auto_generated|ram_block1a0~porta_address_reg5 ; segments2[0] ; clock      ;
; N/A   ; None         ; 13.943 ns  ; g31_binary_to_BCD:inst|lpm_rom:crc_rom|altrom:srom|altsyncram:rom_block|altsyncram_e501:auto_generated|ram_block1a0~porta_address_reg0 ; segments2[1] ; clock      ;
; N/A   ; None         ; 13.943 ns  ; g31_binary_to_BCD:inst|lpm_rom:crc_rom|altrom:srom|altsyncram:rom_block|altsyncram_e501:auto_generated|ram_block1a0~porta_address_reg1 ; segments2[1] ; clock      ;
; N/A   ; None         ; 13.943 ns  ; g31_binary_to_BCD:inst|lpm_rom:crc_rom|altrom:srom|altsyncram:rom_block|altsyncram_e501:auto_generated|ram_block1a0~porta_address_reg2 ; segments2[1] ; clock      ;
; N/A   ; None         ; 13.943 ns  ; g31_binary_to_BCD:inst|lpm_rom:crc_rom|altrom:srom|altsyncram:rom_block|altsyncram_e501:auto_generated|ram_block1a0~porta_address_reg3 ; segments2[1] ; clock      ;
; N/A   ; None         ; 13.943 ns  ; g31_binary_to_BCD:inst|lpm_rom:crc_rom|altrom:srom|altsyncram:rom_block|altsyncram_e501:auto_generated|ram_block1a0~porta_address_reg4 ; segments2[1] ; clock      ;
; N/A   ; None         ; 13.943 ns  ; g31_binary_to_BCD:inst|lpm_rom:crc_rom|altrom:srom|altsyncram:rom_block|altsyncram_e501:auto_generated|ram_block1a0~porta_address_reg5 ; segments2[1] ; clock      ;
; N/A   ; None         ; 12.825 ns  ; g31_binary_to_BCD:inst|lpm_rom:crc_rom|altrom:srom|altsyncram:rom_block|altsyncram_e501:auto_generated|ram_block1a0~porta_address_reg0 ; segments1[0] ; clock      ;
; N/A   ; None         ; 12.825 ns  ; g31_binary_to_BCD:inst|lpm_rom:crc_rom|altrom:srom|altsyncram:rom_block|altsyncram_e501:auto_generated|ram_block1a0~porta_address_reg1 ; segments1[0] ; clock      ;
; N/A   ; None         ; 12.825 ns  ; g31_binary_to_BCD:inst|lpm_rom:crc_rom|altrom:srom|altsyncram:rom_block|altsyncram_e501:auto_generated|ram_block1a0~porta_address_reg2 ; segments1[0] ; clock      ;
; N/A   ; None         ; 12.825 ns  ; g31_binary_to_BCD:inst|lpm_rom:crc_rom|altrom:srom|altsyncram:rom_block|altsyncram_e501:auto_generated|ram_block1a0~porta_address_reg3 ; segments1[0] ; clock      ;
; N/A   ; None         ; 12.825 ns  ; g31_binary_to_BCD:inst|lpm_rom:crc_rom|altrom:srom|altsyncram:rom_block|altsyncram_e501:auto_generated|ram_block1a0~porta_address_reg4 ; segments1[0] ; clock      ;
; N/A   ; None         ; 12.825 ns  ; g31_binary_to_BCD:inst|lpm_rom:crc_rom|altrom:srom|altsyncram:rom_block|altsyncram_e501:auto_generated|ram_block1a0~porta_address_reg5 ; segments1[0] ; clock      ;
; N/A   ; None         ; 12.821 ns  ; g31_binary_to_BCD:inst|lpm_rom:crc_rom|altrom:srom|altsyncram:rom_block|altsyncram_e501:auto_generated|ram_block1a0~porta_address_reg0 ; segments1[5] ; clock      ;
; N/A   ; None         ; 12.821 ns  ; g31_binary_to_BCD:inst|lpm_rom:crc_rom|altrom:srom|altsyncram:rom_block|altsyncram_e501:auto_generated|ram_block1a0~porta_address_reg1 ; segments1[5] ; clock      ;
; N/A   ; None         ; 12.821 ns  ; g31_binary_to_BCD:inst|lpm_rom:crc_rom|altrom:srom|altsyncram:rom_block|altsyncram_e501:auto_generated|ram_block1a0~porta_address_reg2 ; segments1[5] ; clock      ;
; N/A   ; None         ; 12.821 ns  ; g31_binary_to_BCD:inst|lpm_rom:crc_rom|altrom:srom|altsyncram:rom_block|altsyncram_e501:auto_generated|ram_block1a0~porta_address_reg3 ; segments1[5] ; clock      ;
; N/A   ; None         ; 12.821 ns  ; g31_binary_to_BCD:inst|lpm_rom:crc_rom|altrom:srom|altsyncram:rom_block|altsyncram_e501:auto_generated|ram_block1a0~porta_address_reg4 ; segments1[5] ; clock      ;
; N/A   ; None         ; 12.821 ns  ; g31_binary_to_BCD:inst|lpm_rom:crc_rom|altrom:srom|altsyncram:rom_block|altsyncram_e501:auto_generated|ram_block1a0~porta_address_reg5 ; segments1[5] ; clock      ;
; N/A   ; None         ; 12.703 ns  ; g31_binary_to_BCD:inst|lpm_rom:crc_rom|altrom:srom|altsyncram:rom_block|altsyncram_e501:auto_generated|ram_block1a0~porta_address_reg0 ; segments1[6] ; clock      ;
; N/A   ; None         ; 12.703 ns  ; g31_binary_to_BCD:inst|lpm_rom:crc_rom|altrom:srom|altsyncram:rom_block|altsyncram_e501:auto_generated|ram_block1a0~porta_address_reg1 ; segments1[6] ; clock      ;
; N/A   ; None         ; 12.703 ns  ; g31_binary_to_BCD:inst|lpm_rom:crc_rom|altrom:srom|altsyncram:rom_block|altsyncram_e501:auto_generated|ram_block1a0~porta_address_reg2 ; segments1[6] ; clock      ;
; N/A   ; None         ; 12.703 ns  ; g31_binary_to_BCD:inst|lpm_rom:crc_rom|altrom:srom|altsyncram:rom_block|altsyncram_e501:auto_generated|ram_block1a0~porta_address_reg3 ; segments1[6] ; clock      ;
; N/A   ; None         ; 12.703 ns  ; g31_binary_to_BCD:inst|lpm_rom:crc_rom|altrom:srom|altsyncram:rom_block|altsyncram_e501:auto_generated|ram_block1a0~porta_address_reg4 ; segments1[6] ; clock      ;
; N/A   ; None         ; 12.703 ns  ; g31_binary_to_BCD:inst|lpm_rom:crc_rom|altrom:srom|altsyncram:rom_block|altsyncram_e501:auto_generated|ram_block1a0~porta_address_reg5 ; segments1[6] ; clock      ;
; N/A   ; None         ; 12.585 ns  ; g31_binary_to_BCD:inst|lpm_rom:crc_rom|altrom:srom|altsyncram:rom_block|altsyncram_e501:auto_generated|ram_block1a0~porta_address_reg0 ; segments2[6] ; clock      ;
; N/A   ; None         ; 12.585 ns  ; g31_binary_to_BCD:inst|lpm_rom:crc_rom|altrom:srom|altsyncram:rom_block|altsyncram_e501:auto_generated|ram_block1a0~porta_address_reg1 ; segments2[6] ; clock      ;
; N/A   ; None         ; 12.585 ns  ; g31_binary_to_BCD:inst|lpm_rom:crc_rom|altrom:srom|altsyncram:rom_block|altsyncram_e501:auto_generated|ram_block1a0~porta_address_reg2 ; segments2[6] ; clock      ;
; N/A   ; None         ; 12.585 ns  ; g31_binary_to_BCD:inst|lpm_rom:crc_rom|altrom:srom|altsyncram:rom_block|altsyncram_e501:auto_generated|ram_block1a0~porta_address_reg3 ; segments2[6] ; clock      ;
; N/A   ; None         ; 12.585 ns  ; g31_binary_to_BCD:inst|lpm_rom:crc_rom|altrom:srom|altsyncram:rom_block|altsyncram_e501:auto_generated|ram_block1a0~porta_address_reg4 ; segments2[6] ; clock      ;
; N/A   ; None         ; 12.585 ns  ; g31_binary_to_BCD:inst|lpm_rom:crc_rom|altrom:srom|altsyncram:rom_block|altsyncram_e501:auto_generated|ram_block1a0~porta_address_reg5 ; segments2[6] ; clock      ;
; N/A   ; None         ; 12.462 ns  ; g31_binary_to_BCD:inst|lpm_rom:crc_rom|altrom:srom|altsyncram:rom_block|altsyncram_e501:auto_generated|ram_block1a0~porta_address_reg0 ; segments1[4] ; clock      ;
; N/A   ; None         ; 12.462 ns  ; g31_binary_to_BCD:inst|lpm_rom:crc_rom|altrom:srom|altsyncram:rom_block|altsyncram_e501:auto_generated|ram_block1a0~porta_address_reg1 ; segments1[4] ; clock      ;
; N/A   ; None         ; 12.462 ns  ; g31_binary_to_BCD:inst|lpm_rom:crc_rom|altrom:srom|altsyncram:rom_block|altsyncram_e501:auto_generated|ram_block1a0~porta_address_reg2 ; segments1[4] ; clock      ;
; N/A   ; None         ; 12.462 ns  ; g31_binary_to_BCD:inst|lpm_rom:crc_rom|altrom:srom|altsyncram:rom_block|altsyncram_e501:auto_generated|ram_block1a0~porta_address_reg3 ; segments1[4] ; clock      ;
; N/A   ; None         ; 12.462 ns  ; g31_binary_to_BCD:inst|lpm_rom:crc_rom|altrom:srom|altsyncram:rom_block|altsyncram_e501:auto_generated|ram_block1a0~porta_address_reg4 ; segments1[4] ; clock      ;
; N/A   ; None         ; 12.462 ns  ; g31_binary_to_BCD:inst|lpm_rom:crc_rom|altrom:srom|altsyncram:rom_block|altsyncram_e501:auto_generated|ram_block1a0~porta_address_reg5 ; segments1[4] ; clock      ;
; N/A   ; None         ; 12.458 ns  ; g31_binary_to_BCD:inst|lpm_rom:crc_rom|altrom:srom|altsyncram:rom_block|altsyncram_e501:auto_generated|ram_block1a0~porta_address_reg0 ; segments1[3] ; clock      ;
; N/A   ; None         ; 12.458 ns  ; g31_binary_to_BCD:inst|lpm_rom:crc_rom|altrom:srom|altsyncram:rom_block|altsyncram_e501:auto_generated|ram_block1a0~porta_address_reg1 ; segments1[3] ; clock      ;
; N/A   ; None         ; 12.458 ns  ; g31_binary_to_BCD:inst|lpm_rom:crc_rom|altrom:srom|altsyncram:rom_block|altsyncram_e501:auto_generated|ram_block1a0~porta_address_reg2 ; segments1[3] ; clock      ;
; N/A   ; None         ; 12.458 ns  ; g31_binary_to_BCD:inst|lpm_rom:crc_rom|altrom:srom|altsyncram:rom_block|altsyncram_e501:auto_generated|ram_block1a0~porta_address_reg3 ; segments1[3] ; clock      ;
; N/A   ; None         ; 12.458 ns  ; g31_binary_to_BCD:inst|lpm_rom:crc_rom|altrom:srom|altsyncram:rom_block|altsyncram_e501:auto_generated|ram_block1a0~porta_address_reg4 ; segments1[3] ; clock      ;
; N/A   ; None         ; 12.458 ns  ; g31_binary_to_BCD:inst|lpm_rom:crc_rom|altrom:srom|altsyncram:rom_block|altsyncram_e501:auto_generated|ram_block1a0~porta_address_reg5 ; segments1[3] ; clock      ;
; N/A   ; None         ; 12.447 ns  ; g31_binary_to_BCD:inst|lpm_rom:crc_rom|altrom:srom|altsyncram:rom_block|altsyncram_e501:auto_generated|ram_block1a0~porta_address_reg0 ; segments1[2] ; clock      ;
; N/A   ; None         ; 12.447 ns  ; g31_binary_to_BCD:inst|lpm_rom:crc_rom|altrom:srom|altsyncram:rom_block|altsyncram_e501:auto_generated|ram_block1a0~porta_address_reg1 ; segments1[2] ; clock      ;
; N/A   ; None         ; 12.447 ns  ; g31_binary_to_BCD:inst|lpm_rom:crc_rom|altrom:srom|altsyncram:rom_block|altsyncram_e501:auto_generated|ram_block1a0~porta_address_reg2 ; segments1[2] ; clock      ;
; N/A   ; None         ; 12.447 ns  ; g31_binary_to_BCD:inst|lpm_rom:crc_rom|altrom:srom|altsyncram:rom_block|altsyncram_e501:auto_generated|ram_block1a0~porta_address_reg3 ; segments1[2] ; clock      ;
; N/A   ; None         ; 12.447 ns  ; g31_binary_to_BCD:inst|lpm_rom:crc_rom|altrom:srom|altsyncram:rom_block|altsyncram_e501:auto_generated|ram_block1a0~porta_address_reg4 ; segments1[2] ; clock      ;
; N/A   ; None         ; 12.447 ns  ; g31_binary_to_BCD:inst|lpm_rom:crc_rom|altrom:srom|altsyncram:rom_block|altsyncram_e501:auto_generated|ram_block1a0~porta_address_reg5 ; segments1[2] ; clock      ;
; N/A   ; None         ; 12.442 ns  ; g31_binary_to_BCD:inst|lpm_rom:crc_rom|altrom:srom|altsyncram:rom_block|altsyncram_e501:auto_generated|ram_block1a0~porta_address_reg0 ; segments1[1] ; clock      ;
; N/A   ; None         ; 12.442 ns  ; g31_binary_to_BCD:inst|lpm_rom:crc_rom|altrom:srom|altsyncram:rom_block|altsyncram_e501:auto_generated|ram_block1a0~porta_address_reg1 ; segments1[1] ; clock      ;
; N/A   ; None         ; 12.442 ns  ; g31_binary_to_BCD:inst|lpm_rom:crc_rom|altrom:srom|altsyncram:rom_block|altsyncram_e501:auto_generated|ram_block1a0~porta_address_reg2 ; segments1[1] ; clock      ;
; N/A   ; None         ; 12.442 ns  ; g31_binary_to_BCD:inst|lpm_rom:crc_rom|altrom:srom|altsyncram:rom_block|altsyncram_e501:auto_generated|ram_block1a0~porta_address_reg3 ; segments1[1] ; clock      ;
; N/A   ; None         ; 12.442 ns  ; g31_binary_to_BCD:inst|lpm_rom:crc_rom|altrom:srom|altsyncram:rom_block|altsyncram_e501:auto_generated|ram_block1a0~porta_address_reg4 ; segments1[1] ; clock      ;
; N/A   ; None         ; 12.442 ns  ; g31_binary_to_BCD:inst|lpm_rom:crc_rom|altrom:srom|altsyncram:rom_block|altsyncram_e501:auto_generated|ram_block1a0~porta_address_reg5 ; segments1[1] ; clock      ;
+-------+--------------+------------+----------------------------------------------------------------------------------------------------------------------------------------+--------------+------------+


+------------------------------------------------------------------------------------------------------------------------------------------------------------------------------------------------------+
; th                                                                                                                                                                                                   ;
+---------------+-------------+-----------+--------+----------------------------------------------------------------------------------------------------------------------------------------+----------+
; Minimum Slack ; Required th ; Actual th ; From   ; To                                                                                                                                     ; To Clock ;
+---------------+-------------+-----------+--------+----------------------------------------------------------------------------------------------------------------------------------------+----------+
; N/A           ; None        ; 0.164 ns  ; bin[2] ; g31_binary_to_BCD:inst|lpm_rom:crc_rom|altrom:srom|altsyncram:rom_block|altsyncram_e501:auto_generated|ram_block1a0~porta_address_reg2 ; clock    ;
; N/A           ; None        ; 0.146 ns  ; bin[1] ; g31_binary_to_BCD:inst|lpm_rom:crc_rom|altrom:srom|altsyncram:rom_block|altsyncram_e501:auto_generated|ram_block1a0~porta_address_reg1 ; clock    ;
; N/A           ; None        ; 0.107 ns  ; bin[0] ; g31_binary_to_BCD:inst|lpm_rom:crc_rom|altrom:srom|altsyncram:rom_block|altsyncram_e501:auto_generated|ram_block1a0~porta_address_reg0 ; clock    ;
; N/A           ; None        ; 0.061 ns  ; bin[5] ; g31_binary_to_BCD:inst|lpm_rom:crc_rom|altrom:srom|altsyncram:rom_block|altsyncram_e501:auto_generated|ram_block1a0~porta_address_reg5 ; clock    ;
; N/A           ; None        ; -0.281 ns ; bin[3] ; g31_binary_to_BCD:inst|lpm_rom:crc_rom|altrom:srom|altsyncram:rom_block|altsyncram_e501:auto_generated|ram_block1a0~porta_address_reg3 ; clock    ;
; N/A           ; None        ; -0.534 ns ; bin[4] ; g31_binary_to_BCD:inst|lpm_rom:crc_rom|altrom:srom|altsyncram:rom_block|altsyncram_e501:auto_generated|ram_block1a0~porta_address_reg4 ; clock    ;
+---------------+-------------+-----------+--------+----------------------------------------------------------------------------------------------------------------------------------------+----------+


+--------------------------+
; Timing Analyzer Messages ;
+--------------------------+
Info: *******************************************************************
Info: Running Quartus II 64-Bit Classic Timing Analyzer
    Info: Version 9.1 Build 350 03/24/2010 Service Pack 2 SJ Full Version
    Info: Processing started: Tue Feb 04 17:23:10 2014
Info: Command: quartus_tan --read_settings_files=off --write_settings_files=off g31_binary_to_seven_segment -c g31_binary_to_seven_segment --timing_analysis_only
Info: Parallel compilation is enabled and will use 4 of the 4 processors detected
Warning: Found pins functioning as undefined clocks and/or memory enables
    Info: Assuming node "clock" is an undefined clock
Info: No valid register-to-register data paths exist for clock "clock"
Info: tsu for memory "g31_binary_to_BCD:inst|lpm_rom:crc_rom|altrom:srom|altsyncram:rom_block|altsyncram_e501:auto_generated|ram_block1a0~porta_address_reg4" (data pin = "bin[4]", clock pin = "clock") is 0.824 ns
    Info: + Longest pin to memory delay is 3.711 ns
        Info: 1: + IC(0.000 ns) + CELL(1.006 ns) = 1.006 ns; Loc. = PIN_W12; Fanout = 1; PIN Node = 'bin[4]'
        Info: 2: + IC(2.546 ns) + CELL(0.159 ns) = 3.711 ns; Loc. = M4K_X17_Y18; Fanout = 8; MEM Node = 'g31_binary_to_BCD:inst|lpm_rom:crc_rom|altrom:srom|altsyncram:rom_block|altsyncram_e501:auto_generated|ram_block1a0~porta_address_reg4'
        Info: Total cell delay = 1.165 ns ( 31.39 % )
        Info: Total interconnect delay = 2.546 ns ( 68.61 % )
    Info: + Micro setup delay of destination is 0.040 ns
    Info: - Shortest clock path from clock "clock" to destination memory is 2.927 ns
        Info: 1: + IC(0.000 ns) + CELL(1.026 ns) = 1.026 ns; Loc. = PIN_L1; Fanout = 1; CLK Node = 'clock'
        Info: 2: + IC(0.238 ns) + CELL(0.000 ns) = 1.264 ns; Loc. = CLKCTRL_G2; Fanout = 6; COMB Node = 'clock~clkctrl'
        Info: 3: + IC(0.916 ns) + CELL(0.747 ns) = 2.927 ns; Loc. = M4K_X17_Y18; Fanout = 8; MEM Node = 'g31_binary_to_BCD:inst|lpm_rom:crc_rom|altrom:srom|altsyncram:rom_block|altsyncram_e501:auto_generated|ram_block1a0~porta_address_reg4'
        Info: Total cell delay = 1.773 ns ( 60.57 % )
        Info: Total interconnect delay = 1.154 ns ( 39.43 % )
Info: tco from clock "clock" to destination pin "segments2[4]" through memory "g31_binary_to_BCD:inst|lpm_rom:crc_rom|altrom:srom|altsyncram:rom_block|altsyncram_e501:auto_generated|ram_block1a0~porta_address_reg0" is 15.167 ns
    Info: + Longest clock path from clock "clock" to source memory is 2.927 ns
        Info: 1: + IC(0.000 ns) + CELL(1.026 ns) = 1.026 ns; Loc. = PIN_L1; Fanout = 1; CLK Node = 'clock'
        Info: 2: + IC(0.238 ns) + CELL(0.000 ns) = 1.264 ns; Loc. = CLKCTRL_G2; Fanout = 6; COMB Node = 'clock~clkctrl'
        Info: 3: + IC(0.916 ns) + CELL(0.747 ns) = 2.927 ns; Loc. = M4K_X17_Y18; Fanout = 8; MEM Node = 'g31_binary_to_BCD:inst|lpm_rom:crc_rom|altrom:srom|altsyncram:rom_block|altsyncram_e501:auto_generated|ram_block1a0~porta_address_reg0'
        Info: Total cell delay = 1.773 ns ( 60.57 % )
        Info: Total interconnect delay = 1.154 ns ( 39.43 % )
    Info: + Micro clock to output delay of source is 0.234 ns
    Info: + Longest memory to pin delay is 12.006 ns
        Info: 1: + IC(0.000 ns) + CELL(0.000 ns) = 0.000 ns; Loc. = M4K_X17_Y18; Fanout = 8; MEM Node = 'g31_binary_to_BCD:inst|lpm_rom:crc_rom|altrom:srom|altsyncram:rom_block|altsyncram_e501:auto_generated|ram_block1a0~porta_address_reg0'
        Info: 2: + IC(0.000 ns) + CELL(3.377 ns) = 3.377 ns; Loc. = M4K_X17_Y18; Fanout = 8; MEM Node = 'g31_binary_to_BCD:inst|lpm_rom:crc_rom|altrom:srom|altsyncram:rom_block|altsyncram_e501:auto_generated|q_a[7]'
        Info: 3: + IC(2.034 ns) + CELL(0.450 ns) = 5.861 ns; Loc. = LCCOMB_X1_Y21_N6; Fanout = 6; COMB Node = 'g31_seven_segment_decoder:inst2|Mux0~0'
        Info: 4: + IC(1.016 ns) + CELL(0.545 ns) = 7.422 ns; Loc. = LCCOMB_X1_Y18_N24; Fanout = 1; COMB Node = 'g31_seven_segment_decoder:inst3|Mux3~0'
        Info: 5: + IC(0.309 ns) + CELL(0.545 ns) = 8.276 ns; Loc. = LCCOMB_X1_Y18_N10; Fanout = 1; COMB Node = 'g31_seven_segment_decoder:inst3|Mux3~1'
        Info: 6: + IC(0.880 ns) + CELL(2.850 ns) = 12.006 ns; Loc. = PIN_F2; Fanout = 0; PIN Node = 'segments2[4]'
        Info: Total cell delay = 7.767 ns ( 64.69 % )
        Info: Total interconnect delay = 4.239 ns ( 35.31 % )
Info: th for memory "g31_binary_to_BCD:inst|lpm_rom:crc_rom|altrom:srom|altsyncram:rom_block|altsyncram_e501:auto_generated|ram_block1a0~porta_address_reg2" (data pin = "bin[2]", clock pin = "clock") is 0.164 ns
    Info: + Longest clock path from clock "clock" to destination memory is 2.927 ns
        Info: 1: + IC(0.000 ns) + CELL(1.026 ns) = 1.026 ns; Loc. = PIN_L1; Fanout = 1; CLK Node = 'clock'
        Info: 2: + IC(0.238 ns) + CELL(0.000 ns) = 1.264 ns; Loc. = CLKCTRL_G2; Fanout = 6; COMB Node = 'clock~clkctrl'
        Info: 3: + IC(0.916 ns) + CELL(0.747 ns) = 2.927 ns; Loc. = M4K_X17_Y18; Fanout = 8; MEM Node = 'g31_binary_to_BCD:inst|lpm_rom:crc_rom|altrom:srom|altsyncram:rom_block|altsyncram_e501:auto_generated|ram_block1a0~porta_address_reg2'
        Info: Total cell delay = 1.773 ns ( 60.57 % )
        Info: Total interconnect delay = 1.154 ns ( 39.43 % )
    Info: + Micro hold delay of destination is 0.250 ns
    Info: - Shortest pin to memory delay is 3.013 ns
        Info: 1: + IC(0.000 ns) + CELL(1.036 ns) = 1.036 ns; Loc. = PIN_M22; Fanout = 1; PIN Node = 'bin[2]'
        Info: 2: + IC(1.818 ns) + CELL(0.159 ns) = 3.013 ns; Loc. = M4K_X17_Y18; Fanout = 8; MEM Node = 'g31_binary_to_BCD:inst|lpm_rom:crc_rom|altrom:srom|altsyncram:rom_block|altsyncram_e501:auto_generated|ram_block1a0~porta_address_reg2'
        Info: Total cell delay = 1.195 ns ( 39.66 % )
        Info: Total interconnect delay = 1.818 ns ( 60.34 % )
Info: Quartus II 64-Bit Classic Timing Analyzer was successful. 0 errors, 1 warning
    Info: Peak virtual memory: 216 megabytes
    Info: Processing ended: Tue Feb 04 17:23:10 2014
    Info: Elapsed time: 00:00:00
    Info: Total CPU time (on all processors): 00:00:00


