Classic Timing Analyzer report for g31_lab2
Mon Feb 03 15:29:27 2014
Quartus II 64-Bit Version 9.1 Build 350 03/24/2010 Service Pack 2 SJ Full Version


---------------------
; Table of Contents ;
---------------------
  1. Legal Notice
  2. Timing Analyzer Summary
  3. Timing Analyzer Settings
  4. Parallel Compilation
  5. tpd
  6. Timing Analyzer Messages



----------------
; Legal Notice ;
----------------
Copyright (C) 1991-2010 Altera Corporation
Your use of Altera Corporation's design tools, logic functions 
and other software and tools, and its AMPP partner logic 
functions, and any output files from any of the foregoing 
(including device programming or simulation files), and any 
associated documentation or information are expressly subject 
to the terms and conditions of the Altera Program License 
Subscription Agreement, Altera MegaCore Function License 
Agreement, or other applicable license agreement, including, 
without limitation, that your use is for the sole purpose of 
programming logic devices manufactured by Altera and sold by 
Altera or its authorized distributors.  Please refer to the 
applicable agreement for further details.



+-----------------------------------------------------------------------------------------------------------------------------------+
; Timing Analyzer Summary                                                                                                           ;
+------------------------------+-------+---------------+-------------+---------+-------------+------------+----------+--------------+
; Type                         ; Slack ; Required Time ; Actual Time ; From    ; To          ; From Clock ; To Clock ; Failed Paths ;
+------------------------------+-------+---------------+-------------+---------+-------------+------------+----------+--------------+
; Worst-case tpd               ; N/A   ; None          ; 13.248 ns   ; code[1] ; segments[2] ; --         ; --       ; 0            ;
; Total number of failed paths ;       ;               ;             ;         ;             ;            ;          ; 0            ;
+------------------------------+-------+---------------+-------------+---------+-------------+------------+----------+--------------+


+-----------------------------------------------------------------------------------------------------------------------------------------------------+
; Timing Analyzer Settings                                                                                                                            ;
+------------------------------------------------------------------------------------------------------+--------------------+------+----+-------------+
; Option                                                                                               ; Setting            ; From ; To ; Entity Name ;
+------------------------------------------------------------------------------------------------------+--------------------+------+----+-------------+
; Device Name                                                                                          ; EP2C20F484C7       ;      ;    ;             ;
; Timing Models                                                                                        ; Final              ;      ;    ;             ;
; Default hold multicycle                                                                              ; Same as Multicycle ;      ;    ;             ;
; Cut paths between unrelated clock domains                                                            ; On                 ;      ;    ;             ;
; Cut off read during write signal paths                                                               ; On                 ;      ;    ;             ;
; Cut off feedback from I/O pins                                                                       ; On                 ;      ;    ;             ;
; Report Combined Fast/Slow Timing                                                                     ; Off                ;      ;    ;             ;
; Ignore Clock Settings                                                                                ; Off                ;      ;    ;             ;
; Analyze latches as synchronous elements                                                              ; On                 ;      ;    ;             ;
; Enable Recovery/Removal analysis                                                                     ; Off                ;      ;    ;             ;
; Enable Clock Latency                                                                                 ; Off                ;      ;    ;             ;
; Use TimeQuest Timing Analyzer                                                                        ; Off                ;      ;    ;             ;
; Minimum Core Junction Temperature                                                                    ; 0                  ;      ;    ;             ;
; Maximum Core Junction Temperature                                                                    ; 85                 ;      ;    ;             ;
; Number of source nodes to report per destination node                                                ; 10                 ;      ;    ;             ;
; Number of destination nodes to report                                                                ; 10                 ;      ;    ;             ;
; Number of paths to report                                                                            ; 200                ;      ;    ;             ;
; Report Minimum Timing Checks                                                                         ; Off                ;      ;    ;             ;
; Use Fast Timing Models                                                                               ; Off                ;      ;    ;             ;
; Report IO Paths Separately                                                                           ; Off                ;      ;    ;             ;
; Perform Multicorner Analysis                                                                         ; On                 ;      ;    ;             ;
; Reports the worst-case path for each clock domain and analysis                                       ; Off                ;      ;    ;             ;
; Reports worst-case timing paths for each clock domain and analysis                                   ; On                 ;      ;    ;             ;
; Specifies the maximum number of worst-case timing paths to report for each clock domain and analysis ; 100                ;      ;    ;             ;
; Removes common clock path pessimism (CCPP) during slack computation                                  ; Off                ;      ;    ;             ;
; Output I/O Timing Endpoint                                                                           ; Near End           ;      ;    ;             ;
+------------------------------------------------------------------------------------------------------+--------------------+------+----+-------------+


+------------------------------------------+
; Parallel Compilation                     ;
+----------------------------+-------------+
; Processors                 ; Number      ;
+----------------------------+-------------+
; Number detected on machine ; 4           ;
; Maximum allowed            ; 4           ;
;                            ;             ;
; Average used               ; 1.00        ;
; Maximum used               ; 1           ;
;                            ;             ;
; Usage by Processor         ; % Time Used ;
;     1 processor            ; 100.0%      ;
;     2-4 processors         ;   0.0%      ;
+----------------------------+-------------+


+--------------------------------------------------------------------------------+
; tpd                                                                            ;
+-------+-------------------+-----------------+----------------+-----------------+
; Slack ; Required P2P Time ; Actual P2P Time ; From           ; To              ;
+-------+-------------------+-----------------+----------------+-----------------+
; N/A   ; None              ; 13.248 ns       ; code[1]        ; segments[2]     ;
; N/A   ; None              ; 12.855 ns       ; code[3]        ; segments[2]     ;
; N/A   ; None              ; 12.804 ns       ; code[2]        ; segments[2]     ;
; N/A   ; None              ; 12.671 ns       ; code[0]        ; segments[2]     ;
; N/A   ; None              ; 11.698 ns       ; code[1]        ; RippleBlank_Out ;
; N/A   ; None              ; 11.397 ns       ; code[1]        ; segments[0]     ;
; N/A   ; None              ; 11.367 ns       ; RippleBlank_In ; RippleBlank_Out ;
; N/A   ; None              ; 11.347 ns       ; code[3]        ; RippleBlank_Out ;
; N/A   ; None              ; 11.345 ns       ; code[2]        ; RippleBlank_Out ;
; N/A   ; None              ; 11.204 ns       ; code[0]        ; RippleBlank_Out ;
; N/A   ; None              ; 11.095 ns       ; code[1]        ; segments[5]     ;
; N/A   ; None              ; 11.018 ns       ; code[3]        ; segments[0]     ;
; N/A   ; None              ; 10.953 ns       ; code[2]        ; segments[0]     ;
; N/A   ; None              ; 10.937 ns       ; code[1]        ; segments[4]     ;
; N/A   ; None              ; 10.928 ns       ; code[1]        ; segments[6]     ;
; N/A   ; None              ; 10.889 ns       ; code[1]        ; segments[3]     ;
; N/A   ; None              ; 10.819 ns       ; code[0]        ; segments[0]     ;
; N/A   ; None              ; 10.726 ns       ; code[3]        ; segments[5]     ;
; N/A   ; None              ; 10.655 ns       ; code[2]        ; segments[5]     ;
; N/A   ; None              ; 10.573 ns       ; code[1]        ; segments[1]     ;
; N/A   ; None              ; 10.546 ns       ; code[3]        ; segments[6]     ;
; N/A   ; None              ; 10.525 ns       ; code[3]        ; segments[4]     ;
; N/A   ; None              ; 10.523 ns       ; code[3]        ; segments[3]     ;
; N/A   ; None              ; 10.516 ns       ; code[0]        ; segments[5]     ;
; N/A   ; None              ; 10.497 ns       ; code[2]        ; segments[4]     ;
; N/A   ; None              ; 10.484 ns       ; code[2]        ; segments[6]     ;
; N/A   ; None              ; 10.451 ns       ; code[2]        ; segments[3]     ;
; N/A   ; None              ; 10.363 ns       ; code[0]        ; segments[4]     ;
; N/A   ; None              ; 10.351 ns       ; code[0]        ; segments[6]     ;
; N/A   ; None              ; 10.309 ns       ; code[0]        ; segments[3]     ;
; N/A   ; None              ; 10.151 ns       ; code[3]        ; segments[1]     ;
; N/A   ; None              ; 10.127 ns       ; code[2]        ; segments[1]     ;
; N/A   ; None              ; 9.993 ns        ; code[0]        ; segments[1]     ;
+-------+-------------------+-----------------+----------------+-----------------+


+--------------------------+
; Timing Analyzer Messages ;
+--------------------------+
Info: *******************************************************************
Info: Running Quartus II 64-Bit Classic Timing Analyzer
    Info: Version 9.1 Build 350 03/24/2010 Service Pack 2 SJ Full Version
    Info: Processing started: Mon Feb 03 15:29:27 2014
Info: Command: quartus_tan --read_settings_files=off --write_settings_files=off g31_lab2 -c g31_lab2 --timing_analysis_only
Info: Parallel compilation is enabled and will use 4 of the 4 processors detected
Info: Longest tpd from source pin "code[1]" to destination pin "segments[2]" is 13.248 ns
    Info: 1: + IC(0.000 ns) + CELL(0.874 ns) = 0.874 ns; Loc. = PIN_U1; Fanout = 8; PIN Node = 'code[1]'
    Info: 2: + IC(5.541 ns) + CELL(0.545 ns) = 6.960 ns; Loc. = LCCOMB_X3_Y8_N16; Fanout = 1; COMB Node = 'Mux5~0'
    Info: 3: + IC(3.292 ns) + CELL(2.996 ns) = 13.248 ns; Loc. = PIN_H10; Fanout = 0; PIN Node = 'segments[2]'
    Info: Total cell delay = 4.415 ns ( 33.33 % )
    Info: Total interconnect delay = 8.833 ns ( 66.67 % )
Info: Quartus II 64-Bit Classic Timing Analyzer was successful. 0 errors, 0 warnings
    Info: Peak virtual memory: 216 megabytes
    Info: Processing ended: Mon Feb 03 15:29:27 2014
    Info: Elapsed time: 00:00:00
    Info: Total CPU time (on all processors): 00:00:00


