Simulator report for g31_lab2
Sat Jan 25 21:09:51 2014
Quartus II Version 9.1 Build 350 03/24/2010 Service Pack 2 SJ Web Edition


---------------------
; Table of Contents ;
---------------------
  1. Legal Notice
  2. Simulator Summary
  3. Simulator Settings
  4. Simulation Waveforms
  5. Coverage Summary
  6. Complete 1/0-Value Coverage
  7. Missing 1-Value Coverage
  8. Missing 0-Value Coverage
  9. Simulator INI Usage
 10. Simulator Messages



----------------
; Legal Notice ;
----------------
Copyright (C) 1991-2010 Altera Corporation
Your use of Altera Corporation's design tools, logic functions 
and other software and tools, and its AMPP partner logic 
functions, and any output files from any of the foregoing 
(including device programming or simulation files), and any 
associated documentation or information are expressly subject 
to the terms and conditions of the Altera Program License 
Subscription Agreement, Altera MegaCore Function License 
Agreement, or other applicable license agreement, including, 
without limitation, that your use is for the sole purpose of 
programming logic devices manufactured by Altera and sold by 
Altera or its authorized distributors.  Please refer to the 
applicable agreement for further details.



+--------------------------------------------+
; Simulator Summary                          ;
+-----------------------------+--------------+
; Type                        ; Value        ;
+-----------------------------+--------------+
; Simulation Start Time       ; 0 ps         ;
; Simulation End Time         ; 86.4 ms      ;
; Simulation Netlist Size     ; 326 nodes    ;
; Simulation Coverage         ;      98.16 % ;
; Total Number of Transitions ; 39619271     ;
; Simulation Breakpoints      ; 0            ;
; Family                      ; Cyclone II   ;
+-----------------------------+--------------+


+---------------------------------------------------------------------------------------------------------------------------------+
; Simulator Settings                                                                                                              ;
+--------------------------------------------------------------------------------------------+--------------------+---------------+
; Option                                                                                     ; Setting            ; Default Value ;
+--------------------------------------------------------------------------------------------+--------------------+---------------+
; Simulation mode                                                                            ; Functional         ; Timing        ;
; Start time                                                                                 ; 0 ns               ; 0 ns          ;
; Simulation results format                                                                  ; CVWF               ;               ;
; Vector input source                                                                        ; g31_DaySeconds.vwf ;               ;
; Add pins automatically to simulation output waveforms                                      ; On                 ; On            ;
; Check outputs                                                                              ; Off                ; Off           ;
; Report simulation coverage                                                                 ; On                 ; On            ;
; Display complete 1/0 value coverage report                                                 ; On                 ; On            ;
; Display missing 1-value coverage report                                                    ; On                 ; On            ;
; Display missing 0-value coverage report                                                    ; On                 ; On            ;
; Detect setup and hold time violations                                                      ; Off                ; Off           ;
; Detect glitches                                                                            ; Off                ; Off           ;
; Disable timing delays in Timing Simulation                                                 ; Off                ; Off           ;
; Generate Signal Activity File                                                              ; Off                ; Off           ;
; Generate VCD File for PowerPlay Power Analyzer                                             ; Off                ; Off           ;
; Group bus channels in simulation results                                                   ; Off                ; Off           ;
; Preserve fewer signal transitions to reduce memory requirements                            ; On                 ; On            ;
; Trigger vector comparison with the specified mode                                          ; INPUT_EDGE         ; INPUT_EDGE    ;
; Disable setup and hold time violations detection in input registers of bi-directional pins ; Off                ; Off           ;
; Overwrite Waveform Inputs With Simulation Outputs                                          ; On                 ;               ;
; Perform Glitch Filtering in Timing Simulation                                              ; Auto               ; Auto          ;
+--------------------------------------------------------------------------------------------+--------------------+---------------+


+----------------------+
; Simulation Waveforms ;
+----------------------+
Waveform report data cannot be output to ASCII.
Please use Quartus II to view the waveform report data.


+--------------------------------------------------------------------+
; Coverage Summary                                                   ;
+-----------------------------------------------------+--------------+
; Type                                                ; Value        ;
+-----------------------------------------------------+--------------+
; Total coverage as a percentage                      ;      98.16 % ;
; Total nodes checked                                 ; 326          ;
; Total output ports checked                          ; 326          ;
; Total output ports with complete 1/0-value coverage ; 320          ;
; Total output ports with no 1/0-value coverage       ; 6            ;
; Total output ports with no 1-value coverage         ; 6            ;
; Total output ports with no 0-value coverage         ; 6            ;
+-----------------------------------------------------+--------------+


The following table displays output ports that toggle between 1 and 0 during simulation.
+--------------------------------------------------------------------------------------------------+
; Complete 1/0-Value Coverage                                                                      ;
+---------------------------------------+---------------------------------------+------------------+
; Node Name                             ; Output Port Name                      ; Output Port Type ;
+---------------------------------------+---------------------------------------+------------------+
; |g31_lab2|DaySeconds[16]              ; |g31_lab2|DaySeconds[16]              ; pin_out          ;
; |g31_lab2|DaySeconds[15]              ; |g31_lab2|DaySeconds[15]              ; pin_out          ;
; |g31_lab2|DaySeconds[14]              ; |g31_lab2|DaySeconds[14]              ; pin_out          ;
; |g31_lab2|DaySeconds[13]              ; |g31_lab2|DaySeconds[13]              ; pin_out          ;
; |g31_lab2|DaySeconds[12]              ; |g31_lab2|DaySeconds[12]              ; pin_out          ;
; |g31_lab2|DaySeconds[11]              ; |g31_lab2|DaySeconds[11]              ; pin_out          ;
; |g31_lab2|DaySeconds[10]              ; |g31_lab2|DaySeconds[10]              ; pin_out          ;
; |g31_lab2|DaySeconds[9]               ; |g31_lab2|DaySeconds[9]               ; pin_out          ;
; |g31_lab2|DaySeconds[8]               ; |g31_lab2|DaySeconds[8]               ; pin_out          ;
; |g31_lab2|DaySeconds[7]               ; |g31_lab2|DaySeconds[7]               ; pin_out          ;
; |g31_lab2|DaySeconds[6]               ; |g31_lab2|DaySeconds[6]               ; pin_out          ;
; |g31_lab2|DaySeconds[5]               ; |g31_lab2|DaySeconds[5]               ; pin_out          ;
; |g31_lab2|DaySeconds[4]               ; |g31_lab2|DaySeconds[4]               ; pin_out          ;
; |g31_lab2|DaySeconds[3]               ; |g31_lab2|DaySeconds[3]               ; pin_out          ;
; |g31_lab2|DaySeconds[2]               ; |g31_lab2|DaySeconds[2]               ; pin_out          ;
; |g31_lab2|DaySeconds[1]               ; |g31_lab2|DaySeconds[1]               ; pin_out          ;
; |g31_lab2|DaySeconds[0]               ; |g31_lab2|DaySeconds[0]               ; pin_out          ;
; |g31_lab2|Hours[4]                    ; |g31_lab2|Hours[4]                    ; out              ;
; |g31_lab2|Hours[3]                    ; |g31_lab2|Hours[3]                    ; out              ;
; |g31_lab2|Hours[2]                    ; |g31_lab2|Hours[2]                    ; out              ;
; |g31_lab2|Hours[1]                    ; |g31_lab2|Hours[1]                    ; out              ;
; |g31_lab2|Hours[0]                    ; |g31_lab2|Hours[0]                    ; out              ;
; |g31_lab2|Minutes[5]                  ; |g31_lab2|Minutes[5]                  ; out              ;
; |g31_lab2|Minutes[4]                  ; |g31_lab2|Minutes[4]                  ; out              ;
; |g31_lab2|Minutes[3]                  ; |g31_lab2|Minutes[3]                  ; out              ;
; |g31_lab2|Minutes[2]                  ; |g31_lab2|Minutes[2]                  ; out              ;
; |g31_lab2|Minutes[1]                  ; |g31_lab2|Minutes[1]                  ; out              ;
; |g31_lab2|Minutes[0]                  ; |g31_lab2|Minutes[0]                  ; out              ;
; |g31_lab2|Seconds[5]                  ; |g31_lab2|Seconds[5]                  ; out              ;
; |g31_lab2|Seconds[4]                  ; |g31_lab2|Seconds[4]                  ; out              ;
; |g31_lab2|Seconds[3]                  ; |g31_lab2|Seconds[3]                  ; out              ;
; |g31_lab2|Seconds[2]                  ; |g31_lab2|Seconds[2]                  ; out              ;
; |g31_lab2|Seconds[1]                  ; |g31_lab2|Seconds[1]                  ; out              ;
; |g31_lab2|Seconds[0]                  ; |g31_lab2|Seconds[0]                  ; out              ;
; |g31_lab2|g31_dayseconds:inst|Add0~0  ; |g31_lab2|g31_dayseconds:inst|Add0~0  ; out0             ;
; |g31_lab2|g31_dayseconds:inst|Add0~1  ; |g31_lab2|g31_dayseconds:inst|Add0~1  ; out0             ;
; |g31_lab2|g31_dayseconds:inst|Add0~2  ; |g31_lab2|g31_dayseconds:inst|Add0~2  ; out0             ;
; |g31_lab2|g31_dayseconds:inst|Add0~3  ; |g31_lab2|g31_dayseconds:inst|Add0~3  ; out0             ;
; |g31_lab2|g31_dayseconds:inst|Add0~4  ; |g31_lab2|g31_dayseconds:inst|Add0~4  ; out0             ;
; |g31_lab2|g31_dayseconds:inst|Add0~5  ; |g31_lab2|g31_dayseconds:inst|Add0~5  ; out0             ;
; |g31_lab2|g31_dayseconds:inst|Add0~6  ; |g31_lab2|g31_dayseconds:inst|Add0~6  ; out0             ;
; |g31_lab2|g31_dayseconds:inst|Add0~7  ; |g31_lab2|g31_dayseconds:inst|Add0~7  ; out0             ;
; |g31_lab2|g31_dayseconds:inst|Add0~8  ; |g31_lab2|g31_dayseconds:inst|Add0~8  ; out0             ;
; |g31_lab2|g31_dayseconds:inst|Add0~9  ; |g31_lab2|g31_dayseconds:inst|Add0~9  ; out0             ;
; |g31_lab2|g31_dayseconds:inst|Add0~10 ; |g31_lab2|g31_dayseconds:inst|Add0~10 ; out0             ;
; |g31_lab2|g31_dayseconds:inst|Add0~11 ; |g31_lab2|g31_dayseconds:inst|Add0~11 ; out0             ;
; |g31_lab2|g31_dayseconds:inst|Add0~12 ; |g31_lab2|g31_dayseconds:inst|Add0~12 ; out0             ;
; |g31_lab2|g31_dayseconds:inst|Add0~13 ; |g31_lab2|g31_dayseconds:inst|Add0~13 ; out0             ;
; |g31_lab2|g31_dayseconds:inst|Add0~14 ; |g31_lab2|g31_dayseconds:inst|Add0~14 ; out0             ;
; |g31_lab2|g31_dayseconds:inst|Add0~15 ; |g31_lab2|g31_dayseconds:inst|Add0~15 ; out0             ;
; |g31_lab2|g31_dayseconds:inst|Add0~16 ; |g31_lab2|g31_dayseconds:inst|Add0~16 ; out0             ;
; |g31_lab2|g31_dayseconds:inst|Add0~17 ; |g31_lab2|g31_dayseconds:inst|Add0~17 ; out0             ;
; |g31_lab2|g31_dayseconds:inst|Add0~18 ; |g31_lab2|g31_dayseconds:inst|Add0~18 ; out0             ;
; |g31_lab2|g31_dayseconds:inst|Add0~19 ; |g31_lab2|g31_dayseconds:inst|Add0~19 ; out0             ;
; |g31_lab2|g31_dayseconds:inst|Add0~20 ; |g31_lab2|g31_dayseconds:inst|Add0~20 ; out0             ;
; |g31_lab2|g31_dayseconds:inst|Add0~21 ; |g31_lab2|g31_dayseconds:inst|Add0~21 ; out0             ;
; |g31_lab2|g31_dayseconds:inst|Add0~22 ; |g31_lab2|g31_dayseconds:inst|Add0~22 ; out0             ;
; |g31_lab2|g31_dayseconds:inst|Add0~23 ; |g31_lab2|g31_dayseconds:inst|Add0~23 ; out0             ;
; |g31_lab2|g31_dayseconds:inst|Add0~24 ; |g31_lab2|g31_dayseconds:inst|Add0~24 ; out0             ;
; |g31_lab2|g31_dayseconds:inst|Add0~25 ; |g31_lab2|g31_dayseconds:inst|Add0~25 ; out0             ;
; |g31_lab2|g31_dayseconds:inst|Add0~26 ; |g31_lab2|g31_dayseconds:inst|Add0~26 ; out0             ;
; |g31_lab2|g31_dayseconds:inst|Add0~27 ; |g31_lab2|g31_dayseconds:inst|Add0~27 ; out0             ;
; |g31_lab2|g31_dayseconds:inst|Add0~28 ; |g31_lab2|g31_dayseconds:inst|Add0~28 ; out0             ;
; |g31_lab2|g31_dayseconds:inst|Add0~29 ; |g31_lab2|g31_dayseconds:inst|Add0~29 ; out0             ;
; |g31_lab2|g31_dayseconds:inst|Add0~30 ; |g31_lab2|g31_dayseconds:inst|Add0~30 ; out0             ;
; |g31_lab2|g31_dayseconds:inst|Add0~31 ; |g31_lab2|g31_dayseconds:inst|Add0~31 ; out0             ;
; |g31_lab2|g31_dayseconds:inst|Add0~33 ; |g31_lab2|g31_dayseconds:inst|Add0~33 ; out0             ;
; |g31_lab2|g31_dayseconds:inst|Add0~35 ; |g31_lab2|g31_dayseconds:inst|Add0~35 ; out0             ;
; |g31_lab2|g31_dayseconds:inst|Add0~37 ; |g31_lab2|g31_dayseconds:inst|Add0~37 ; out0             ;
; |g31_lab2|g31_dayseconds:inst|Add1~0  ; |g31_lab2|g31_dayseconds:inst|Add1~0  ; out0             ;
; |g31_lab2|g31_dayseconds:inst|Add1~1  ; |g31_lab2|g31_dayseconds:inst|Add1~1  ; out0             ;
; |g31_lab2|g31_dayseconds:inst|Add1~2  ; |g31_lab2|g31_dayseconds:inst|Add1~2  ; out0             ;
; |g31_lab2|g31_dayseconds:inst|Add1~3  ; |g31_lab2|g31_dayseconds:inst|Add1~3  ; out0             ;
; |g31_lab2|g31_dayseconds:inst|Add1~4  ; |g31_lab2|g31_dayseconds:inst|Add1~4  ; out0             ;
; |g31_lab2|g31_dayseconds:inst|Add1~5  ; |g31_lab2|g31_dayseconds:inst|Add1~5  ; out0             ;
; |g31_lab2|g31_dayseconds:inst|Add1~6  ; |g31_lab2|g31_dayseconds:inst|Add1~6  ; out0             ;
; |g31_lab2|g31_dayseconds:inst|Add1~7  ; |g31_lab2|g31_dayseconds:inst|Add1~7  ; out0             ;
; |g31_lab2|g31_dayseconds:inst|Add1~8  ; |g31_lab2|g31_dayseconds:inst|Add1~8  ; out0             ;
; |g31_lab2|g31_dayseconds:inst|Add1~9  ; |g31_lab2|g31_dayseconds:inst|Add1~9  ; out0             ;
; |g31_lab2|g31_dayseconds:inst|Add1~10 ; |g31_lab2|g31_dayseconds:inst|Add1~10 ; out0             ;
; |g31_lab2|g31_dayseconds:inst|Add1~11 ; |g31_lab2|g31_dayseconds:inst|Add1~11 ; out0             ;
; |g31_lab2|g31_dayseconds:inst|Add1~12 ; |g31_lab2|g31_dayseconds:inst|Add1~12 ; out0             ;
; |g31_lab2|g31_dayseconds:inst|Add1~13 ; |g31_lab2|g31_dayseconds:inst|Add1~13 ; out0             ;
; |g31_lab2|g31_dayseconds:inst|Add1~14 ; |g31_lab2|g31_dayseconds:inst|Add1~14 ; out0             ;
; |g31_lab2|g31_dayseconds:inst|Add1~15 ; |g31_lab2|g31_dayseconds:inst|Add1~15 ; out0             ;
; |g31_lab2|g31_dayseconds:inst|Add1~16 ; |g31_lab2|g31_dayseconds:inst|Add1~16 ; out0             ;
; |g31_lab2|g31_dayseconds:inst|Add1~17 ; |g31_lab2|g31_dayseconds:inst|Add1~17 ; out0             ;
; |g31_lab2|g31_dayseconds:inst|Add1~18 ; |g31_lab2|g31_dayseconds:inst|Add1~18 ; out0             ;
; |g31_lab2|g31_dayseconds:inst|Add1~19 ; |g31_lab2|g31_dayseconds:inst|Add1~19 ; out0             ;
; |g31_lab2|g31_dayseconds:inst|Add1~20 ; |g31_lab2|g31_dayseconds:inst|Add1~20 ; out0             ;
; |g31_lab2|g31_dayseconds:inst|Add1~21 ; |g31_lab2|g31_dayseconds:inst|Add1~21 ; out0             ;
; |g31_lab2|g31_dayseconds:inst|Add1~22 ; |g31_lab2|g31_dayseconds:inst|Add1~22 ; out0             ;
; |g31_lab2|g31_dayseconds:inst|Add1~23 ; |g31_lab2|g31_dayseconds:inst|Add1~23 ; out0             ;
; |g31_lab2|g31_dayseconds:inst|Add1~24 ; |g31_lab2|g31_dayseconds:inst|Add1~24 ; out0             ;
; |g31_lab2|g31_dayseconds:inst|Add1~25 ; |g31_lab2|g31_dayseconds:inst|Add1~25 ; out0             ;
; |g31_lab2|g31_dayseconds:inst|Add1~26 ; |g31_lab2|g31_dayseconds:inst|Add1~26 ; out0             ;
; |g31_lab2|g31_dayseconds:inst|Add1~27 ; |g31_lab2|g31_dayseconds:inst|Add1~27 ; out0             ;
; |g31_lab2|g31_dayseconds:inst|Add1~28 ; |g31_lab2|g31_dayseconds:inst|Add1~28 ; out0             ;
; |g31_lab2|g31_dayseconds:inst|Add1~29 ; |g31_lab2|g31_dayseconds:inst|Add1~29 ; out0             ;
; |g31_lab2|g31_dayseconds:inst|Add1~30 ; |g31_lab2|g31_dayseconds:inst|Add1~30 ; out0             ;
; |g31_lab2|g31_dayseconds:inst|Add1~31 ; |g31_lab2|g31_dayseconds:inst|Add1~31 ; out0             ;
; |g31_lab2|g31_dayseconds:inst|Add1~32 ; |g31_lab2|g31_dayseconds:inst|Add1~32 ; out0             ;
; |g31_lab2|g31_dayseconds:inst|Add1~33 ; |g31_lab2|g31_dayseconds:inst|Add1~33 ; out0             ;
; |g31_lab2|g31_dayseconds:inst|Add1~34 ; |g31_lab2|g31_dayseconds:inst|Add1~34 ; out0             ;
; |g31_lab2|g31_dayseconds:inst|Add1~35 ; |g31_lab2|g31_dayseconds:inst|Add1~35 ; out0             ;
; |g31_lab2|g31_dayseconds:inst|Add1~36 ; |g31_lab2|g31_dayseconds:inst|Add1~36 ; out0             ;
; |g31_lab2|g31_dayseconds:inst|Add1~37 ; |g31_lab2|g31_dayseconds:inst|Add1~37 ; out0             ;
; |g31_lab2|g31_dayseconds:inst|Add1~38 ; |g31_lab2|g31_dayseconds:inst|Add1~38 ; out0             ;
; |g31_lab2|g31_dayseconds:inst|Add1~39 ; |g31_lab2|g31_dayseconds:inst|Add1~39 ; out0             ;
; |g31_lab2|g31_dayseconds:inst|Add1~40 ; |g31_lab2|g31_dayseconds:inst|Add1~40 ; out0             ;
; |g31_lab2|g31_dayseconds:inst|Add1~41 ; |g31_lab2|g31_dayseconds:inst|Add1~41 ; out0             ;
; |g31_lab2|g31_dayseconds:inst|Add1~42 ; |g31_lab2|g31_dayseconds:inst|Add1~42 ; out0             ;
; |g31_lab2|g31_dayseconds:inst|Add1~43 ; |g31_lab2|g31_dayseconds:inst|Add1~43 ; out0             ;
; |g31_lab2|g31_dayseconds:inst|Add1~44 ; |g31_lab2|g31_dayseconds:inst|Add1~44 ; out0             ;
; |g31_lab2|g31_dayseconds:inst|Add1~45 ; |g31_lab2|g31_dayseconds:inst|Add1~45 ; out0             ;
; |g31_lab2|g31_dayseconds:inst|Add1~46 ; |g31_lab2|g31_dayseconds:inst|Add1~46 ; out0             ;
; |g31_lab2|g31_dayseconds:inst|Add1~47 ; |g31_lab2|g31_dayseconds:inst|Add1~47 ; out0             ;
; |g31_lab2|g31_dayseconds:inst|Add1~48 ; |g31_lab2|g31_dayseconds:inst|Add1~48 ; out0             ;
; |g31_lab2|g31_dayseconds:inst|Add1~49 ; |g31_lab2|g31_dayseconds:inst|Add1~49 ; out0             ;
; |g31_lab2|g31_dayseconds:inst|Add1~50 ; |g31_lab2|g31_dayseconds:inst|Add1~50 ; out0             ;
; |g31_lab2|g31_dayseconds:inst|Add1~51 ; |g31_lab2|g31_dayseconds:inst|Add1~51 ; out0             ;
; |g31_lab2|g31_dayseconds:inst|Add1~52 ; |g31_lab2|g31_dayseconds:inst|Add1~52 ; out0             ;
; |g31_lab2|g31_dayseconds:inst|Add2~0  ; |g31_lab2|g31_dayseconds:inst|Add2~0  ; out0             ;
; |g31_lab2|g31_dayseconds:inst|Add2~1  ; |g31_lab2|g31_dayseconds:inst|Add2~1  ; out0             ;
; |g31_lab2|g31_dayseconds:inst|Add2~2  ; |g31_lab2|g31_dayseconds:inst|Add2~2  ; out0             ;
; |g31_lab2|g31_dayseconds:inst|Add2~3  ; |g31_lab2|g31_dayseconds:inst|Add2~3  ; out0             ;
; |g31_lab2|g31_dayseconds:inst|Add2~4  ; |g31_lab2|g31_dayseconds:inst|Add2~4  ; out0             ;
; |g31_lab2|g31_dayseconds:inst|Add2~5  ; |g31_lab2|g31_dayseconds:inst|Add2~5  ; out0             ;
; |g31_lab2|g31_dayseconds:inst|Add2~6  ; |g31_lab2|g31_dayseconds:inst|Add2~6  ; out0             ;
; |g31_lab2|g31_dayseconds:inst|Add2~7  ; |g31_lab2|g31_dayseconds:inst|Add2~7  ; out0             ;
; |g31_lab2|g31_dayseconds:inst|Add2~8  ; |g31_lab2|g31_dayseconds:inst|Add2~8  ; out0             ;
; |g31_lab2|g31_dayseconds:inst|Add2~9  ; |g31_lab2|g31_dayseconds:inst|Add2~9  ; out0             ;
; |g31_lab2|g31_dayseconds:inst|Add2~10 ; |g31_lab2|g31_dayseconds:inst|Add2~10 ; out0             ;
; |g31_lab2|g31_dayseconds:inst|Add2~11 ; |g31_lab2|g31_dayseconds:inst|Add2~11 ; out0             ;
; |g31_lab2|g31_dayseconds:inst|Add2~12 ; |g31_lab2|g31_dayseconds:inst|Add2~12 ; out0             ;
; |g31_lab2|g31_dayseconds:inst|Add2~13 ; |g31_lab2|g31_dayseconds:inst|Add2~13 ; out0             ;
; |g31_lab2|g31_dayseconds:inst|Add2~14 ; |g31_lab2|g31_dayseconds:inst|Add2~14 ; out0             ;
; |g31_lab2|g31_dayseconds:inst|Add2~15 ; |g31_lab2|g31_dayseconds:inst|Add2~15 ; out0             ;
; |g31_lab2|g31_dayseconds:inst|Add2~16 ; |g31_lab2|g31_dayseconds:inst|Add2~16 ; out0             ;
; |g31_lab2|g31_dayseconds:inst|Add2~17 ; |g31_lab2|g31_dayseconds:inst|Add2~17 ; out0             ;
; |g31_lab2|g31_dayseconds:inst|Add2~18 ; |g31_lab2|g31_dayseconds:inst|Add2~18 ; out0             ;
; |g31_lab2|g31_dayseconds:inst|Add2~19 ; |g31_lab2|g31_dayseconds:inst|Add2~19 ; out0             ;
; |g31_lab2|g31_dayseconds:inst|Add2~20 ; |g31_lab2|g31_dayseconds:inst|Add2~20 ; out0             ;
; |g31_lab2|g31_dayseconds:inst|Add2~21 ; |g31_lab2|g31_dayseconds:inst|Add2~21 ; out0             ;
; |g31_lab2|g31_dayseconds:inst|Add2~22 ; |g31_lab2|g31_dayseconds:inst|Add2~22 ; out0             ;
; |g31_lab2|g31_dayseconds:inst|Add2~23 ; |g31_lab2|g31_dayseconds:inst|Add2~23 ; out0             ;
; |g31_lab2|g31_dayseconds:inst|Add2~24 ; |g31_lab2|g31_dayseconds:inst|Add2~24 ; out0             ;
; |g31_lab2|g31_dayseconds:inst|Add2~25 ; |g31_lab2|g31_dayseconds:inst|Add2~25 ; out0             ;
; |g31_lab2|g31_dayseconds:inst|Add2~26 ; |g31_lab2|g31_dayseconds:inst|Add2~26 ; out0             ;
; |g31_lab2|g31_dayseconds:inst|Add2~27 ; |g31_lab2|g31_dayseconds:inst|Add2~27 ; out0             ;
; |g31_lab2|g31_dayseconds:inst|Add2~28 ; |g31_lab2|g31_dayseconds:inst|Add2~28 ; out0             ;
; |g31_lab2|g31_dayseconds:inst|Add2~29 ; |g31_lab2|g31_dayseconds:inst|Add2~29 ; out0             ;
; |g31_lab2|g31_dayseconds:inst|Add2~30 ; |g31_lab2|g31_dayseconds:inst|Add2~30 ; out0             ;
; |g31_lab2|g31_dayseconds:inst|Add2~31 ; |g31_lab2|g31_dayseconds:inst|Add2~31 ; out0             ;
; |g31_lab2|g31_dayseconds:inst|Add2~32 ; |g31_lab2|g31_dayseconds:inst|Add2~32 ; out0             ;
; |g31_lab2|g31_dayseconds:inst|Add2~33 ; |g31_lab2|g31_dayseconds:inst|Add2~33 ; out0             ;
; |g31_lab2|g31_dayseconds:inst|Add2~34 ; |g31_lab2|g31_dayseconds:inst|Add2~34 ; out0             ;
; |g31_lab2|g31_dayseconds:inst|Add2~35 ; |g31_lab2|g31_dayseconds:inst|Add2~35 ; out0             ;
; |g31_lab2|g31_dayseconds:inst|Add2~36 ; |g31_lab2|g31_dayseconds:inst|Add2~36 ; out0             ;
; |g31_lab2|g31_dayseconds:inst|Add2~37 ; |g31_lab2|g31_dayseconds:inst|Add2~37 ; out0             ;
; |g31_lab2|g31_dayseconds:inst|Add2~38 ; |g31_lab2|g31_dayseconds:inst|Add2~38 ; out0             ;
; |g31_lab2|g31_dayseconds:inst|Add2~39 ; |g31_lab2|g31_dayseconds:inst|Add2~39 ; out0             ;
; |g31_lab2|g31_dayseconds:inst|Add2~40 ; |g31_lab2|g31_dayseconds:inst|Add2~40 ; out0             ;
; |g31_lab2|g31_dayseconds:inst|Add2~41 ; |g31_lab2|g31_dayseconds:inst|Add2~41 ; out0             ;
; |g31_lab2|g31_dayseconds:inst|Add2~42 ; |g31_lab2|g31_dayseconds:inst|Add2~42 ; out0             ;
; |g31_lab2|g31_dayseconds:inst|Add2~43 ; |g31_lab2|g31_dayseconds:inst|Add2~43 ; out0             ;
; |g31_lab2|g31_dayseconds:inst|Add2~44 ; |g31_lab2|g31_dayseconds:inst|Add2~44 ; out0             ;
; |g31_lab2|g31_dayseconds:inst|Add2~45 ; |g31_lab2|g31_dayseconds:inst|Add2~45 ; out0             ;
; |g31_lab2|g31_dayseconds:inst|Add2~46 ; |g31_lab2|g31_dayseconds:inst|Add2~46 ; out0             ;
; |g31_lab2|g31_dayseconds:inst|Add2~47 ; |g31_lab2|g31_dayseconds:inst|Add2~47 ; out0             ;
; |g31_lab2|g31_dayseconds:inst|Add2~48 ; |g31_lab2|g31_dayseconds:inst|Add2~48 ; out0             ;
; |g31_lab2|g31_dayseconds:inst|Add2~49 ; |g31_lab2|g31_dayseconds:inst|Add2~49 ; out0             ;
; |g31_lab2|g31_dayseconds:inst|Add2~50 ; |g31_lab2|g31_dayseconds:inst|Add2~50 ; out0             ;
; |g31_lab2|g31_dayseconds:inst|Add2~51 ; |g31_lab2|g31_dayseconds:inst|Add2~51 ; out0             ;
; |g31_lab2|g31_dayseconds:inst|Add2~52 ; |g31_lab2|g31_dayseconds:inst|Add2~52 ; out0             ;
; |g31_lab2|g31_dayseconds:inst|Add2~53 ; |g31_lab2|g31_dayseconds:inst|Add2~53 ; out0             ;
; |g31_lab2|g31_dayseconds:inst|Add2~56 ; |g31_lab2|g31_dayseconds:inst|Add2~56 ; out0             ;
; |g31_lab2|g31_dayseconds:inst|Add3~0  ; |g31_lab2|g31_dayseconds:inst|Add3~0  ; out0             ;
; |g31_lab2|g31_dayseconds:inst|Add3~1  ; |g31_lab2|g31_dayseconds:inst|Add3~1  ; out0             ;
; |g31_lab2|g31_dayseconds:inst|Add3~2  ; |g31_lab2|g31_dayseconds:inst|Add3~2  ; out0             ;
; |g31_lab2|g31_dayseconds:inst|Add3~3  ; |g31_lab2|g31_dayseconds:inst|Add3~3  ; out0             ;
; |g31_lab2|g31_dayseconds:inst|Add3~4  ; |g31_lab2|g31_dayseconds:inst|Add3~4  ; out0             ;
; |g31_lab2|g31_dayseconds:inst|Add3~5  ; |g31_lab2|g31_dayseconds:inst|Add3~5  ; out0             ;
; |g31_lab2|g31_dayseconds:inst|Add3~6  ; |g31_lab2|g31_dayseconds:inst|Add3~6  ; out0             ;
; |g31_lab2|g31_dayseconds:inst|Add3~7  ; |g31_lab2|g31_dayseconds:inst|Add3~7  ; out0             ;
; |g31_lab2|g31_dayseconds:inst|Add3~8  ; |g31_lab2|g31_dayseconds:inst|Add3~8  ; out0             ;
; |g31_lab2|g31_dayseconds:inst|Add3~9  ; |g31_lab2|g31_dayseconds:inst|Add3~9  ; out0             ;
; |g31_lab2|g31_dayseconds:inst|Add3~10 ; |g31_lab2|g31_dayseconds:inst|Add3~10 ; out0             ;
; |g31_lab2|g31_dayseconds:inst|Add3~11 ; |g31_lab2|g31_dayseconds:inst|Add3~11 ; out0             ;
; |g31_lab2|g31_dayseconds:inst|Add3~12 ; |g31_lab2|g31_dayseconds:inst|Add3~12 ; out0             ;
; |g31_lab2|g31_dayseconds:inst|Add3~13 ; |g31_lab2|g31_dayseconds:inst|Add3~13 ; out0             ;
; |g31_lab2|g31_dayseconds:inst|Add3~14 ; |g31_lab2|g31_dayseconds:inst|Add3~14 ; out0             ;
; |g31_lab2|g31_dayseconds:inst|Add3~15 ; |g31_lab2|g31_dayseconds:inst|Add3~15 ; out0             ;
; |g31_lab2|g31_dayseconds:inst|Add3~16 ; |g31_lab2|g31_dayseconds:inst|Add3~16 ; out0             ;
; |g31_lab2|g31_dayseconds:inst|Add3~17 ; |g31_lab2|g31_dayseconds:inst|Add3~17 ; out0             ;
; |g31_lab2|g31_dayseconds:inst|Add3~18 ; |g31_lab2|g31_dayseconds:inst|Add3~18 ; out0             ;
; |g31_lab2|g31_dayseconds:inst|Add3~19 ; |g31_lab2|g31_dayseconds:inst|Add3~19 ; out0             ;
; |g31_lab2|g31_dayseconds:inst|Add3~20 ; |g31_lab2|g31_dayseconds:inst|Add3~20 ; out0             ;
; |g31_lab2|g31_dayseconds:inst|Add3~21 ; |g31_lab2|g31_dayseconds:inst|Add3~21 ; out0             ;
; |g31_lab2|g31_dayseconds:inst|Add3~22 ; |g31_lab2|g31_dayseconds:inst|Add3~22 ; out0             ;
; |g31_lab2|g31_dayseconds:inst|Add3~23 ; |g31_lab2|g31_dayseconds:inst|Add3~23 ; out0             ;
; |g31_lab2|g31_dayseconds:inst|Add3~24 ; |g31_lab2|g31_dayseconds:inst|Add3~24 ; out0             ;
; |g31_lab2|g31_dayseconds:inst|Add3~25 ; |g31_lab2|g31_dayseconds:inst|Add3~25 ; out0             ;
; |g31_lab2|g31_dayseconds:inst|Add3~26 ; |g31_lab2|g31_dayseconds:inst|Add3~26 ; out0             ;
; |g31_lab2|g31_dayseconds:inst|Add3~27 ; |g31_lab2|g31_dayseconds:inst|Add3~27 ; out0             ;
; |g31_lab2|g31_dayseconds:inst|Add3~28 ; |g31_lab2|g31_dayseconds:inst|Add3~28 ; out0             ;
; |g31_lab2|g31_dayseconds:inst|Add3~29 ; |g31_lab2|g31_dayseconds:inst|Add3~29 ; out0             ;
; |g31_lab2|g31_dayseconds:inst|Add3~30 ; |g31_lab2|g31_dayseconds:inst|Add3~30 ; out0             ;
; |g31_lab2|g31_dayseconds:inst|Add3~31 ; |g31_lab2|g31_dayseconds:inst|Add3~31 ; out0             ;
; |g31_lab2|g31_dayseconds:inst|Add3~32 ; |g31_lab2|g31_dayseconds:inst|Add3~32 ; out0             ;
; |g31_lab2|g31_dayseconds:inst|Add3~33 ; |g31_lab2|g31_dayseconds:inst|Add3~33 ; out0             ;
; |g31_lab2|g31_dayseconds:inst|Add3~34 ; |g31_lab2|g31_dayseconds:inst|Add3~34 ; out0             ;
; |g31_lab2|g31_dayseconds:inst|Add3~35 ; |g31_lab2|g31_dayseconds:inst|Add3~35 ; out0             ;
; |g31_lab2|g31_dayseconds:inst|Add3~36 ; |g31_lab2|g31_dayseconds:inst|Add3~36 ; out0             ;
; |g31_lab2|g31_dayseconds:inst|Add3~37 ; |g31_lab2|g31_dayseconds:inst|Add3~37 ; out0             ;
; |g31_lab2|g31_dayseconds:inst|Add3~38 ; |g31_lab2|g31_dayseconds:inst|Add3~38 ; out0             ;
; |g31_lab2|g31_dayseconds:inst|Add3~39 ; |g31_lab2|g31_dayseconds:inst|Add3~39 ; out0             ;
; |g31_lab2|g31_dayseconds:inst|Add3~40 ; |g31_lab2|g31_dayseconds:inst|Add3~40 ; out0             ;
; |g31_lab2|g31_dayseconds:inst|Add3~41 ; |g31_lab2|g31_dayseconds:inst|Add3~41 ; out0             ;
; |g31_lab2|g31_dayseconds:inst|Add3~42 ; |g31_lab2|g31_dayseconds:inst|Add3~42 ; out0             ;
; |g31_lab2|g31_dayseconds:inst|Add3~43 ; |g31_lab2|g31_dayseconds:inst|Add3~43 ; out0             ;
; |g31_lab2|g31_dayseconds:inst|Add3~44 ; |g31_lab2|g31_dayseconds:inst|Add3~44 ; out0             ;
; |g31_lab2|g31_dayseconds:inst|Add3~45 ; |g31_lab2|g31_dayseconds:inst|Add3~45 ; out0             ;
; |g31_lab2|g31_dayseconds:inst|Add3~46 ; |g31_lab2|g31_dayseconds:inst|Add3~46 ; out0             ;
; |g31_lab2|g31_dayseconds:inst|Add3~47 ; |g31_lab2|g31_dayseconds:inst|Add3~47 ; out0             ;
; |g31_lab2|g31_dayseconds:inst|Add3~48 ; |g31_lab2|g31_dayseconds:inst|Add3~48 ; out0             ;
; |g31_lab2|g31_dayseconds:inst|Add3~49 ; |g31_lab2|g31_dayseconds:inst|Add3~49 ; out0             ;
; |g31_lab2|g31_dayseconds:inst|Add3~51 ; |g31_lab2|g31_dayseconds:inst|Add3~51 ; out0             ;
; |g31_lab2|g31_dayseconds:inst|Add3~52 ; |g31_lab2|g31_dayseconds:inst|Add3~52 ; out0             ;
; |g31_lab2|g31_dayseconds:inst|Add3~53 ; |g31_lab2|g31_dayseconds:inst|Add3~53 ; out0             ;
; |g31_lab2|g31_dayseconds:inst|Add4~0  ; |g31_lab2|g31_dayseconds:inst|Add4~0  ; out0             ;
; |g31_lab2|g31_dayseconds:inst|Add4~1  ; |g31_lab2|g31_dayseconds:inst|Add4~1  ; out0             ;
; |g31_lab2|g31_dayseconds:inst|Add4~2  ; |g31_lab2|g31_dayseconds:inst|Add4~2  ; out0             ;
; |g31_lab2|g31_dayseconds:inst|Add4~3  ; |g31_lab2|g31_dayseconds:inst|Add4~3  ; out0             ;
; |g31_lab2|g31_dayseconds:inst|Add4~4  ; |g31_lab2|g31_dayseconds:inst|Add4~4  ; out0             ;
; |g31_lab2|g31_dayseconds:inst|Add4~5  ; |g31_lab2|g31_dayseconds:inst|Add4~5  ; out0             ;
; |g31_lab2|g31_dayseconds:inst|Add4~6  ; |g31_lab2|g31_dayseconds:inst|Add4~6  ; out0             ;
; |g31_lab2|g31_dayseconds:inst|Add4~7  ; |g31_lab2|g31_dayseconds:inst|Add4~7  ; out0             ;
; |g31_lab2|g31_dayseconds:inst|Add4~8  ; |g31_lab2|g31_dayseconds:inst|Add4~8  ; out0             ;
; |g31_lab2|g31_dayseconds:inst|Add4~9  ; |g31_lab2|g31_dayseconds:inst|Add4~9  ; out0             ;
; |g31_lab2|g31_dayseconds:inst|Add4~10 ; |g31_lab2|g31_dayseconds:inst|Add4~10 ; out0             ;
; |g31_lab2|g31_dayseconds:inst|Add4~11 ; |g31_lab2|g31_dayseconds:inst|Add4~11 ; out0             ;
; |g31_lab2|g31_dayseconds:inst|Add4~12 ; |g31_lab2|g31_dayseconds:inst|Add4~12 ; out0             ;
; |g31_lab2|g31_dayseconds:inst|Add4~13 ; |g31_lab2|g31_dayseconds:inst|Add4~13 ; out0             ;
; |g31_lab2|g31_dayseconds:inst|Add4~14 ; |g31_lab2|g31_dayseconds:inst|Add4~14 ; out0             ;
; |g31_lab2|g31_dayseconds:inst|Add4~15 ; |g31_lab2|g31_dayseconds:inst|Add4~15 ; out0             ;
; |g31_lab2|g31_dayseconds:inst|Add4~16 ; |g31_lab2|g31_dayseconds:inst|Add4~16 ; out0             ;
; |g31_lab2|g31_dayseconds:inst|Add4~17 ; |g31_lab2|g31_dayseconds:inst|Add4~17 ; out0             ;
; |g31_lab2|g31_dayseconds:inst|Add4~18 ; |g31_lab2|g31_dayseconds:inst|Add4~18 ; out0             ;
; |g31_lab2|g31_dayseconds:inst|Add4~19 ; |g31_lab2|g31_dayseconds:inst|Add4~19 ; out0             ;
; |g31_lab2|g31_dayseconds:inst|Add4~20 ; |g31_lab2|g31_dayseconds:inst|Add4~20 ; out0             ;
; |g31_lab2|g31_dayseconds:inst|Add4~21 ; |g31_lab2|g31_dayseconds:inst|Add4~21 ; out0             ;
; |g31_lab2|g31_dayseconds:inst|Add4~22 ; |g31_lab2|g31_dayseconds:inst|Add4~22 ; out0             ;
; |g31_lab2|g31_dayseconds:inst|Add4~23 ; |g31_lab2|g31_dayseconds:inst|Add4~23 ; out0             ;
; |g31_lab2|g31_dayseconds:inst|Add4~24 ; |g31_lab2|g31_dayseconds:inst|Add4~24 ; out0             ;
; |g31_lab2|g31_dayseconds:inst|Add4~25 ; |g31_lab2|g31_dayseconds:inst|Add4~25 ; out0             ;
; |g31_lab2|g31_dayseconds:inst|Add4~26 ; |g31_lab2|g31_dayseconds:inst|Add4~26 ; out0             ;
; |g31_lab2|g31_dayseconds:inst|Add5~0  ; |g31_lab2|g31_dayseconds:inst|Add5~0  ; out0             ;
; |g31_lab2|g31_dayseconds:inst|Add5~1  ; |g31_lab2|g31_dayseconds:inst|Add5~1  ; out0             ;
; |g31_lab2|g31_dayseconds:inst|Add5~2  ; |g31_lab2|g31_dayseconds:inst|Add5~2  ; out0             ;
; |g31_lab2|g31_dayseconds:inst|Add5~3  ; |g31_lab2|g31_dayseconds:inst|Add5~3  ; out0             ;
; |g31_lab2|g31_dayseconds:inst|Add5~4  ; |g31_lab2|g31_dayseconds:inst|Add5~4  ; out0             ;
; |g31_lab2|g31_dayseconds:inst|Add5~5  ; |g31_lab2|g31_dayseconds:inst|Add5~5  ; out0             ;
; |g31_lab2|g31_dayseconds:inst|Add5~6  ; |g31_lab2|g31_dayseconds:inst|Add5~6  ; out0             ;
; |g31_lab2|g31_dayseconds:inst|Add5~7  ; |g31_lab2|g31_dayseconds:inst|Add5~7  ; out0             ;
; |g31_lab2|g31_dayseconds:inst|Add5~8  ; |g31_lab2|g31_dayseconds:inst|Add5~8  ; out0             ;
; |g31_lab2|g31_dayseconds:inst|Add5~9  ; |g31_lab2|g31_dayseconds:inst|Add5~9  ; out0             ;
; |g31_lab2|g31_dayseconds:inst|Add5~10 ; |g31_lab2|g31_dayseconds:inst|Add5~10 ; out0             ;
; |g31_lab2|g31_dayseconds:inst|Add5~11 ; |g31_lab2|g31_dayseconds:inst|Add5~11 ; out0             ;
; |g31_lab2|g31_dayseconds:inst|Add5~12 ; |g31_lab2|g31_dayseconds:inst|Add5~12 ; out0             ;
; |g31_lab2|g31_dayseconds:inst|Add5~13 ; |g31_lab2|g31_dayseconds:inst|Add5~13 ; out0             ;
; |g31_lab2|g31_dayseconds:inst|Add5~14 ; |g31_lab2|g31_dayseconds:inst|Add5~14 ; out0             ;
; |g31_lab2|g31_dayseconds:inst|Add5~15 ; |g31_lab2|g31_dayseconds:inst|Add5~15 ; out0             ;
; |g31_lab2|g31_dayseconds:inst|Add5~16 ; |g31_lab2|g31_dayseconds:inst|Add5~16 ; out0             ;
; |g31_lab2|g31_dayseconds:inst|Add5~17 ; |g31_lab2|g31_dayseconds:inst|Add5~17 ; out0             ;
; |g31_lab2|g31_dayseconds:inst|Add5~18 ; |g31_lab2|g31_dayseconds:inst|Add5~18 ; out0             ;
; |g31_lab2|g31_dayseconds:inst|Add5~19 ; |g31_lab2|g31_dayseconds:inst|Add5~19 ; out0             ;
; |g31_lab2|g31_dayseconds:inst|Add5~20 ; |g31_lab2|g31_dayseconds:inst|Add5~20 ; out0             ;
; |g31_lab2|g31_dayseconds:inst|Add5~21 ; |g31_lab2|g31_dayseconds:inst|Add5~21 ; out0             ;
; |g31_lab2|g31_dayseconds:inst|Add6~0  ; |g31_lab2|g31_dayseconds:inst|Add6~0  ; out0             ;
; |g31_lab2|g31_dayseconds:inst|Add6~1  ; |g31_lab2|g31_dayseconds:inst|Add6~1  ; out0             ;
; |g31_lab2|g31_dayseconds:inst|Add6~2  ; |g31_lab2|g31_dayseconds:inst|Add6~2  ; out0             ;
; |g31_lab2|g31_dayseconds:inst|Add6~3  ; |g31_lab2|g31_dayseconds:inst|Add6~3  ; out0             ;
; |g31_lab2|g31_dayseconds:inst|Add6~4  ; |g31_lab2|g31_dayseconds:inst|Add6~4  ; out0             ;
; |g31_lab2|g31_dayseconds:inst|Add6~5  ; |g31_lab2|g31_dayseconds:inst|Add6~5  ; out0             ;
; |g31_lab2|g31_dayseconds:inst|Add6~6  ; |g31_lab2|g31_dayseconds:inst|Add6~6  ; out0             ;
; |g31_lab2|g31_dayseconds:inst|Add6~7  ; |g31_lab2|g31_dayseconds:inst|Add6~7  ; out0             ;
; |g31_lab2|g31_dayseconds:inst|Add6~8  ; |g31_lab2|g31_dayseconds:inst|Add6~8  ; out0             ;
; |g31_lab2|g31_dayseconds:inst|Add6~9  ; |g31_lab2|g31_dayseconds:inst|Add6~9  ; out0             ;
; |g31_lab2|g31_dayseconds:inst|Add6~10 ; |g31_lab2|g31_dayseconds:inst|Add6~10 ; out0             ;
; |g31_lab2|g31_dayseconds:inst|Add6~11 ; |g31_lab2|g31_dayseconds:inst|Add6~11 ; out0             ;
; |g31_lab2|g31_dayseconds:inst|Add6~12 ; |g31_lab2|g31_dayseconds:inst|Add6~12 ; out0             ;
; |g31_lab2|g31_dayseconds:inst|Add6~13 ; |g31_lab2|g31_dayseconds:inst|Add6~13 ; out0             ;
; |g31_lab2|g31_dayseconds:inst|Add6~14 ; |g31_lab2|g31_dayseconds:inst|Add6~14 ; out0             ;
; |g31_lab2|g31_dayseconds:inst|Add6~15 ; |g31_lab2|g31_dayseconds:inst|Add6~15 ; out0             ;
; |g31_lab2|g31_dayseconds:inst|Add6~16 ; |g31_lab2|g31_dayseconds:inst|Add6~16 ; out0             ;
; |g31_lab2|g31_dayseconds:inst|Add6~17 ; |g31_lab2|g31_dayseconds:inst|Add6~17 ; out0             ;
; |g31_lab2|g31_dayseconds:inst|Add6~18 ; |g31_lab2|g31_dayseconds:inst|Add6~18 ; out0             ;
; |g31_lab2|g31_dayseconds:inst|Add6~19 ; |g31_lab2|g31_dayseconds:inst|Add6~19 ; out0             ;
; |g31_lab2|g31_dayseconds:inst|Add6~20 ; |g31_lab2|g31_dayseconds:inst|Add6~20 ; out0             ;
; |g31_lab2|g31_dayseconds:inst|Add6~21 ; |g31_lab2|g31_dayseconds:inst|Add6~21 ; out0             ;
; |g31_lab2|g31_dayseconds:inst|Add7~0  ; |g31_lab2|g31_dayseconds:inst|Add7~0  ; out0             ;
; |g31_lab2|g31_dayseconds:inst|Add7~1  ; |g31_lab2|g31_dayseconds:inst|Add7~1  ; out0             ;
; |g31_lab2|g31_dayseconds:inst|Add7~2  ; |g31_lab2|g31_dayseconds:inst|Add7~2  ; out0             ;
; |g31_lab2|g31_dayseconds:inst|Add7~3  ; |g31_lab2|g31_dayseconds:inst|Add7~3  ; out0             ;
; |g31_lab2|g31_dayseconds:inst|Add7~4  ; |g31_lab2|g31_dayseconds:inst|Add7~4  ; out0             ;
; |g31_lab2|g31_dayseconds:inst|Add7~5  ; |g31_lab2|g31_dayseconds:inst|Add7~5  ; out0             ;
; |g31_lab2|g31_dayseconds:inst|Add7~6  ; |g31_lab2|g31_dayseconds:inst|Add7~6  ; out0             ;
; |g31_lab2|g31_dayseconds:inst|Add7~7  ; |g31_lab2|g31_dayseconds:inst|Add7~7  ; out0             ;
; |g31_lab2|g31_dayseconds:inst|Add7~8  ; |g31_lab2|g31_dayseconds:inst|Add7~8  ; out0             ;
; |g31_lab2|g31_dayseconds:inst|Add7~9  ; |g31_lab2|g31_dayseconds:inst|Add7~9  ; out0             ;
; |g31_lab2|g31_dayseconds:inst|Add7~10 ; |g31_lab2|g31_dayseconds:inst|Add7~10 ; out0             ;
; |g31_lab2|g31_dayseconds:inst|Add7~11 ; |g31_lab2|g31_dayseconds:inst|Add7~11 ; out0             ;
; |g31_lab2|g31_dayseconds:inst|Add7~12 ; |g31_lab2|g31_dayseconds:inst|Add7~12 ; out0             ;
; |g31_lab2|g31_dayseconds:inst|Add7~13 ; |g31_lab2|g31_dayseconds:inst|Add7~13 ; out0             ;
; |g31_lab2|g31_dayseconds:inst|Add7~14 ; |g31_lab2|g31_dayseconds:inst|Add7~14 ; out0             ;
; |g31_lab2|g31_dayseconds:inst|Add7~15 ; |g31_lab2|g31_dayseconds:inst|Add7~15 ; out0             ;
; |g31_lab2|g31_dayseconds:inst|Add7~16 ; |g31_lab2|g31_dayseconds:inst|Add7~16 ; out0             ;
; |g31_lab2|g31_dayseconds:inst|Add7~17 ; |g31_lab2|g31_dayseconds:inst|Add7~17 ; out0             ;
; |g31_lab2|g31_dayseconds:inst|Add7~18 ; |g31_lab2|g31_dayseconds:inst|Add7~18 ; out0             ;
+---------------------------------------+---------------------------------------+------------------+


The following table displays output ports that do not toggle to 1 during simulation.
+--------------------------------------------------------------------------------------------------+
; Missing 1-Value Coverage                                                                         ;
+---------------------------------------+---------------------------------------+------------------+
; Node Name                             ; Output Port Name                      ; Output Port Type ;
+---------------------------------------+---------------------------------------+------------------+
; |g31_lab2|g31_dayseconds:inst|Add0~32 ; |g31_lab2|g31_dayseconds:inst|Add0~32 ; out0             ;
; |g31_lab2|g31_dayseconds:inst|Add0~34 ; |g31_lab2|g31_dayseconds:inst|Add0~34 ; out0             ;
; |g31_lab2|g31_dayseconds:inst|Add0~36 ; |g31_lab2|g31_dayseconds:inst|Add0~36 ; out0             ;
; |g31_lab2|g31_dayseconds:inst|Add2~54 ; |g31_lab2|g31_dayseconds:inst|Add2~54 ; out0             ;
; |g31_lab2|g31_dayseconds:inst|Add2~55 ; |g31_lab2|g31_dayseconds:inst|Add2~55 ; out0             ;
; |g31_lab2|g31_dayseconds:inst|Add3~50 ; |g31_lab2|g31_dayseconds:inst|Add3~50 ; out0             ;
+---------------------------------------+---------------------------------------+------------------+


The following table displays output ports that do not toggle to 0 during simulation.
+--------------------------------------------------------------------------------------------------+
; Missing 0-Value Coverage                                                                         ;
+---------------------------------------+---------------------------------------+------------------+
; Node Name                             ; Output Port Name                      ; Output Port Type ;
+---------------------------------------+---------------------------------------+------------------+
; |g31_lab2|g31_dayseconds:inst|Add0~32 ; |g31_lab2|g31_dayseconds:inst|Add0~32 ; out0             ;
; |g31_lab2|g31_dayseconds:inst|Add0~34 ; |g31_lab2|g31_dayseconds:inst|Add0~34 ; out0             ;
; |g31_lab2|g31_dayseconds:inst|Add0~36 ; |g31_lab2|g31_dayseconds:inst|Add0~36 ; out0             ;
; |g31_lab2|g31_dayseconds:inst|Add2~54 ; |g31_lab2|g31_dayseconds:inst|Add2~54 ; out0             ;
; |g31_lab2|g31_dayseconds:inst|Add2~55 ; |g31_lab2|g31_dayseconds:inst|Add2~55 ; out0             ;
; |g31_lab2|g31_dayseconds:inst|Add3~50 ; |g31_lab2|g31_dayseconds:inst|Add3~50 ; out0             ;
+---------------------------------------+---------------------------------------+------------------+


+---------------------+
; Simulator INI Usage ;
+--------+------------+
; Option ; Usage      ;
+--------+------------+


+--------------------+
; Simulator Messages ;
+--------------------+
Info: *******************************************************************
Info: Running Quartus II Simulator
    Info: Version 9.1 Build 350 03/24/2010 Service Pack 2 SJ Web Edition
    Info: Processing started: Sat Jan 25 21:09:15 2014
Info: Command: quartus_sim --read_settings_files=on --write_settings_files=off g31_lab2 -c g31_lab2
Info: Using vector source file "C:/altera/DSDLabs/Lab2/g31_DaySeconds.vwf"
Info: Overwriting simulation input file with simulation results
    Info: A backup of g31_DaySeconds.vwf called g31_lab2.sim_ori.vwf has been created in the db folder
Info: Option to preserve fewer signal transitions to reduce memory requirements is enabled
    Info: Simulation has been partitioned into sub-simulations according to the maximum transition count determined by the engine. Transitions from memory will be flushed out to disk at the end of each sub-simulation to reduce memory requirements.
Info: Simulation partitioned into 1 sub-simulations
Info: Simulation coverage is      98.16 %
Info: Number of transitions in simulation is 39619271
Info: Vector file g31_DaySeconds.vwf is saved in VWF text format. You can compress it into CVWF format in order to reduce file size. For more details please refer to the Quartus II Help.
Info: Quartus II Simulator was successful. 0 errors, 0 warnings
    Info: Peak virtual memory: 151 megabytes
    Info: Processing ended: Sat Jan 25 21:09:51 2014
    Info: Elapsed time: 00:00:36
    Info: Total CPU time (on all processors): 00:00:36


