Classic Timing Analyzer report for g31_seven_segment_decoder
Mon Feb 10 13:51:19 2014
Quartus II 64-Bit Version 9.1 Build 350 03/24/2010 Service Pack 2 SJ Full Version


---------------------
; Table of Contents ;
---------------------
  1. Legal Notice
  2. Timing Analyzer Summary
  3. Timing Analyzer Settings
  4. Parallel Compilation
  5. tpd
  6. Timing Analyzer Messages



----------------
; Legal Notice ;
----------------
Copyright (C) 1991-2010 Altera Corporation
Your use of Altera Corporation's design tools, logic functions 
and other software and tools, and its AMPP partner logic 
functions, and any output files from any of the foregoing 
(including device programming or simulation files), and any 
associated documentation or information are expressly subject 
to the terms and conditions of the Altera Program License 
Subscription Agreement, Altera MegaCore Function License 
Agreement, or other applicable license agreement, including, 
without limitation, that your use is for the sole purpose of 
programming logic devices manufactured by Altera and sold by 
Altera or its authorized distributors.  Please refer to the 
applicable agreement for further details.



+---------------------------------------------------------------------------------------------------------------------------------------+
; Timing Analyzer Summary                                                                                                               ;
+------------------------------+-------+---------------+-------------+---------+-----------------+------------+----------+--------------+
; Type                         ; Slack ; Required Time ; Actual Time ; From    ; To              ; From Clock ; To Clock ; Failed Paths ;
+------------------------------+-------+---------------+-------------+---------+-----------------+------------+----------+--------------+
; Worst-case tpd               ; N/A   ; None          ; 8.785 ns    ; code[1] ; RippleBlank_Out ; --         ; --       ; 0            ;
; Total number of failed paths ;       ;               ;             ;         ;                 ;            ;          ; 0            ;
+------------------------------+-------+---------------+-------------+---------+-----------------+------------+----------+--------------+


+-----------------------------------------------------------------------------------------------------------------------------------------------------+
; Timing Analyzer Settings                                                                                                                            ;
+------------------------------------------------------------------------------------------------------+--------------------+------+----+-------------+
; Option                                                                                               ; Setting            ; From ; To ; Entity Name ;
+------------------------------------------------------------------------------------------------------+--------------------+------+----+-------------+
; Device Name                                                                                          ; EP2C20F484C7       ;      ;    ;             ;
; Timing Models                                                                                        ; Final              ;      ;    ;             ;
; Default hold multicycle                                                                              ; Same as Multicycle ;      ;    ;             ;
; Cut paths between unrelated clock domains                                                            ; On                 ;      ;    ;             ;
; Cut off read during write signal paths                                                               ; On                 ;      ;    ;             ;
; Cut off feedback from I/O pins                                                                       ; On                 ;      ;    ;             ;
; Report Combined Fast/Slow Timing                                                                     ; Off                ;      ;    ;             ;
; Ignore Clock Settings                                                                                ; Off                ;      ;    ;             ;
; Analyze latches as synchronous elements                                                              ; On                 ;      ;    ;             ;
; Enable Recovery/Removal analysis                                                                     ; Off                ;      ;    ;             ;
; Enable Clock Latency                                                                                 ; Off                ;      ;    ;             ;
; Use TimeQuest Timing Analyzer                                                                        ; Off                ;      ;    ;             ;
; Minimum Core Junction Temperature                                                                    ; 0                  ;      ;    ;             ;
; Maximum Core Junction Temperature                                                                    ; 85                 ;      ;    ;             ;
; Number of source nodes to report per destination node                                                ; 10                 ;      ;    ;             ;
; Number of destination nodes to report                                                                ; 10                 ;      ;    ;             ;
; Number of paths to report                                                                            ; 200                ;      ;    ;             ;
; Report Minimum Timing Checks                                                                         ; Off                ;      ;    ;             ;
; Use Fast Timing Models                                                                               ; Off                ;      ;    ;             ;
; Report IO Paths Separately                                                                           ; Off                ;      ;    ;             ;
; Perform Multicorner Analysis                                                                         ; On                 ;      ;    ;             ;
; Reports the worst-case path for each clock domain and analysis                                       ; Off                ;      ;    ;             ;
; Reports worst-case timing paths for each clock domain and analysis                                   ; On                 ;      ;    ;             ;
; Specifies the maximum number of worst-case timing paths to report for each clock domain and analysis ; 100                ;      ;    ;             ;
; Removes common clock path pessimism (CCPP) during slack computation                                  ; Off                ;      ;    ;             ;
; Output I/O Timing Endpoint                                                                           ; Near End           ;      ;    ;             ;
+------------------------------------------------------------------------------------------------------+--------------------+------+----+-------------+


+------------------------------------------+
; Parallel Compilation                     ;
+----------------------------+-------------+
; Processors                 ; Number      ;
+----------------------------+-------------+
; Number detected on machine ; 4           ;
; Maximum allowed            ; 4           ;
;                            ;             ;
; Average used               ; 1.00        ;
; Maximum used               ; 1           ;
;                            ;             ;
; Usage by Processor         ; % Time Used ;
;     1 processor            ; 100.0%      ;
;     2-4 processors         ;   0.0%      ;
+----------------------------+-------------+


+--------------------------------------------------------------------------------+
; tpd                                                                            ;
+-------+-------------------+-----------------+----------------+-----------------+
; Slack ; Required P2P Time ; Actual P2P Time ; From           ; To              ;
+-------+-------------------+-----------------+----------------+-----------------+
; N/A   ; None              ; 8.785 ns        ; code[1]        ; RippleBlank_Out ;
; N/A   ; None              ; 8.727 ns        ; code[0]        ; segments[5]     ;
; N/A   ; None              ; 8.684 ns        ; code[0]        ; segments[3]     ;
; N/A   ; None              ; 8.674 ns        ; code[0]        ; segments[2]     ;
; N/A   ; None              ; 8.663 ns        ; code[0]        ; segments[4]     ;
; N/A   ; None              ; 8.656 ns        ; code[2]        ; RippleBlank_Out ;
; N/A   ; None              ; 8.580 ns        ; code[1]        ; segments[5]     ;
; N/A   ; None              ; 8.574 ns        ; RippleBlank_In ; segments[5]     ;
; N/A   ; None              ; 8.560 ns        ; code[1]        ; segments[4]     ;
; N/A   ; None              ; 8.555 ns        ; RippleBlank_In ; segments[4]     ;
; N/A   ; None              ; 8.548 ns        ; code[0]        ; segments[1]     ;
; N/A   ; None              ; 8.541 ns        ; RippleBlank_In ; segments[3]     ;
; N/A   ; None              ; 8.531 ns        ; RippleBlank_In ; segments[2]     ;
; N/A   ; None              ; 8.531 ns        ; code[1]        ; segments[3]     ;
; N/A   ; None              ; 8.528 ns        ; code[1]        ; segments[2]     ;
; N/A   ; None              ; 8.342 ns        ; code[3]        ; segments[1]     ;
; N/A   ; None              ; 8.318 ns        ; code[0]        ; RippleBlank_Out ;
; N/A   ; None              ; 8.230 ns        ; code[2]        ; segments[5]     ;
; N/A   ; None              ; 8.224 ns        ; code[3]        ; RippleBlank_Out ;
; N/A   ; None              ; 8.214 ns        ; code[2]        ; segments[4]     ;
; N/A   ; None              ; 8.207 ns        ; code[2]        ; segments[3]     ;
; N/A   ; None              ; 8.177 ns        ; code[0]        ; segments[0]     ;
; N/A   ; None              ; 8.094 ns        ; code[0]        ; segments[6]     ;
; N/A   ; None              ; 8.011 ns        ; code[1]        ; segments[1]     ;
; N/A   ; None              ; 7.896 ns        ; code[3]        ; segments[5]     ;
; N/A   ; None              ; 7.886 ns        ; code[3]        ; segments[6]     ;
; N/A   ; None              ; 7.865 ns        ; code[3]        ; segments[3]     ;
; N/A   ; None              ; 7.864 ns        ; code[2]        ; segments[1]     ;
; N/A   ; None              ; 7.856 ns        ; code[3]        ; segments[4]     ;
; N/A   ; None              ; 7.840 ns        ; code[3]        ; segments[2]     ;
; N/A   ; None              ; 7.826 ns        ; RippleBlank_In ; segments[0]     ;
; N/A   ; None              ; 7.784 ns        ; RippleBlank_In ; RippleBlank_Out ;
; N/A   ; None              ; 7.719 ns        ; code[3]        ; segments[0]     ;
; N/A   ; None              ; 7.557 ns        ; code[1]        ; segments[6]     ;
; N/A   ; None              ; 7.485 ns        ; code[2]        ; segments[0]     ;
; N/A   ; None              ; 7.407 ns        ; code[2]        ; segments[6]     ;
; N/A   ; None              ; 7.395 ns        ; code[2]        ; segments[2]     ;
; N/A   ; None              ; 7.390 ns        ; RippleBlank_In ; segments[1]     ;
; N/A   ; None              ; 7.363 ns        ; code[1]        ; segments[0]     ;
+-------+-------------------+-----------------+----------------+-----------------+


+--------------------------+
; Timing Analyzer Messages ;
+--------------------------+
Info: *******************************************************************
Info: Running Quartus II 64-Bit Classic Timing Analyzer
    Info: Version 9.1 Build 350 03/24/2010 Service Pack 2 SJ Full Version
    Info: Processing started: Mon Feb 10 13:51:19 2014
Info: Command: quartus_tan --read_settings_files=off --write_settings_files=off g31_seven_segment_decoder -c g31_seven_segment_decoder --timing_analysis_only
Info: Parallel compilation is enabled and will use 4 of the 4 processors detected
Info: Longest tpd from source pin "code[1]" to destination pin "RippleBlank_Out" is 8.785 ns
    Info: 1: + IC(0.000 ns) + CELL(1.026 ns) = 1.026 ns; Loc. = PIN_L21; Fanout = 9; PIN Node = 'code[1]'
    Info: 2: + IC(2.208 ns) + CELL(0.322 ns) = 3.556 ns; Loc. = LCCOMB_X4_Y18_N0; Fanout = 2; COMB Node = 'g31_seven_segment_decoder:inst|Mux0~0'
    Info: 3: + IC(0.341 ns) + CELL(0.477 ns) = 4.374 ns; Loc. = LCCOMB_X4_Y18_N10; Fanout = 1; COMB Node = 'g31_seven_segment_decoder:inst|Mux0~1'
    Info: 4: + IC(1.405 ns) + CELL(3.006 ns) = 8.785 ns; Loc. = PIN_B5; Fanout = 0; PIN Node = 'RippleBlank_Out'
    Info: Total cell delay = 4.831 ns ( 54.99 % )
    Info: Total interconnect delay = 3.954 ns ( 45.01 % )
Info: Quartus II 64-Bit Classic Timing Analyzer was successful. 0 errors, 0 warnings
    Info: Peak virtual memory: 216 megabytes
    Info: Processing ended: Mon Feb 10 13:51:19 2014
    Info: Elapsed time: 00:00:00
    Info: Total CPU time (on all processors): 00:00:00


