Analysis & Synthesis report for g31_lab3-1
Mon Feb 17 15:21:34 2014
Quartus II 64-Bit Version 9.1 Build 350 03/24/2010 Service Pack 2 SJ Full Version


---------------------
; Table of Contents ;
---------------------
  1. Legal Notice
  2. Analysis & Synthesis Summary
  3. Analysis & Synthesis Settings
  4. Parallel Compilation
  5. Analysis & Synthesis Source Files Read
  6. Analysis & Synthesis Resource Usage Summary
  7. Analysis & Synthesis Resource Utilization by Entity
  8. General Register Statistics
  9. Source assignments for LPM_COUNTER:counter
 10. Parameter Settings for User Entity Instance: LPM_CONSTANT:const
 11. Parameter Settings for User Entity Instance: LPM_COUNTER:counter
 12. Parameter Settings for User Entity Instance: LPM_OR:orGate
 13. Analysis & Synthesis Messages



----------------
; Legal Notice ;
----------------
Copyright (C) 1991-2010 Altera Corporation
Your use of Altera Corporation's design tools, logic functions 
and other software and tools, and its AMPP partner logic 
functions, and any output files from any of the foregoing 
(including device programming or simulation files), and any 
associated documentation or information are expressly subject 
to the terms and conditions of the Altera Program License 
Subscription Agreement, Altera MegaCore Function License 
Agreement, or other applicable license agreement, including, 
without limitation, that your use is for the sole purpose of 
programming logic devices manufactured by Altera and sold by 
Altera or its authorized distributors.  Please refer to the 
applicable agreement for further details.



+------------------------------------------------------------------------------------+
; Analysis & Synthesis Summary                                                       ;
+------------------------------------+-----------------------------------------------+
; Analysis & Synthesis Status        ; Successful - Mon Feb 17 15:21:34 2014         ;
; Quartus II 64-Bit Version          ; 9.1 Build 350 03/24/2010 SP 2 SJ Full Version ;
; Revision Name                      ; g31_lab3-1                                    ;
; Top-level Entity Name              ; g31_epulse                                    ;
; Family                             ; Cyclone II                                    ;
; Total logic elements               ; 39                                            ;
;     Total combinational functions  ; 39                                            ;
;     Dedicated logic registers      ; 27                                            ;
; Total registers                    ; 27                                            ;
; Total pins                         ; 4                                             ;
; Total virtual pins                 ; 0                                             ;
; Total memory bits                  ; 0                                             ;
; Embedded Multiplier 9-bit elements ; 0                                             ;
; Total PLLs                         ; 0                                             ;
+------------------------------------+-----------------------------------------------+


+----------------------------------------------------------------------------------------------------------------------+
; Analysis & Synthesis Settings                                                                                        ;
+----------------------------------------------------------------------------+--------------------+--------------------+
; Option                                                                     ; Setting            ; Default Value      ;
+----------------------------------------------------------------------------+--------------------+--------------------+
; Device                                                                     ; EP2C20F484C7       ;                    ;
; Top-level entity name                                                      ; g31_epulse         ; g31_lab3-1         ;
; Family name                                                                ; Cyclone II         ; Stratix II         ;
; Use Generated Physical Constraints File                                    ; Off                ;                    ;
; Use smart compilation                                                      ; Off                ; Off                ;
; Enable parallel Assembler and TimeQuest Timing Analyzer during compilation ; On                 ; On                 ;
; Enable compact report table                                                ; Off                ; Off                ;
; Restructure Multiplexers                                                   ; Auto               ; Auto               ;
; Create Debugging Nodes for IP Cores                                        ; Off                ; Off                ;
; Preserve fewer node names                                                  ; On                 ; On                 ;
; Disable OpenCore Plus hardware evaluation                                  ; Off                ; Off                ;
; Verilog Version                                                            ; Verilog_2001       ; Verilog_2001       ;
; VHDL Version                                                               ; VHDL_1993          ; VHDL_1993          ;
; State Machine Processing                                                   ; Auto               ; Auto               ;
; Safe State Machine                                                         ; Off                ; Off                ;
; Extract Verilog State Machines                                             ; On                 ; On                 ;
; Extract VHDL State Machines                                                ; On                 ; On                 ;
; Ignore Verilog initial constructs                                          ; Off                ; Off                ;
; Iteration limit for constant Verilog loops                                 ; 5000               ; 5000               ;
; Iteration limit for non-constant Verilog loops                             ; 250                ; 250                ;
; Add Pass-Through Logic to Inferred RAMs                                    ; On                 ; On                 ;
; Parallel Synthesis                                                         ; On                 ; On                 ;
; DSP Block Balancing                                                        ; Auto               ; Auto               ;
; NOT Gate Push-Back                                                         ; On                 ; On                 ;
; Power-Up Don't Care                                                        ; On                 ; On                 ;
; Remove Redundant Logic Cells                                               ; Off                ; Off                ;
; Remove Duplicate Registers                                                 ; On                 ; On                 ;
; Ignore CARRY Buffers                                                       ; Off                ; Off                ;
; Ignore CASCADE Buffers                                                     ; Off                ; Off                ;
; Ignore GLOBAL Buffers                                                      ; Off                ; Off                ;
; Ignore ROW GLOBAL Buffers                                                  ; Off                ; Off                ;
; Ignore LCELL Buffers                                                       ; Off                ; Off                ;
; Ignore SOFT Buffers                                                        ; On                 ; On                 ;
; Limit AHDL Integers to 32 Bits                                             ; Off                ; Off                ;
; Optimization Technique                                                     ; Balanced           ; Balanced           ;
; Carry Chain Length                                                         ; 70                 ; 70                 ;
; Auto Carry Chains                                                          ; On                 ; On                 ;
; Auto Open-Drain Pins                                                       ; On                 ; On                 ;
; Perform WYSIWYG Primitive Resynthesis                                      ; Off                ; Off                ;
; Auto ROM Replacement                                                       ; On                 ; On                 ;
; Auto RAM Replacement                                                       ; On                 ; On                 ;
; Auto Shift Register Replacement                                            ; Auto               ; Auto               ;
; Auto Clock Enable Replacement                                              ; On                 ; On                 ;
; Strict RAM Replacement                                                     ; Off                ; Off                ;
; Allow Synchronous Control Signals                                          ; On                 ; On                 ;
; Force Use of Synchronous Clear Signals                                     ; Off                ; Off                ;
; Auto RAM to Logic Cell Conversion                                          ; Off                ; Off                ;
; Auto Resource Sharing                                                      ; Off                ; Off                ;
; Allow Any RAM Size For Recognition                                         ; Off                ; Off                ;
; Allow Any ROM Size For Recognition                                         ; Off                ; Off                ;
; Allow Any Shift Register Size For Recognition                              ; Off                ; Off                ;
; Use LogicLock Constraints during Resource Balancing                        ; On                 ; On                 ;
; Ignore translate_off and synthesis_off directives                          ; Off                ; Off                ;
; Timing-Driven Synthesis                                                    ; Off                ; Off                ;
; Show Parameter Settings Tables in Synthesis Report                         ; On                 ; On                 ;
; Ignore Maximum Fan-Out Assignments                                         ; Off                ; Off                ;
; Synchronization Register Chain Length                                      ; 2                  ; 2                  ;
; PowerPlay Power Optimization                                               ; Normal compilation ; Normal compilation ;
; HDL message level                                                          ; Level2             ; Level2             ;
; Suppress Register Optimization Related Messages                            ; Off                ; Off                ;
; Number of Removed Registers Reported in Synthesis Report                   ; 5000               ; 5000               ;
; Number of Inverted Registers Reported in Synthesis Report                  ; 100                ; 100                ;
; Clock MUX Protection                                                       ; On                 ; On                 ;
; Auto Gated Clock Conversion                                                ; Off                ; Off                ;
; Block Design Naming                                                        ; Auto               ; Auto               ;
; SDC constraint protection                                                  ; Off                ; Off                ;
; Synthesis Effort                                                           ; Auto               ; Auto               ;
; Shift Register Replacement - Allow Asynchronous Clear Signal               ; On                 ; On                 ;
; Analysis & Synthesis Message Level                                         ; Medium             ; Medium             ;
; Disable Register Merging Across Hierarchies                                ; Auto               ; Auto               ;
; Resource Aware Inference For Block RAM                                     ; On                 ; On                 ;
+----------------------------------------------------------------------------+--------------------+--------------------+


+------------------------------------------+
; Parallel Compilation                     ;
+----------------------------+-------------+
; Processors                 ; Number      ;
+----------------------------+-------------+
; Number detected on machine ; 4           ;
; Maximum allowed            ; 4           ;
;                            ;             ;
; Average used               ; 1.00        ;
; Maximum used               ; 1           ;
;                            ;             ;
; Usage by Processor         ; % Time Used ;
;     1 processor            ; 100.0%      ;
;     2-4 processors         ;   0.0%      ;
+----------------------------+-------------+


+------------------------------------------------------------------------------------------------------------------------------------------------------+
; Analysis & Synthesis Source Files Read                                                                                                               ;
+----------------------------------+-----------------+------------------------------+------------------------------------------------------------------+
; File Name with User-Entered Path ; Used in Netlist ; File Type                    ; File Name with Absolute Path                                     ;
+----------------------------------+-----------------+------------------------------+------------------------------------------------------------------+
; g31_epulse.vhd                   ; yes             ; User VHDL File               ; C:/altera/g31_lab3.1/g31_epulse.vhd                              ;
; lpm_constant.tdf                 ; yes             ; Megafunction                 ; c:/altera/91sp2/quartus/libraries/megafunctions/lpm_constant.tdf ;
; lpm_counter.tdf                  ; yes             ; Megafunction                 ; c:/altera/91sp2/quartus/libraries/megafunctions/lpm_counter.tdf  ;
; db/cntr_bhj.tdf                  ; yes             ; Auto-Generated Megafunction  ; C:/altera/g31_lab3.1/db/cntr_bhj.tdf                             ;
; lpm_or.tdf                       ; yes             ; Megafunction                 ; c:/altera/91sp2/quartus/libraries/megafunctions/lpm_or.tdf       ;
+----------------------------------+-----------------+------------------------------+------------------------------------------------------------------+


+------------------------------------------------------+
; Analysis & Synthesis Resource Usage Summary          ;
+---------------------------------------------+--------+
; Resource                                    ; Usage  ;
+---------------------------------------------+--------+
; Estimated Total logic elements              ; 39     ;
;                                             ;        ;
; Total combinational functions               ; 39     ;
; Logic element usage by number of LUT inputs ;        ;
;     -- 4 input functions                    ; 9      ;
;     -- 3 input functions                    ; 1      ;
;     -- <=2 input functions                  ; 29     ;
;                                             ;        ;
; Logic elements by mode                      ;        ;
;     -- normal mode                          ; 13     ;
;     -- arithmetic mode                      ; 26     ;
;                                             ;        ;
; Total registers                             ; 27     ;
;     -- Dedicated logic registers            ; 27     ;
;     -- I/O registers                        ; 0      ;
;                                             ;        ;
; I/O pins                                    ; 4      ;
; Maximum fan-out node                        ; comb~0 ;
; Maximum fan-out                             ; 28     ;
; Total fan-out                               ; 212    ;
; Average fan-out                             ; 3.03   ;
+---------------------------------------------+--------+


+----------------------------------------------------------------------------------------------------------------------------------------------------------------------------------------------------------------------+
; Analysis & Synthesis Resource Utilization by Entity                                                                                                                                                                  ;
+---------------------------------+-------------------+--------------+-------------+--------------+---------+-----------+------+--------------+---------------------------------------------------------+--------------+
; Compilation Hierarchy Node      ; LC Combinationals ; LC Registers ; Memory Bits ; DSP Elements ; DSP 9x9 ; DSP 18x18 ; Pins ; Virtual Pins ; Full Hierarchy Name                                     ; Library Name ;
+---------------------------------+-------------------+--------------+-------------+--------------+---------+-----------+------+--------------+---------------------------------------------------------+--------------+
; |g31_epulse                     ; 39 (2)            ; 27 (0)       ; 0           ; 0            ; 0       ; 0         ; 4    ; 0            ; |g31_epulse                                             ; work         ;
;    |lpm_counter:counter|        ; 28 (0)            ; 27 (0)       ; 0           ; 0            ; 0       ; 0         ; 0    ; 0            ; |g31_epulse|lpm_counter:counter                         ; work         ;
;       |cntr_bhj:auto_generated| ; 28 (28)           ; 27 (27)      ; 0           ; 0            ; 0       ; 0         ; 0    ; 0            ; |g31_epulse|lpm_counter:counter|cntr_bhj:auto_generated ; work         ;
;    |lpm_or:orGate|              ; 9 (9)             ; 0 (0)        ; 0           ; 0            ; 0       ; 0         ; 0    ; 0            ; |g31_epulse|lpm_or:orGate                               ; work         ;
+---------------------------------+-------------------+--------------+-------------+--------------+---------+-----------+------+--------------+---------------------------------------------------------+--------------+
Note: For table entries with two numbers listed, the numbers in parentheses indicate the number of resources of the given type used by the specific entity alone. The numbers listed outside of parentheses indicate the total resources of the given type used by the specific entity and all of its sub-entities in the hierarchy.


+------------------------------------------------------+
; General Register Statistics                          ;
+----------------------------------------------+-------+
; Statistic                                    ; Value ;
+----------------------------------------------+-------+
; Total registers                              ; 27    ;
; Number of registers using Synchronous Clear  ; 0     ;
; Number of registers using Synchronous Load   ; 27    ;
; Number of registers using Asynchronous Clear ; 0     ;
; Number of registers using Asynchronous Load  ; 0     ;
; Number of registers using Clock Enable       ; 27    ;
; Number of registers using Preset             ; 0     ;
+----------------------------------------------+-------+


+-----------------------------------------------+
; Source assignments for LPM_COUNTER:counter    ;
+---------------------------+-------+------+----+
; Assignment                ; Value ; From ; To ;
+---------------------------+-------+------+----+
; SUPPRESS_DA_RULE_INTERNAL ; a101  ; -    ; -  ;
; SUPPRESS_DA_RULE_INTERNAL ; s102  ; -    ; -  ;
; SUPPRESS_DA_RULE_INTERNAL ; s103  ; -    ; -  ;
+---------------------------+-------+------+----+


+-----------------------------------------------------------------+
; Parameter Settings for User Entity Instance: LPM_CONSTANT:const ;
+--------------------+------------------+-------------------------+
; Parameter Name     ; Value            ; Type                    ;
+--------------------+------------------+-------------------------+
; LPM_WIDTH          ; 27               ; Signed Integer          ;
; LPM_CVALUE         ; 49999999         ; Signed Integer          ;
; ENABLE_RUNTIME_MOD ; NO               ; Untyped                 ;
; CBXI_PARAMETER     ; lpm_constant_go4 ; Untyped                 ;
+--------------------+------------------+-------------------------+
Note: In order to hide this table in the UI and the text report file, please set the "Show Parameter Settings Tables in Synthesis Report" option in "Analysis and Synthesis Settings -> More Settings" to "Off".


+------------------------------------------------------------------+
; Parameter Settings for User Entity Instance: LPM_COUNTER:counter ;
+------------------------+-------------------+---------------------+
; Parameter Name         ; Value             ; Type                ;
+------------------------+-------------------+---------------------+
; AUTO_CARRY_CHAINS      ; ON                ; AUTO_CARRY          ;
; IGNORE_CARRY_BUFFERS   ; OFF               ; IGNORE_CARRY        ;
; AUTO_CASCADE_CHAINS    ; ON                ; AUTO_CASCADE        ;
; IGNORE_CASCADE_BUFFERS ; OFF               ; IGNORE_CASCADE      ;
; LPM_WIDTH              ; 27                ; Signed Integer      ;
; LPM_DIRECTION          ; DEFAULT           ; Untyped             ;
; LPM_MODULUS            ; 0                 ; Signed Integer      ;
; LPM_AVALUE             ; UNUSED            ; Untyped             ;
; LPM_SVALUE             ; UNUSED            ; Untyped             ;
; LPM_PORT_UPDOWN        ; PORT_CONNECTIVITY ; Untyped             ;
; DEVICE_FAMILY          ; Cyclone II        ; Untyped             ;
; CARRY_CHAIN            ; MANUAL            ; Untyped             ;
; CARRY_CHAIN_LENGTH     ; 48                ; CARRY_CHAIN_LENGTH  ;
; NOT_GATE_PUSH_BACK     ; ON                ; NOT_GATE_PUSH_BACK  ;
; CARRY_CNT_EN           ; SMART             ; Untyped             ;
; LABWIDE_SCLR           ; ON                ; Untyped             ;
; USE_NEW_VERSION        ; TRUE              ; Untyped             ;
; CBXI_PARAMETER         ; cntr_bhj          ; Untyped             ;
+------------------------+-------------------+---------------------+
Note: In order to hide this table in the UI and the text report file, please set the "Show Parameter Settings Tables in Synthesis Report" option in "Analysis and Synthesis Settings -> More Settings" to "Off".


+------------------------------------------------------------+
; Parameter Settings for User Entity Instance: LPM_OR:orGate ;
+------------------------+------------+----------------------+
; Parameter Name         ; Value      ; Type                 ;
+------------------------+------------+----------------------+
; AUTO_CARRY_CHAINS      ; ON         ; AUTO_CARRY           ;
; IGNORE_CARRY_BUFFERS   ; OFF        ; IGNORE_CARRY         ;
; AUTO_CASCADE_CHAINS    ; ON         ; AUTO_CASCADE         ;
; IGNORE_CASCADE_BUFFERS ; OFF        ; IGNORE_CASCADE       ;
; LPM_WIDTH              ; 1          ; Signed Integer       ;
; LPM_SIZE               ; 27         ; Signed Integer       ;
; CARRY_CHAIN_LENGTH     ; 48         ; CARRY_CHAIN_LENGTH   ;
; CARRY_CHAIN            ; MANUAL     ; Untyped              ;
; CASCADE_CHAIN          ; MANUAL     ; Untyped              ;
; DEVICE_FAMILY          ; Cyclone II ; Untyped              ;
+------------------------+------------+----------------------+
Note: In order to hide this table in the UI and the text report file, please set the "Show Parameter Settings Tables in Synthesis Report" option in "Analysis and Synthesis Settings -> More Settings" to "Off".


+-------------------------------+
; Analysis & Synthesis Messages ;
+-------------------------------+
Info: *******************************************************************
Info: Running Quartus II 64-Bit Analysis & Synthesis
    Info: Version 9.1 Build 350 03/24/2010 Service Pack 2 SJ Full Version
    Info: Processing started: Mon Feb 17 15:21:33 2014
Info: Command: quartus_map --read_settings_files=on --write_settings_files=off g31_lab3-1 -c g31_lab3-1
Info: Parallel compilation is enabled and will use 4 of the 4 processors detected
Info: Found 2 design units, including 1 entities, in source file g31_epulse.vhd
    Info: Found design unit 1: g31_epulse-a
    Info: Found entity 1: g31_epulse
Info: Elaborating entity "g31_epulse" for the top level hierarchy
Info: Elaborating entity "LPM_CONSTANT" for hierarchy "LPM_CONSTANT:const"
Info: Elaborated megafunction instantiation "LPM_CONSTANT:const"
Info: Instantiated megafunction "LPM_CONSTANT:const" with the following parameter:
    Info: Parameter "LPM_WIDTH" = "27"
    Info: Parameter "LPM_CVALUE" = "49999999"
    Info: Parameter "LPM_STRENGTH" = "UNUSED"
    Info: Parameter "LPM_TYPE" = "LPM_CONSTANT"
    Info: Parameter "LPM_HINT" = "UNUSED"
Info: Elaborating entity "LPM_COUNTER" for hierarchy "LPM_COUNTER:counter"
Info: Elaborated megafunction instantiation "LPM_COUNTER:counter"
Info: Instantiated megafunction "LPM_COUNTER:counter" with the following parameter:
    Info: Parameter "LPM_WIDTH" = "27"
    Info: Parameter "LPM_MODULUS" = "0"
    Info: Parameter "LPM_DIRECTION" = "UNUSED"
    Info: Parameter "LPM_AVALUE" = "UNUSED"
    Info: Parameter "LPM_SVALUE" = "UNUSED"
    Info: Parameter "LPM_PORT_UPDOWN" = "PORT_CONNECTIVITY"
    Info: Parameter "LPM_PVALUE" = "UNUSED"
    Info: Parameter "LPM_TYPE" = "LPM_COUNTER"
    Info: Parameter "LPM_HINT" = "UNUSED"
Info: Found 1 design units, including 1 entities, in source file db/cntr_bhj.tdf
    Info: Found entity 1: cntr_bhj
Info: Elaborating entity "cntr_bhj" for hierarchy "LPM_COUNTER:counter|cntr_bhj:auto_generated"
Info: Elaborating entity "LPM_OR" for hierarchy "LPM_OR:orGate"
Info: Elaborated megafunction instantiation "LPM_OR:orGate"
Info: Instantiated megafunction "LPM_OR:orGate" with the following parameter:
    Info: Parameter "LPM_WIDTH" = "1"
    Info: Parameter "LPM_SIZE" = "27"
    Info: Parameter "LPM_TYPE" = "LPM_OR"
    Info: Parameter "LPM_HINT" = "UNUSED"
Info: Implemented 43 device resources after synthesis - the final resource count might be different
    Info: Implemented 3 input pins
    Info: Implemented 1 output pins
    Info: Implemented 39 logic cells
Info: Quartus II 64-Bit Analysis & Synthesis was successful. 0 errors, 0 warnings
    Info: Peak virtual memory: 317 megabytes
    Info: Processing ended: Mon Feb 17 15:21:34 2014
    Info: Elapsed time: 00:00:01
    Info: Total CPU time (on all processors): 00:00:01


